#
# There is insufficient memory for the Java Runtime Environment to continue.
# Native memory allocation (malloc) failed to allocate 1647856 bytes for Chunk::new
# Possible reasons:
#   The system is out of physical RAM or swap space
#   In 32 bit mode, the process size limit was hit
# Possible solutions:
#   Reduce memory load on the system
#   Increase physical memory or swap space
#   Check if swap backing store is full
#   Use 64 bit Java on a 64 bit OS
#   Decrease Java heap size (-Xmx/-Xms)
#   Decrease number of Java threads
#   Decrease Java thread stack sizes (-Xss)
#   Set larger code cache with -XX:ReservedCodeCacheSize=
# This output file may be truncated or incomplete.
#
#  Out of Memory Error (allocation.cpp:390), pid=8440, tid=11068
#
# JRE version: Java(TM) SE Runtime Environment (8.0_73-b02) (build 1.8.0_73-b02)
# Java VM: Java HotSpot(TM) 64-Bit Server VM (25.73-b02 mixed mode windows-amd64 compressed oops)
# Failed to write core dump. Minidumps are not enabled by default on client versions of Windows
#

---------------  T H R E A D  ---------------

Current thread (0x00000000560fa000):  JavaThread "C2 CompilerThread0" daemon [_thread_in_native, id=11068, stack(0x00000000567b0000,0x00000000568b0000)]

Stack: [0x00000000567b0000,0x00000000568b0000]
[error occurred during error reporting (printing stack bounds), id 0xc0000005]

Native frames: (J=compiled Java code, j=interpreted, Vv=VM code, C=native code)


Current CompileTask:
C2:   4846 1937   !   4       com.android.dx.cf.cst.ConstantPoolParser::parse0 (731 bytes)


---------------  P R O C E S S  ---------------

Java Threads: ( => current thread )
  0x000000005641b000 JavaThread "pool-1-thread-4" [_thread_blocked, id=5868, stack(0x00000000575b0000,0x00000000576b0000)]
  0x0000000056439800 JavaThread "pool-1-thread-3" [_thread_blocked, id=8700, stack(0x0000000057440000,0x0000000057540000)]
  0x0000000056438800 JavaThread "pool-1-thread-2" [_thread_blocked, id=4616, stack(0x00000000572a0000,0x00000000573a0000)]
  0x0000000056314800 JavaThread "pool-2-thread-1" [_thread_blocked, id=7312, stack(0x00000000570c0000,0x00000000571c0000)]
  0x0000000056314000 JavaThread "pool-1-thread-1" [_thread_in_Java, id=9084, stack(0x0000000056f10000,0x0000000057010000)]
  0x0000000056180800 JavaThread "Service Thread" daemon [_thread_blocked, id=3728, stack(0x0000000056bf0000,0x0000000056cf0000)]
  0x0000000054d1b000 JavaThread "C1 CompilerThread2" daemon [_thread_in_native, id=6996, stack(0x0000000056a70000,0x0000000056b70000)]
  0x0000000054d1a000 JavaThread "C2 CompilerThread1" daemon [_thread_blocked, id=11252, stack(0x0000000056940000,0x0000000056a40000)]
=>0x00000000560fa000 JavaThread "C2 CompilerThread0" daemon [_thread_in_native, id=11068, stack(0x00000000567b0000,0x00000000568b0000)]
  0x00000000560ec800 JavaThread "Attach Listener" daemon [_thread_blocked, id=9576, stack(0x0000000055c10000,0x0000000055d10000)]
  0x0000000054d09800 JavaThread "Signal Dispatcher" daemon [_thread_blocked, id=6656, stack(0x00000000565a0000,0x00000000566a0000)]
  0x0000000054cb0800 JavaThread "Finalizer" daemon [_thread_blocked, id=10688, stack(0x0000000055fe0000,0x00000000560e0000)]
  0x0000000054caf800 JavaThread "Reference Handler" daemon [_thread_blocked, id=9004, stack(0x0000000055ec0000,0x0000000055fc0000)]
  0x00000000020ae800 JavaThread "main" [_thread_blocked, id=1172, stack(0x00000000022a0000,0x00000000023a0000)]

Other Threads:
  0x0000000054caa000 VMThread [stack: 0x0000000055d50000,0x0000000055e50000] [id=5936]
  0x000000005618f000 WatcherThread [stack: 0x0000000056cf0000,0x0000000056df0000] [id=10432]

VM state:not at safepoint (normal execution)

VM Mutex/Monitor currently owned by a thread: None

Heap:
 PSYoungGen      total 71680K, used 48042K [0x00000000eab00000, 0x00000000ef600000, 0x0000000100000000)
  eden space 66560K, 64% used [0x00000000eab00000,0x00000000ed4f10a0,0x00000000eec00000)
  from space 5120K, 99% used [0x00000000ef100000,0x00000000ef5f9b40,0x00000000ef600000)
  to   space 5120K, 0% used [0x00000000eec00000,0x00000000eec00000,0x00000000ef100000)
 ParOldGen       total 87552K, used 6144K [0x00000000c0000000, 0x00000000c5580000, 0x00000000eab00000)
  object space 87552K, 7% used [0x00000000c0000000,0x00000000c0600370,0x00000000c5580000)
 Metaspace       used 6275K, capacity 7092K, committed 7296K, reserved 1056768K
  class space    used 607K, capacity 620K, committed 640K, reserved 1048576K

Card table byte_map: [0x0000000011760000,0x0000000011970000] byte_map_base: 0x0000000011160000

Marking Bits: (ParMarkBitMap*) 0x000000006b460600
 Begin Bits: [0x0000000012120000, 0x0000000013120000)
 End Bits:   [0x0000000013120000, 0x0000000014120000)

Polling page: 0x00000000001b0000

CodeCache: size=245760Kb used=8812Kb max_used=8818Kb free=236947Kb
 bounds [0x00000000023a0000, 0x0000000002c50000, 0x00000000113a0000]
 total_blobs=2201 nmethods=1929 adapters=184
 compilation: enabled

Compilation events (10 events):
Event: 4.831 Thread 0x0000000054d1a000 1952       4       com.android.dx.ssa.SCCP::simulateStmt (481 bytes)
Event: 4.834 Thread 0x0000000054d1b000 nmethod 1948 0x0000000002c2c850 code [0x0000000002c2d720, 0x0000000002c38f68]
Event: 4.834 Thread 0x0000000054d1b000 1951       3       com.android.dx.cf.code.BaseMachine::storeResults (90 bytes)
Event: 4.834 Thread 0x0000000054d1b000 nmethod 1951 0x0000000002c2b6d0 code [0x0000000002c2b8c0, 0x0000000002c2c348]
Event: 4.834 Thread 0x0000000054d1b000 1950       3       com.android.dx.rop.code.ThrowingInsn::withNewRegisters (21 bytes)
Event: 4.834 Thread 0x0000000054d1b000 nmethod 1950 0x0000000002c28590 code [0x0000000002c28700, 0x0000000002c28a08]
Event: 4.834 Thread 0x0000000054d1b000 1949       3       com.android.dx.rop.type.StdTypeList::equalContents (56 bytes)
Event: 4.835 Thread 0x0000000054d1b000 nmethod 1949 0x0000000002c2a990 code [0x0000000002c2ab60, 0x0000000002c2b408]
Event: 4.837 Thread 0x0000000054d1a000 nmethod 1952 0x0000000002c3f390 code [0x0000000002c3f660, 0x0000000002c3fdd0]
Event: 4.837 Thread 0x0000000054d1a000 1953       4       com.android.dx.ssa.SsaBasicBlock::exitBlockFixup (58 bytes)

GC Heap History (4 events):
Event: 0.813 GC heap before
{Heap before GC invocations=1 (full 0):
 PSYoungGen      total 38400K, used 33280K [0x00000000eab00000, 0x00000000ed580000, 0x0000000100000000)
  eden space 33280K, 100% used [0x00000000eab00000,0x00000000ecb80000,0x00000000ecb80000)
  from space 5120K, 0% used [0x00000000ed080000,0x00000000ed080000,0x00000000ed580000)
  to   space 5120K, 0% used [0x00000000ecb80000,0x00000000ecb80000,0x00000000ed080000)
 ParOldGen       total 87552K, used 0K [0x00000000c0000000, 0x00000000c5580000, 0x00000000eab00000)
  object space 87552K, 0% used [0x00000000c0000000,0x00000000c0000000,0x00000000c5580000)
 Metaspace       used 5864K, capacity 6772K, committed 7040K, reserved 1056768K
  class space    used 604K, capacity 620K, committed 640K, reserved 1048576K
Event: 0.839 GC heap after
Heap after GC invocations=1 (full 0):
 PSYoungGen      total 38400K, used 5103K [0x00000000eab00000, 0x00000000ef600000, 0x0000000100000000)
  eden space 33280K, 0% used [0x00000000eab00000,0x00000000eab00000,0x00000000ecb80000)
  from space 5120K, 99% used [0x00000000ecb80000,0x00000000ed07bc80,0x00000000ed080000)
  to   space 5120K, 0% used [0x00000000ef100000,0x00000000ef100000,0x00000000ef600000)
 ParOldGen       total 87552K, used 2080K [0x00000000c0000000, 0x00000000c5580000, 0x00000000eab00000)
  object space 87552K, 2% used [0x00000000c0000000,0x00000000c02083a0,0x00000000c5580000)
 Metaspace       used 5864K, capacity 6772K, committed 7040K, reserved 1056768K
  class space    used 604K, capacity 620K, committed 640K, reserved 1048576K
}
Event: 1.569 GC heap before
{Heap before GC invocations=2 (full 0):
 PSYoungGen      total 38400K, used 38383K [0x00000000eab00000, 0x00000000ef600000, 0x0000000100000000)
  eden space 33280K, 100% used [0x00000000eab00000,0x00000000ecb80000,0x00000000ecb80000)
  from space 5120K, 99% used [0x00000000ecb80000,0x00000000ed07bc80,0x00000000ed080000)
  to   space 5120K, 0% used [0x00000000ef100000,0x00000000ef100000,0x00000000ef600000)
 ParOldGen       total 87552K, used 2080K [0x00000000c0000000, 0x00000000c5580000, 0x00000000eab00000)
  object space 87552K, 2% used [0x00000000c0000000,0x00000000c02083a0,0x00000000c5580000)
 Metaspace       used 6187K, capacity 7028K, committed 7296K, reserved 1056768K
  class space    used 606K, capacity 620K, committed 640K, reserved 1048576K
Event: 1.608 GC heap after
Heap after GC invocations=2 (full 0):
 PSYoungGen      total 71680K, used 5094K [0x00000000eab00000, 0x00000000ef600000, 0x0000000100000000)
  eden space 66560K, 0% used [0x00000000eab00000,0x00000000eab00000,0x00000000eec00000)
  from space 5120K, 99% used [0x00000000ef100000,0x00000000ef5f9b40,0x00000000ef600000)
  to   space 5120K, 0% used [0x00000000eec00000,0x00000000eec00000,0x00000000ef100000)
 ParOldGen       total 87552K, used 6144K [0x00000000c0000000, 0x00000000c5580000, 0x00000000eab00000)
  object space 87552K, 7% used [0x00000000c0000000,0x00000000c0600370,0x00000000c5580000)
 Metaspace       used 6187K, capacity 7028K, committed 7296K, reserved 1056768K
  class space    used 606K, capacity 620K, committed 640K, reserved 1048576K
}

Deoptimization events (10 events):
Event: 3.709 Thread 0x0000000056438800 Uncommon trap: reason=bimorphic action=maybe_recompile pc=0x0000000002b409c0 method=com.android.dx.cf.code.BytecodeArray.parseInstruction(ILcom/android/dx/cf/code/BytecodeArray$Visitor;)I @ 1597
Event: 3.914 Thread 0x0000000056438800 Uncommon trap: reason=unstable_if action=reinterpret pc=0x00000000027c49b4 method=com.android.dx.ssa.SCCP.simulateStmt(Lcom/android/dx/ssa/SsaInsn;)V @ 59
Event: 3.914 Thread 0x0000000056438800 Uncommon trap: reason=bimorphic action=maybe_recompile pc=0x0000000002aef3cc method=com.android.dx.ssa.SCCP.simulatePhi(Lcom/android/dx/ssa/PhiInsn;)V @ 124
Event: 3.915 Thread 0x0000000056438800 Uncommon trap: reason=uninitialized action=reinterpret pc=0x0000000002b9d520 method=com.android.dx.cf.code.BytecodeArray.parseInstruction(ILcom/android/dx/cf/code/BytecodeArray$Visitor;)I @ 1095
Event: 3.915 Thread 0x0000000056438800 Uncommon trap: reason=bimorphic action=maybe_recompile pc=0x0000000002aef3cc method=com.android.dx.ssa.SCCP.simulatePhi(Lcom/android/dx/ssa/PhiInsn;)V @ 124
Event: 3.920 Thread 0x0000000056438800 Uncommon trap: reason=class_check action=maybe_recompile pc=0x0000000002add134 method=com.android.dx.cf.code.Ropper.processBlock(Lcom/android/dx/cf/code/ByteBlock;Lcom/android/dx/cf/code/Frame;[I)V @ 777
Event: 3.920 Thread 0x0000000056438800 Uncommon trap: reason=bimorphic action=maybe_recompile pc=0x0000000002aef3cc method=com.android.dx.ssa.SCCP.simulatePhi(Lcom/android/dx/ssa/PhiInsn;)V @ 124
Event: 3.921 Thread 0x0000000056438800 Uncommon trap: reason=bimorphic action=maybe_recompile pc=0x0000000002aef3cc method=com.android.dx.ssa.SCCP.simulatePhi(Lcom/android/dx/ssa/PhiInsn;)V @ 124
Event: 4.820 Thread 0x0000000056314000 Uncommon trap: reason=unstable_if action=reinterpret pc=0x0000000002af8734 method=com.android.dx.cf.code.BaseMachine.getLocalTarget(Z)Lcom/android/dx/rop/code/RegisterSpec; @ 131
Event: 4.821 Thread 0x0000000056314000 Uncommon trap: reason=unstable_if action=reinterpret pc=0x0000000002af3220 method=com.android.dx.cf.code.BaseMachine.getLocalTarget(Z)Lcom/android/dx/rop/code/RegisterSpec; @ 131

Internal exceptions (5 events):
Event: 0.248 Thread 0x00000000020ae800 Exception <a 'java/lang/NoSuchMethodError': Method sun.misc.Unsafe.defineClass(Ljava/lang/String;[BII)Ljava/lang/Class; name or signature does not match> (0x00000000eab130b8) thrown at [D:\re\puppet\workspace\8-2-build-windows-amd64-cygwin\jdk8u73\6086\hotTı«∑Ã∂œ?
Event: 0.248 Thread 0x00000000020ae800 Exception <a 'java/lang/NoSuchMethodError': Method sun.misc.Unsafe.prefetchRead(Ljava/lang/Object;J)V name or signature does not match> (0x00000000eab133a0) thrown at [D:\re\puppet\workspace\8-2-build-windows-amd64-cygwin\jdk8u73\6086\hotspot\src\share\vm\#c,Îa«Á?
Event: 0.743 Thread 0x00000000020ae800 Implicit null exception at 0x0000000002653f5b to 0x00000000026557f9
Event: 0.763 Thread 0x0000000056439800 Implicit null exception at 0x0000000002686c52 to 0x0000000002686d59
Event: 3.639 Thread 0x0000000056438800 Implicit null exception at 0x0000000002602ea6 to 0x0000000002604721

Events (10 events):
Event: 4.349 Executing VM operation: EnableBiasedLocking
Event: 4.349 Executing VM operation: EnableBiasedLocking done
Event: 4.745 Thread 0x0000000056438800 DEOPT PACKING pc=0x000000000277435d sp=0x000000005739ea10
Event: 4.745 Thread 0x0000000056438800 DEOPT UNPACKING pc=0x00000000023e787f sp=0x000000005739e7f8 mode 0
Event: 4.820 Thread 0x0000000056314000 Uncommon trap: trap_request=0xffffff65 fr.pc=0x0000000002af8734
Event: 4.820 Thread 0x0000000056314000 DEOPT PACKING pc=0x0000000002af8734 sp=0x000000005700dd40
Event: 4.820 Thread 0x0000000056314000 DEOPT UNPACKING pc=0x00000000023e582a sp=0x000000005700dc30 mode 2
Event: 4.821 Thread 0x0000000056314000 Uncommon trap: trap_request=0xffffff65 fr.pc=0x0000000002af3220
Event: 4.821 Thread 0x0000000056314000 DEOPT PACKING pc=0x0000000002af3220 sp=0x000000005700dd00
Event: 4.821 Thread 0x0000000056314000 DEOPT UNPACKING pc=0x00000000023e582a sp=0x000000005700dc20 mode 2


Dynamic libraries:
0x000000013fe10000 - 0x000000013fe47000 	C:\Program Files\Java\jdk1.8.0_73\bin\java.exe
0x0000000077790000 - 0x000000007793a000 	C:\Windows\SYSTEM32\ntdll.dll
0x0000000077670000 - 0x000000007778f000 	C:\Windows\system32\kernel32.dll
0x000007fefd740000 - 0x000007fefd7ab000 	C:\Windows\system32\KERNELBASE.dll
0x000007fefddf0000 - 0x000007fefdecb000 	C:\Windows\system32\ADVAPI32.dll
0x000007fefded0000 - 0x000007fefdf6f000 	C:\Windows\system32\msvcrt.dll
0x000007fefec20000 - 0x000007fefec3f000 	C:\Windows\SYSTEM32\sechost.dll
0x000007fefe490000 - 0x000007fefe5bd000 	C:\Windows\system32\RPCRT4.dll
0x0000000077570000 - 0x000000007766a000 	C:\Windows\system32\USER32.dll
0x000007fefec40000 - 0x000007fefeca7000 	C:\Windows\system32\GDI32.dll
0x000007fefe040000 - 0x000007fefe04e000 	C:\Windows\system32\LPK.dll
0x000007fefdf70000 - 0x000007fefe03a000 	C:\Windows\system32\USP10.dll
0x000007fefbfe0000 - 0x000007fefc1d4000 	C:\Windows\WinSxS\amd64_microsoft.windows.common-controls_6595b64144ccf1df_6.0.7601.18837_none_fa3b1e3d17594757\COMCTL32.dll
0x000007fefe7f0000 - 0x000007fefe861000 	C:\Windows\system32\SHLWAPI.dll
0x000007fefeae0000 - 0x000007fefeb0e000 	C:\Windows\system32\IMM32.DLL
0x000007fefeb10000 - 0x000007fefec19000 	C:\Windows\system32\MSCTF.dll
0x00000000621f0000 - 0x00000000622c2000 	C:\Program Files\Java\jdk1.8.0_73\jre\bin\msvcr100.dll
0x000000006ac50000 - 0x000000006b4e0000 	C:\Program Files\Java\jdk1.8.0_73\jre\bin\server\jvm.dll
0x000007fef3f80000 - 0x000007fef3f89000 	C:\Windows\system32\WSOCK32.dll
0x000007fefdb40000 - 0x000007fefdb8d000 	C:\Windows\system32\WS2_32.dll
0x000007fefe870000 - 0x000007fefe878000 	C:\Windows\system32\NSI.dll
0x000007fefad90000 - 0x000007fefadcb000 	C:\Windows\system32\WINMM.dll
0x000007fefc7d0000 - 0x000007fefc7dc000 	C:\Windows\system32\VERSION.dll
0x0000000077950000 - 0x0000000077957000 	C:\Windows\system32\PSAPI.DLL
0x000000006ab60000 - 0x000000006ab6f000 	C:\Program Files\Java\jdk1.8.0_73\jre\bin\verify.dll
0x000000006ab30000 - 0x000000006ab59000 	C:\Program Files\Java\jdk1.8.0_73\jre\bin\java.dll
0x000000006ab10000 - 0x000000006ab26000 	C:\Program Files\Java\jdk1.8.0_73\jre\bin\zip.dll
0x000007fefecb0000 - 0x000007feffa39000 	C:\Windows\system32\SHELL32.dll
0x000007fefe5e0000 - 0x000007fefe7e3000 	C:\Windows\system32\ole32.dll
0x000007fefd690000 - 0x000007fefd69f000 	C:\Windows\system32\profapi.dll

VM Arguments:
jvm_args: -Djava.awt.headless=true -Xmx1024M -Dfile.encoding=GBK -Duser.country=CN -Duser.language=zh -Duser.variant 
java_command: com.android.dx.command.Main --dex --num-threads=4 --output G:\GIT\ZhuHuRiBao\app\build\intermediates\pre-dexed\debug\com.android.support-design-23.4.0_b17b65e0cc788dc75cedad642cd25e5f1308035a.jar G:\GIT\ZhuHuRiBao\app\build\intermediates\exploded-aar\com.android.support\design\23.4.0\jars\classes.jar
java_class_path (initial): D:\SDK\build-tools\23.0.3\lib\dx.jar
Launcher Type: SUN_STANDARD

Environment Variables:
JAVA_HOME=C:\Program Files\Java\jdk1.8.0_73
CLASSPATH=.;C:\Program Files\Java\jdk1.8.0_73\lib;C:\Program Files\Java\jdk1.8.0_73\lib\tools.jar
PATH=C:\ProgramData\Oracle\Java\javapath;C:\Windows\system32;C:\Windows;C:\Windows\System32\Wbem;C:\Windows\System32\WindowsPowerShell\v1.0\;C:\Program Files (x86)\Common Files\microsoft shared\TigerKin;C:\Program Files (x86)\NVIDIA Corporation\PhysX\Common;C:\Program Files (x86)\Common Files\microsoft shared\TigerKin;C:\Program Files\Java\jdk1.8.0_73\bin;C:\Program Files\Java\jdk1.8.0_73\jre\bin;C:\Users\admin\AppData\Local\Android\sdk\platform-tools
USERNAME=admin
OS=Windows_NT
PROCESSOR_IDENTIFIER=Intel64 Family 6 Model 60 Stepping 3, GenuineIntel



---------------  S Y S T E M  ---------------

OS: Windows 7 , 64 bit Build 7601 (6.1.7601.19160)

CPU:total 4 (4 cores per cpu, 1 threads per core) family 6 model 60 stepping 3, cmov, cx8, fxsr, mmx, sse, sse2, sse3, ssse3, sse4.1, sse4.2, popcnt, avx, avx2, aes, clmul, erms, rtm, lzcnt, tsc, tscinvbit, bmi1, bmi2

Memory: 4k page, physical 8353940k(2426036k free), swap 9400680k(5528k free)

vm_info: Java HotSpot(TM) 64-Bit Server VM (25.73-b02) for windows-amd64 JRE (1.8.0_73-b02), built on Jan 29 2016 17:38:49 by "java_re" with MS VC++ 10.0 (VS2010)

time: Thu Jul 07 00:32:06 2016
elapsed time: 4 seconds (0d 0h 0m 4s)

