#
# There is insufficient memory for the Java Runtime Environment to continue.
# Native memory allocation (malloc) failed to allocate 65552 bytes for Chunk::new
# Possible reasons:
#   The system is out of physical RAM or swap space
#   In 32 bit mode, the process size limit was hit
# Possible solutions:
#   Reduce memory load on the system
#   Increase physical memory or swap space
#   Check if swap backing store is full
#   Use 64 bit Java on a 64 bit OS
#   Decrease Java heap size (-Xmx/-Xms)
#   Decrease number of Java threads
#   Decrease Java thread stack sizes (-Xss)
#   Set larger code cache with -XX:ReservedCodeCacheSize=
# This output file may be truncated or incomplete.
#
#  Out of Memory Error (allocation.cpp:390), pid=8244, tid=9952
#
# JRE version: Java(TM) SE Runtime Environment (8.0_73-b02) (build 1.8.0_73-b02)
# Java VM: Java HotSpot(TM) 64-Bit Server VM (25.73-b02 mixed mode windows-amd64 compressed oops)
# Failed to write core dump. Minidumps are not enabled by default on client versions of Windows
#

---------------  T H R E A D  ---------------

Current thread (0x0000000054d9f000):  JavaThread "C2 CompilerThread0" daemon [_thread_in_native, id=9952, stack(0x0000000056780000,0x0000000056880000)]

Stack: [0x0000000056780000,0x0000000056880000]
[error occurred during error reporting (printing stack bounds), id 0xc0000005]

Native frames: (J=compiled Java code, j=interpreted, Vv=VM code, C=native code)


Current CompileTask:
C2:   4570 1573       4       com.android.dx.rop.code.LocalVariableExtractor::processBlock (327 bytes)


---------------  P R O C E S S  ---------------

Java Threads: ( => current thread )
  0x0000000056503000 JavaThread "pool-1-thread-4" [_thread_blocked, id=9640, stack(0x0000000057260000,0x0000000057360000)]
  0x00000000564dd000 JavaThread "pool-1-thread-3" [_thread_blocked, id=9296, stack(0x0000000056f60000,0x0000000057060000)]
  0x00000000563c0000 JavaThread "pool-1-thread-2" [_thread_blocked, id=10084, stack(0x00000000570f0000,0x00000000571f0000)]
  0x00000000563ac000 JavaThread "pool-2-thread-1" [_thread_blocked, id=9736, stack(0x0000000056e40000,0x0000000056f40000)]
  0x00000000563ab800 JavaThread "pool-1-thread-1" [_thread_blocked, id=7508, stack(0x0000000056d40000,0x0000000056e40000)]
  0x0000000056292000 JavaThread "Service Thread" daemon [_thread_blocked, id=9464, stack(0x0000000056b40000,0x0000000056c40000)]
  0x0000000056237000 JavaThread "C1 CompilerThread2" daemon [_thread_blocked, id=6252, stack(0x00000000569f0000,0x0000000056af0000)]
  0x000000005622b800 JavaThread "C2 CompilerThread1" daemon [_thread_blocked, id=8288, stack(0x0000000002330000,0x0000000002430000)]
=>0x0000000054d9f000 JavaThread "C2 CompilerThread0" daemon [_thread_in_native, id=9952, stack(0x0000000056780000,0x0000000056880000)]
  0x000000005622a800 JavaThread "Attach Listener" daemon [_thread_blocked, id=4560, stack(0x0000000056890000,0x0000000056990000)]
  0x0000000054d8b800 JavaThread "Signal Dispatcher" daemon [_thread_blocked, id=9940, stack(0x0000000056670000,0x0000000056770000)]
  0x0000000054d31000 JavaThread "Finalizer" daemon [_thread_blocked, id=9536, stack(0x0000000056120000,0x0000000056220000)]
  0x0000000054d30000 JavaThread "Reference Handler" daemon [_thread_blocked, id=2512, stack(0x0000000055f50000,0x0000000056050000)]
  0x00000000003ae800 JavaThread "main" [_thread_in_native, id=9608, stack(0x0000000002430000,0x0000000002530000)]

Other Threads:
  0x0000000054d2a800 VMThread [stack: 0x0000000055cb0000,0x0000000055db0000] [id=10060]
  0x00000000562e6800 WatcherThread [stack: 0x0000000055db0000,0x0000000055eb0000] [id=10076]

VM state:not at safepoint (normal execution)

VM Mutex/Monitor currently owned by a thread: None

Heap:
 PSYoungGen      total 38400K, used 30269K [0x00000000eab00000, 0x00000000ef600000, 0x0000000100000000)
  eden space 33280K, 75% used [0x00000000eab00000,0x00000000ec38fc58,0x00000000ecb80000)
  from space 5120K, 99% used [0x00000000ecb80000,0x00000000ed07fa00,0x00000000ed080000)
  to   space 5120K, 0% used [0x00000000ef100000,0x00000000ef100000,0x00000000ef600000)
 ParOldGen       total 87552K, used 1733K [0x00000000c0000000, 0x00000000c5580000, 0x00000000eab00000)
  object space 87552K, 1% used [0x00000000c0000000,0x00000000c01b1490,0x00000000c5580000)
 Metaspace       used 6014K, capacity 7024K, committed 7296K, reserved 1056768K
  class space    used 587K, capacity 616K, committed 640K, reserved 1048576K

Card table byte_map: [0x00000000118f0000,0x0000000011b00000] byte_map_base: 0x00000000112f0000

Marking Bits: (ParMarkBitMap*) 0x0000000059310600
 Begin Bits: [0x00000000121a0000, 0x00000000131a0000)
 End Bits:   [0x00000000131a0000, 0x00000000141a0000)

Polling page: 0x0000000000310000

CodeCache: size=245760Kb used=6890Kb max_used=6890Kb free=238869Kb
 bounds [0x0000000002530000, 0x0000000002c00000, 0x0000000011530000]
 total_blobs=1834 nmethods=1570 adapters=177
 compilation: enabled

Compilation events (10 events):
Event: 4.553 Thread 0x0000000056237000 1568       3       com.android.dx.cf.code.ConcreteMethod::<init> (262 bytes)
Event: 4.553 Thread 0x0000000056237000 nmethod 1568 0x0000000002be9610 code [0x0000000002be98e0, 0x0000000002beacd8]
Event: 4.553 Thread 0x0000000056237000 1571   !   3       com.android.dx.cf.code.BasicBlocker::doit (156 bytes)
Event: 4.554 Thread 0x0000000056237000 nmethod 1571 0x0000000002beb6d0 code [0x0000000002beb960, 0x0000000002becc98]
Event: 4.554 Thread 0x0000000056237000 1567       3       java.util.HashMap$HashIterator::<init> (79 bytes)
Event: 4.554 Thread 0x0000000056237000 nmethod 1567 0x0000000002be19d0 code [0x0000000002be1b40, 0x0000000002be1ed0]
Event: 4.554 Thread 0x0000000056237000 1569       3       com.android.dx.cf.code.Ropper::<init> (213 bytes)
Event: 4.555 Thread 0x0000000056237000 nmethod 1569 0x0000000002bed9d0 code [0x0000000002bedce0, 0x0000000002bef6f8]
Event: 4.555 Thread 0x0000000056237000 1570       3       com.android.dx.cf.code.BasicBlocker::<init> (79 bytes)
Event: 4.555 Thread 0x0000000056237000 nmethod 1570 0x0000000002be86d0 code [0x0000000002be88a0, 0x0000000002be9268]

GC Heap History (2 events):
Event: 2.224 GC heap before
{Heap before GC invocations=1 (full 0):
 PSYoungGen      total 38400K, used 33280K [0x00000000eab00000, 0x00000000ed580000, 0x0000000100000000)
  eden space 33280K, 100% used [0x00000000eab00000,0x00000000ecb80000,0x00000000ecb80000)
  from space 5120K, 0% used [0x00000000ed080000,0x00000000ed080000,0x00000000ed580000)
  to   space 5120K, 0% used [0x00000000ecb80000,0x00000000ecb80000,0x00000000ed080000)
 ParOldGen       total 87552K, used 0K [0x00000000c0000000, 0x00000000c5580000, 0x00000000eab00000)
  object space 87552K, 0% used [0x00000000c0000000,0x00000000c0000000,0x00000000c5580000)
 Metaspace       used 5875K, capacity 6960K, committed 7040K, reserved 1056768K
  class space    used 585K, capacity 616K, committed 640K, reserved 1048576K
Event: 2.413 GC heap after
Heap after GC invocations=1 (full 0):
 PSYoungGen      total 38400K, used 5118K [0x00000000eab00000, 0x00000000ef600000, 0x0000000100000000)
  eden space 33280K, 0% used [0x00000000eab00000,0x00000000eab00000,0x00000000ecb80000)
  from space 5120K, 99% used [0x00000000ecb80000,0x00000000ed07fa00,0x00000000ed080000)
  to   space 5120K, 0% used [0x00000000ef100000,0x00000000ef100000,0x00000000ef600000)
 ParOldGen       total 87552K, used 1733K [0x00000000c0000000, 0x00000000c5580000, 0x00000000eab00000)
  object space 87552K, 1% used [0x00000000c0000000,0x00000000c01b1490,0x00000000c5580000)
 Metaspace       used 5875K, capacity 6960K, committed 7040K, reserved 1056768K
  class space    used 585K, capacity 616K, committed 640K, reserved 1048576K
}

Deoptimization events (10 events):
Event: 2.611 Thread 0x0000000056503000 Uncommon trap: reason=bimorphic action=maybe_recompile pc=0x00000000027773e4 method=java.util.HashMap.getNode(ILjava/lang/Object;)Ljava/util/HashMap$Node; @ 126
Event: 2.611 Thread 0x0000000056503000 Uncommon trap: reason=bimorphic action=maybe_recompile pc=0x00000000027773e4 method=java.util.HashMap.getNode(ILjava/lang/Object;)Ljava/util/HashMap$Node; @ 126
Event: 2.613 Thread 0x0000000056503000 Uncommon trap: reason=unstable_if action=reinterpret pc=0x0000000002967958 method=com.android.dx.ssa.SCCP.simulateStmt(Lcom/android/dx/ssa/SsaInsn;)V @ 53
Event: 2.622 Thread 0x00000000003ae800 Uncommon trap: reason=unstable_if action=reinterpret pc=0x000000000298a1e8 method=com.android.dx.rop.cst.StdConstantPool.set(ILcom/android/dx/rop/cst/Constant;)V @ 12
Event: 2.658 Thread 0x0000000056503000 Uncommon trap: reason=unstable_if action=reinterpret pc=0x0000000002a58e50 method=com.android.dx.rop.code.DexTranslationAdvice.requiresSourcesInOrder(Lcom/android/dx/rop/code/Rop;Lcom/android/dx/rop/code/RegisterSpecList;)Z @ 21
Event: 2.750 Thread 0x00000000003ae800 Uncommon trap: reason=unstable_if action=reinterpret pc=0x00000000026fa304 method=java.lang.String.<init>([CII)V @ 18
Event: 2.762 Thread 0x00000000563c0000 Uncommon trap: reason=unstable_if action=reinterpret pc=0x00000000029d76d8 method=com.android.dx.ssa.SsaRenamer$BlockRenamer.addMapping(ILcom/android/dx/rop/code/RegisterSpec;)V @ 120
Event: 2.898 Thread 0x00000000564dd000 Uncommon trap: reason=bimorphic action=maybe_recompile pc=0x00000000027773e4 method=java.util.HashMap.getNode(ILjava/lang/Object;)Ljava/util/HashMap$Node; @ 126
Event: 2.899 Thread 0x00000000564dd000 Uncommon trap: reason=bimorphic action=maybe_recompile pc=0x00000000027f3cdc method=java.util.HashMap.getNode(ILjava/lang/Object;)Ljava/util/HashMap$Node; @ 126
Event: 3.077 Thread 0x0000000056503000 Uncommon trap: reason=unstable_if action=reinterpret pc=0x0000000002a6872c method=com.android.dx.ssa.SsaRenamer$BlockRenamer.addMapping(ILcom/android/dx/rop/code/RegisterSpec;)V @ 120

Internal exceptions (3 events):
Event: 0.051 Thread 0x00000000003ae800 Exception <a 'java/lang/NoSuchMethodError': Method sun.misc.Unsafe.defineClass(Ljava/lang/String;[BII)Ljava/lang/Class; name or signature does not match> (0x00000000eab130b8) thrown at [D:\re\puppet\workspace\8-2-build-windows-amd64-cygwin\jdk8u73\6086\hotdI°0<ª?
Event: 0.051 Thread 0x00000000003ae800 Exception <a 'java/lang/NoSuchMethodError': Method sun.misc.Unsafe.prefetchRead(Ljava/lang/Object;J)V name or signature does not match> (0x00000000eab133a0) thrown at [D:\re\puppet\workspace\8-2-build-windows-amd64-cygwin\jdk8u73\6086\hotspot\src\share\vm\ºhèÓ¦åû?
Event: 1.744 Thread 0x00000000563ab800 Implicit null exception at 0x00000000028c8d52 to 0x00000000028c8e4a

Events (10 events):
Event: 2.899 Thread 0x00000000564dd000 Uncommon trap: trap_request=0xffffffc6 fr.pc=0x00000000027f3cdc
Event: 2.899 Thread 0x00000000564dd000 DEOPT PACKING pc=0x00000000027f3cdc sp=0x000000005705e770
Event: 2.899 Thread 0x00000000564dd000 DEOPT UNPACKING pc=0x000000000257582a sp=0x000000005705e678 mode 2
Event: 3.077 Thread 0x0000000056503000 Uncommon trap: trap_request=0xffffff65 fr.pc=0x0000000002a6872c
Event: 3.077 Thread 0x0000000056503000 DEOPT PACKING pc=0x0000000002a6872c sp=0x000000005735e730
Event: 3.077 Thread 0x0000000056503000 DEOPT UNPACKING pc=0x000000000257582a sp=0x000000005735e5f0 mode 2
Event: 4.180 Executing VM operation: EnableBiasedLocking
Event: 4.180 Executing VM operation: EnableBiasedLocking done
Event: 4.353 loading class com/android/dx/cf/iface/ParseObserver
Event: 4.353 loading class com/android/dx/cf/iface/ParseObserver done


Dynamic libraries:
0x000000013fe60000 - 0x000000013fe97000 	C:\Program Files\Java\jdk1.8.0_73\bin\java.exe
0x0000000076d50000 - 0x0000000076efa000 	C:\Windows\SYSTEM32\ntdll.dll
0x0000000076c30000 - 0x0000000076d4f000 	C:\Windows\system32\kernel32.dll
0x000007fefcd00000 - 0x000007fefcd6b000 	C:\Windows\system32\KERNELBASE.dll
0x000007fefe720000 - 0x000007fefe7fb000 	C:\Windows\system32\ADVAPI32.dll
0x000007fefefc0000 - 0x000007feff05f000 	C:\Windows\system32\msvcrt.dll
0x000007fefeda0000 - 0x000007fefedbf000 	C:\Windows\SYSTEM32\sechost.dll
0x000007fefddf0000 - 0x000007fefdf1d000 	C:\Windows\system32\RPCRT4.dll
0x0000000076b30000 - 0x0000000076c2a000 	C:\Windows\system32\USER32.dll
0x000007fefef50000 - 0x000007fefefb7000 	C:\Windows\system32\GDI32.dll
0x000007fefed90000 - 0x000007fefed9e000 	C:\Windows\system32\LPK.dll
0x000007fefe810000 - 0x000007fefe8da000 	C:\Windows\system32\USP10.dll
0x000007fefb5d0000 - 0x000007fefb7c4000 	C:\Windows\WinSxS\amd64_microsoft.windows.common-controls_6595b64144ccf1df_6.0.7601.18837_none_fa3b1e3d17594757\COMCTL32.dll
0x000007fefe680000 - 0x000007fefe6f1000 	C:\Windows\system32\SHLWAPI.dll
0x000007fefebe0000 - 0x000007fefec0e000 	C:\Windows\system32\IMM32.DLL
0x000007fefee40000 - 0x000007fefef49000 	C:\Windows\system32\MSCTF.dll
0x0000000058700000 - 0x00000000587d2000 	C:\Program Files\Java\jdk1.8.0_73\jre\bin\msvcr100.dll
0x0000000058b00000 - 0x0000000059390000 	C:\Program Files\Java\jdk1.8.0_73\jre\bin\server\jvm.dll
0x000007fef4f90000 - 0x000007fef4f99000 	C:\Windows\system32\WSOCK32.dll
0x000007fefe4a0000 - 0x000007fefe4ed000 	C:\Windows\system32\WS2_32.dll
0x000007fefe800000 - 0x000007fefe808000 	C:\Windows\system32\NSI.dll
0x000007fefa280000 - 0x000007fefa2bb000 	C:\Windows\system32\WINMM.dll
0x000007fefbd90000 - 0x000007fefbd9c000 	C:\Windows\system32\VERSION.dll
0x0000000076f10000 - 0x0000000076f17000 	C:\Windows\system32\PSAPI.DLL
0x0000000061970000 - 0x000000006197f000 	C:\Program Files\Java\jdk1.8.0_73\jre\bin\verify.dll
0x0000000061940000 - 0x0000000061969000 	C:\Program Files\Java\jdk1.8.0_73\jre\bin\java.dll
0x0000000061860000 - 0x0000000061876000 	C:\Program Files\Java\jdk1.8.0_73\jre\bin\zip.dll
0x000007fefd060000 - 0x000007fefdde9000 	C:\Windows\system32\SHELL32.dll
0x000007fefdf20000 - 0x000007fefe123000 	C:\Windows\system32\ole32.dll
0x000007fefcc50000 - 0x000007fefcc5f000 	C:\Windows\system32\profapi.dll

VM Arguments:
jvm_args: -Djava.awt.headless=true -Xmx1024M -Dfile.encoding=GBK -Duser.country=CN -Duser.language=zh -Duser.variant 
java_command: com.android.dx.command.Main --dex --num-threads=4 --output G:\GIT\ZhuHuRiBao\app\build\intermediates\pre-dexed\debug\debug_4652e7f48516f918d1a71e39de164902a51a36dd.jar G:\GIT\ZhuHuRiBao\app\build\intermediates\classes\debug
java_class_path (initial): D:\SDK\build-tools\23.0.3\lib\dx.jar
Launcher Type: SUN_STANDARD

Environment Variables:
JAVA_HOME=C:\Program Files\Java\jdk1.8.0_73
CLASSPATH=.;C:\Program Files\Java\jdk1.8.0_73\lib;C:\Program Files\Java\jdk1.8.0_73\lib\tools.jar
PATH=D:\MyPython\;D:\MyPython\Scripts;C:\ProgramData\Oracle\Java\javapath;C:\Windows\system32;C:\Windows;C:\Windows\System32\Wbem;C:\Windows\System32\WindowsPowerShell\v1.0\;C:\Program Files (x86)\Common Files\microsoft shared\TigerKin;C:\Program Files (x86)\NVIDIA Corporation\PhysX\Common;C:\Program Files (x86)\Common Files\microsoft shared\TigerKin;C:\Program Files\Java\jdk1.8.0_73\bin;C:\Program Files\Java\jdk1.8.0_73\jre\bin;C:\Users\admin\AppData\Local\Android\sdk\platform-tools
USERNAME=admin
OS=Windows_NT
PROCESSOR_IDENTIFIER=Intel64 Family 6 Model 60 Stepping 3, GenuineIntel



---------------  S Y S T E M  ---------------

OS: Windows 7 , 64 bit Build 7601 (6.1.7601.19160)

CPU:total 4 (4 cores per cpu, 1 threads per core) family 6 model 60 stepping 3, cmov, cx8, fxsr, mmx, sse, sse2, sse3, ssse3, sse4.1, sse4.2, popcnt, avx, avx2, aes, clmul, erms, rtm, lzcnt, tsc, tscinvbit, bmi1, bmi2

Memory: 4k page, physical 8353940k(2009608k free), swap 9400680k(9708k free)

vm_info: Java HotSpot(TM) 64-Bit Server VM (25.73-b02) for windows-amd64 JRE (1.8.0_73-b02), built on Jan 29 2016 17:38:49 by "java_re" with MS VC++ 10.0 (VS2010)

time: Wed Jul 20 22:37:47 2016
elapsed time: 4 seconds (0d 0h 0m 4s)

