#
# There is insufficient memory for the Java Runtime Environment to continue.
# Native memory allocation (malloc) failed to allocate 131088 bytes for Chunk::new
# Possible reasons:
#   The system is out of physical RAM or swap space
#   In 32 bit mode, the process size limit was hit
# Possible solutions:
#   Reduce memory load on the system
#   Increase physical memory or swap space
#   Check if swap backing store is full
#   Use 64 bit Java on a 64 bit OS
#   Decrease Java heap size (-Xmx/-Xms)
#   Decrease number of Java threads
#   Decrease Java thread stack sizes (-Xss)
#   Set larger code cache with -XX:ReservedCodeCacheSize=
# This output file may be truncated or incomplete.
#
#  Out of Memory Error (allocation.cpp:390), pid=6892, tid=8992
#
# JRE version: Java(TM) SE Runtime Environment (8.0_73-b02) (build 1.8.0_73-b02)
# Java VM: Java HotSpot(TM) 64-Bit Server VM (25.73-b02 mixed mode windows-amd64 compressed oops)
# Failed to write core dump. Minidumps are not enabled by default on client versions of Windows
#

---------------  T H R E A D  ---------------

Current thread (0x00000000562c9800):  JavaThread "C2 CompilerThread1" daemon [_thread_in_native, id=8992, stack(0x0000000056c90000,0x0000000056d90000)]

Stack: [0x0000000056c90000,0x0000000056d90000]
[error occurred during error reporting (printing stack bounds), id 0xc0000005]

Native frames: (J=compiled Java code, j=interpreted, Vv=VM code, C=native code)


Current CompileTask:
C2:   6094 1873 %     4       com.android.dx.ssa.SCCP::run @ 93 (298 bytes)


---------------  P R O C E S S  ---------------

Java Threads: ( => current thread )
  0x0000000054edd000 JavaThread "Service Thread" daemon [_thread_blocked, id=7488, stack(0x0000000056f40000,0x0000000057040000)]
  0x00000000562ca800 JavaThread "C1 CompilerThread2" daemon [_thread_in_native, id=5436, stack(0x00000000568b0000,0x00000000569b0000)]
=>0x00000000562c9800 JavaThread "C2 CompilerThread1" daemon [_thread_in_native, id=8992, stack(0x0000000056c90000,0x0000000056d90000)]
  0x00000000562c7800 JavaThread "C2 CompilerThread0" daemon [_thread_in_native, id=7324, stack(0x0000000056b50000,0x0000000056c50000)]
  0x00000000562b9000 JavaThread "Attach Listener" daemon [_thread_blocked, id=3332, stack(0x00000000569e0000,0x0000000056ae0000)]
  0x0000000054ecc800 JavaThread "Signal Dispatcher" daemon [_thread_blocked, id=4860, stack(0x0000000056730000,0x0000000056830000)]
  0x0000000054e70800 JavaThread "Finalizer" daemon [_thread_blocked, id=5624, stack(0x00000000561b0000,0x00000000562b0000)]
  0x0000000054e6f800 JavaThread "Reference Handler" daemon [_thread_blocked, id=5376, stack(0x0000000056050000,0x0000000056150000)]
  0x000000000225e800 JavaThread "main" [_thread_in_Java, id=9984, stack(0x00000000024e0000,0x00000000025e0000)]

Other Threads:
  0x0000000054e6a000 VMThread [stack: 0x0000000055ea0000,0x0000000055fa0000] [id=1820]
  0x0000000056395800 WatcherThread [stack: 0x0000000056e10000,0x0000000056f10000] [id=8132]

VM state:not at safepoint (normal execution)

VM Mutex/Monitor currently owned by a thread: None

Heap:
 PSYoungGen      total 237568K, used 98719K [0x00000000eab00000, 0x00000000fe200000, 0x0000000100000000)
  eden space 177152K, 44% used [0x00000000eab00000,0x00000000ef8bf5d0,0x00000000f5800000)
  from space 60416K, 31% used [0x00000000f9100000,0x00000000fa3a88e0,0x00000000fcc00000)
  to   space 58368K, 0% used [0x00000000f5800000,0x00000000f5800000,0x00000000f9100000)
 ParOldGen       total 248320K, used 127116K [0x00000000c0000000, 0x00000000cf280000, 0x00000000eab00000)
  object space 248320K, 51% used [0x00000000c0000000,0x00000000c7c23050,0x00000000cf280000)
 Metaspace       used 6480K, capacity 7256K, committed 7424K, reserved 1056768K
  class space    used 621K, capacity 656K, committed 768K, reserved 1048576K

Card table byte_map: [0x00000000119a0000,0x0000000011bb0000] byte_map_base: 0x00000000113a0000

Marking Bits: (ParMarkBitMap*) 0x000000006b890600
 Begin Bits: [0x00000000122e0000, 0x00000000132e0000)
 End Bits:   [0x00000000132e0000, 0x00000000142e0000)

Polling page: 0x0000000000110000

CodeCache: size=245760Kb used=8125Kb max_used=8125Kb free=237634Kb
 bounds [0x00000000025e0000, 0x0000000002de0000, 0x00000000115e0000]
 total_blobs=2231 nmethods=1959 adapters=184
 compilation: enabled

Compilation events (10 events):
Event: 6.091 Thread 0x00000000562ca800 2044   !   2       com.android.dx.rop.code.RegisterSpecSet::remove (30 bytes)
Event: 6.091 Thread 0x00000000562ca800 nmethod 2044 0x0000000002dd34d0 code [0x0000000002dd3640, 0x0000000002dd38a8]
Event: 6.092 Thread 0x00000000562ca800 2045  s    2       java.util.Vector::addElement (38 bytes)
Event: 6.092 Thread 0x00000000562ca800 nmethod 2045 0x0000000002dd3a90 code [0x0000000002dd3c00, 0x0000000002dd3fa8]
Event: 6.093 Thread 0x00000000562ca800 2046       2       com.android.dx.dex.file.Section::throwIfNotPrepared (18 bytes)
Event: 6.093 Thread 0x00000000562ca800 nmethod 2046 0x0000000002dd4190 code [0x0000000002dd4300, 0x0000000002dd4508]
Event: 6.093 Thread 0x00000000562ca800 2047       1       com.android.dx.dex.code.form.Form11x::codeSize (2 bytes)
Event: 6.093 Thread 0x00000000562ca800 nmethod 2047 0x0000000002dd45d0 code [0x0000000002dd4720, 0x0000000002dd4830]
Event: 6.093 Thread 0x00000000562ca800 2048       2       com.android.dx.dex.code.InsnFormat::unsignedFitsInNibble (14 bytes)
Event: 6.093 Thread 0x00000000562ca800 nmethod 2048 0x0000000002dd4890 code [0x0000000002dd49e0, 0x0000000002dd4b30]

GC Heap History (10 events):
Event: 3.298 GC heap before
{Heap before GC invocations=4 (full 1):
 PSYoungGen      total 71680K, used 5096K [0x00000000eab00000, 0x00000000f3700000, 0x0000000100000000)
  eden space 66560K, 0% used [0x00000000eab00000,0x00000000eab00000,0x00000000eec00000)
  from space 5120K, 99% used [0x00000000eec00000,0x00000000ef0fa1e8,0x00000000ef100000)
  to   space 5120K, 0% used [0x00000000f3200000,0x00000000f3200000,0x00000000f3700000)
 ParOldGen       total 87552K, used 67687K [0x00000000c0000000, 0x00000000c5580000, 0x00000000eab00000)
  object space 87552K, 77% used [0x00000000c0000000,0x00000000c4219ea8,0x00000000c5580000)
 Metaspace       used 6148K, capacity 7028K, committed 7296K, reserved 1056768K
  class space    used 600K, capacity 620K, committed 640K, reserved 1048576K
Event: 3.776 GC heap after
Heap after GC invocations=4 (full 1):
 PSYoungGen      total 71680K, used 0K [0x00000000eab00000, 0x00000000f3700000, 0x0000000100000000)
  eden space 66560K, 0% used [0x00000000eab00000,0x00000000eab00000,0x00000000eec00000)
  from space 5120K, 0% used [0x00000000eec00000,0x00000000eec00000,0x00000000ef100000)
  to   space 5120K, 0% used [0x00000000f3200000,0x00000000f3200000,0x00000000f3700000)
 ParOldGen       total 168448K, used 64878K [0x00000000c0000000, 0x00000000ca480000, 0x00000000eab00000)
  object space 168448K, 38% used [0x00000000c0000000,0x00000000c3f5bb08,0x00000000ca480000)
 Metaspace       used 6148K, capacity 7028K, committed 7296K, reserved 1056768K
  class space    used 600K, capacity 620K, committed 640K, reserved 1048576K
}
Event: 3.799 GC heap before
{Heap before GC invocations=5 (full 1):
 PSYoungGen      total 71680K, used 66560K [0x00000000eab00000, 0x00000000f3700000, 0x0000000100000000)
  eden space 66560K, 100% used [0x00000000eab00000,0x00000000eec00000,0x00000000eec00000)
  from space 5120K, 0% used [0x00000000eec00000,0x00000000eec00000,0x00000000ef100000)
  to   space 5120K, 0% used [0x00000000f3200000,0x00000000f3200000,0x00000000f3700000)
 ParOldGen       total 168448K, used 64878K [0x00000000c0000000, 0x00000000ca480000, 0x00000000eab00000)
  object space 168448K, 38% used [0x00000000c0000000,0x00000000c3f5bb08,0x00000000ca480000)
 Metaspace       used 6150K, capacity 7028K, committed 7296K, reserved 1056768K
  class space    used 600K, capacity 620K, committed 640K, reserved 1048576K
Event: 3.830 GC heap after
Heap after GC invocations=5 (full 1):
 PSYoungGen      total 113664K, used 5120K [0x00000000eab00000, 0x00000000f3700000, 0x0000000100000000)
  eden space 108544K, 0% used [0x00000000eab00000,0x00000000eab00000,0x00000000f1500000)
  from space 5120K, 100% used [0x00000000f3200000,0x00000000f3700000,0x00000000f3700000)
  to   space 5120K, 0% used [0x00000000f2d00000,0x00000000f2d00000,0x00000000f3200000)
 ParOldGen       total 168448K, used 101182K [0x00000000c0000000, 0x00000000ca480000, 0x00000000eab00000)
  object space 168448K, 60% used [0x00000000c0000000,0x00000000c62cfb08,0x00000000ca480000)
 Metaspace       used 6150K, capacity 7028K, committed 7296K, reserved 1056768K
  class space    used 600K, capacity 620K, committed 640K, reserved 1048576K
}
Event: 4.006 GC heap before
{Heap before GC invocations=6 (full 1):
 PSYoungGen      total 113664K, used 113664K [0x00000000eab00000, 0x00000000f3700000, 0x0000000100000000)
  eden space 108544K, 100% used [0x00000000eab00000,0x00000000f1500000,0x00000000f1500000)
  from space 5120K, 100% used [0x00000000f3200000,0x00000000f3700000,0x00000000f3700000)
  to   space 5120K, 0% used [0x00000000f2d00000,0x00000000f2d00000,0x00000000f3200000)
 ParOldGen       total 168448K, used 101182K [0x00000000c0000000, 0x00000000ca480000, 0x00000000eab00000)
  object space 168448K, 60% used [0x00000000c0000000,0x00000000c62cfb08,0x00000000ca480000)
 Metaspace       used 6235K, capacity 7092K, committed 7296K, reserved 1056768K
  class space    used 601K, capacity 620K, committed 640K, reserved 1048576K
Event: 4.037 GC heap after
Heap after GC invocations=6 (full 1):
 PSYoungGen      total 138240K, used 5105K [0x00000000eab00000, 0x00000000fcc00000, 0x0000000100000000)
  eden space 133120K, 0% used [0x00000000eab00000,0x00000000eab00000,0x00000000f2d00000)
  from space 5120K, 99% used [0x00000000f2d00000,0x00000000f31fc770,0x00000000f3200000)
  to   space 60416K, 0% used [0x00000000f9100000,0x00000000f9100000,0x00000000fcc00000)
 ParOldGen       total 168448K, used 124161K [0x00000000c0000000, 0x00000000ca480000, 0x00000000eab00000)
  object space 168448K, 73% used [0x00000000c0000000,0x00000000c7940780,0x00000000ca480000)
 Metaspace       used 6235K, capacity 7092K, committed 7296K, reserved 1056768K
  class space    used 601K, capacity 620K, committed 640K, reserved 1048576K
}
Event: 4.037 GC heap before
{Heap before GC invocations=7 (full 2):
 PSYoungGen      total 138240K, used 5105K [0x00000000eab00000, 0x00000000fcc00000, 0x0000000100000000)
  eden space 133120K, 0% used [0x00000000eab00000,0x00000000eab00000,0x00000000f2d00000)
  from space 5120K, 99% used [0x00000000f2d00000,0x00000000f31fc770,0x00000000f3200000)
  to   space 60416K, 0% used [0x00000000f9100000,0x00000000f9100000,0x00000000fcc00000)
 ParOldGen       total 168448K, used 124161K [0x00000000c0000000, 0x00000000ca480000, 0x00000000eab00000)
  object space 168448K, 73% used [0x00000000c0000000,0x00000000c7940780,0x00000000ca480000)
 Metaspace       used 6235K, capacity 7092K, committed 7296K, reserved 1056768K
  class space    used 601K, capacity 620K, committed 640K, reserved 1048576K
Event: 4.128 GC heap after
Heap after GC invocations=7 (full 2):
 PSYoungGen      total 138240K, used 0K [0x00000000eab00000, 0x00000000fcc00000, 0x0000000100000000)
  eden space 133120K, 0% used [0x00000000eab00000,0x00000000eab00000,0x00000000f2d00000)
  from space 5120K, 0% used [0x00000000f2d00000,0x00000000f2d00000,0x00000000f3200000)
  to   space 60416K, 0% used [0x00000000f9100000,0x00000000f9100000,0x00000000fcc00000)
 ParOldGen       total 248320K, used 127116K [0x00000000c0000000, 0x00000000cf280000, 0x00000000eab00000)
  object space 248320K, 51% used [0x00000000c0000000,0x00000000c7c23050,0x00000000cf280000)
 Metaspace       used 6235K, capacity 7092K, committed 7296K, reserved 1056768K
  class space    used 601K, capacity 620K, committed 640K, reserved 1048576K
}
Event: 4.888 GC heap before
{Heap before GC invocations=8 (full 2):
 PSYoungGen      total 138240K, used 133120K [0x00000000eab00000, 0x00000000fcc00000, 0x0000000100000000)
  eden space 133120K, 100% used [0x00000000eab00000,0x00000000f2d00000,0x00000000f2d00000)
  from space 5120K, 0% used [0x00000000f2d00000,0x00000000f2d00000,0x00000000f3200000)
  to   space 60416K, 0% used [0x00000000f9100000,0x00000000f9100000,0x00000000fcc00000)
 ParOldGen       total 248320K, used 127116K [0x00000000c0000000, 0x00000000cf280000, 0x00000000eab00000)
  object space 248320K, 51% used [0x00000000c0000000,0x00000000c7c23050,0x00000000cf280000)
 Metaspace       used 6257K, capacity 7092K, committed 7296K, reserved 1056768K
  class space    used 602K, capacity 620K, committed 640K, reserved 1048576K
Event: 5.131 GC heap after
Heap after GC invocations=8 (full 2):
 PSYoungGen      total 237568K, used 19106K [0x00000000eab00000, 0x00000000fe200000, 0x0000000100000000)
  eden space 177152K, 0% used [0x00000000eab00000,0x00000000eab00000,0x00000000f5800000)
  from space 60416K, 31% used [0x00000000f9100000,0x00000000fa3a88e0,0x00000000fcc00000)
  to   space 58368K, 0% used [0x00000000f5800000,0x00000000f5800000,0x00000000f9100000)
 ParOldGen       total 248320K, used 127116K [0x00000000c0000000, 0x00000000cf280000, 0x00000000eab00000)
  object space 248320K, 51% used [0x00000000c0000000,0x00000000c7c23050,0x00000000cf280000)
 Metaspace       used 6257K, capacity 7092K, committed 7296K, reserved 1056768K
  class space    used 602K, capacity 620K, committed 640K, reserved 1048576K
}

Deoptimization events (10 events):
Event: 5.988 Thread 0x000000000225e800 Uncommon trap: reason=bimorphic action=maybe_recompile pc=0x0000000002d3590c method=java.util.HashMap.putVal(ILjava/lang/Object;Ljava/lang/Object;ZZ)Ljava/lang/Object; @ 203
Event: 5.988 Thread 0x000000000225e800 Uncommon trap: reason=bimorphic action=maybe_recompile pc=0x0000000002d3590c method=java.util.HashMap.putVal(ILjava/lang/Object;Ljava/lang/Object;ZZ)Ljava/lang/Object; @ 203
Event: 6.091 Thread 0x000000000225e800 Uncommon trap: reason=speculate_class_check action=maybe_recompile pc=0x0000000002923adc method=com.android.dx.util.FixedSizeList.equals(Ljava/lang/Object;)Z @ 25
Event: 6.091 Thread 0x000000000225e800 Uncommon trap: reason=class_check action=maybe_recompile pc=0x000000000292c4c4 method=java.util.Arrays.equals([Ljava/lang/Object;[Ljava/lang/Object;)Z @ 62
Event: 6.091 Thread 0x000000000225e800 Uncommon trap: reason=speculate_class_check action=maybe_recompile pc=0x0000000002923adc method=com.android.dx.util.FixedSizeList.equals(Ljava/lang/Object;)Z @ 25
Event: 6.091 Thread 0x000000000225e800 Uncommon trap: reason=class_check action=maybe_recompile pc=0x000000000292c4c4 method=java.util.Arrays.equals([Ljava/lang/Object;[Ljava/lang/Object;)Z @ 62
Event: 6.092 Thread 0x000000000225e800 Uncommon trap: reason=speculate_class_check action=maybe_recompile pc=0x0000000002923adc method=com.android.dx.util.FixedSizeList.equals(Ljava/lang/Object;)Z @ 25
Event: 6.092 Thread 0x000000000225e800 Uncommon trap: reason=class_check action=maybe_recompile pc=0x000000000292c4c4 method=java.util.Arrays.equals([Ljava/lang/Object;[Ljava/lang/Object;)Z @ 62
Event: 6.092 Thread 0x000000000225e800 Uncommon trap: reason=speculate_class_check action=maybe_recompile pc=0x0000000002923adc method=com.android.dx.util.FixedSizeList.equals(Ljava/lang/Object;)Z @ 25
Event: 6.092 Thread 0x000000000225e800 Uncommon trap: reason=unstable_if action=reinterpret pc=0x000000000292c4f8 method=java.util.Arrays.equals([Ljava/lang/Object;[Ljava/lang/Object;)Z @ 23

Internal exceptions (4 events):
Event: 0.044 Thread 0x000000000225e800 Exception <a 'java/lang/NoSuchMethodError': Method sun.misc.Unsafe.defineClass(Ljava/lang/String;[BII)Ljava/lang/Class; name or signature does not match> (0x00000000eab130b8) thrown at [D:\re\puppet\workspace\8-2-build-windows-amd64-cygwin\jdk8u73\6086\hotç7 ˚∂¶?
Event: 0.044 Thread 0x000000000225e800 Exception <a 'java/lang/NoSuchMethodError': Method sun.misc.Unsafe.prefetchRead(Ljava/lang/Object;J)V name or signature does not match> (0x00000000eab133a0) thrown at [D:\re\puppet\workspace\8-2-build-windows-amd64-cygwin\jdk8u73\6086\hotspot\src\share\vm\F2á˝ÿÙ?
Event: 1.303 Thread 0x000000005656e800 Implicit null exception at 0x00000000028899e7 to 0x000000000288b2a1
Event: 1.303 Thread 0x000000005656e800 Implicit null exception at 0x00000000028955fd to 0x0000000002897591

Events (10 events):
Event: 6.092 Thread 0x000000000225e800 DEOPT PACKING pc=0x000000000292c4c4 sp=0x00000000025ded50
Event: 6.092 Thread 0x000000000225e800 DEOPT UNPACKING pc=0x000000000262582a sp=0x00000000025decf0 mode 2
Event: 6.092 Thread 0x000000000225e800 Uncommon trap: trap_request=0xffffff76 fr.pc=0x0000000002923adc
Event: 6.092 Thread 0x000000000225e800 DEOPT PACKING pc=0x0000000002923adc sp=0x00000000025dedc0
Event: 6.092 Thread 0x000000000225e800 DEOPT UNPACKING pc=0x000000000262582a sp=0x00000000025ded80 mode 2
Event: 6.092 Thread 0x000000000225e800 Uncommon trap: trap_request=0xffffff65 fr.pc=0x000000000292c4f8
Event: 6.092 Thread 0x000000000225e800 DEOPT PACKING pc=0x000000000292c4f8 sp=0x00000000025ded50
Event: 6.092 Thread 0x000000000225e800 DEOPT UNPACKING pc=0x000000000262582a sp=0x00000000025decf0 mode 2
Event: 6.092 loading class com/android/dx/util/ByteArrayAnnotatedOutput
Event: 6.092 loading class com/android/dx/util/ByteArrayAnnotatedOutput done


Dynamic libraries:
0x000000013f9d0000 - 0x000000013fa07000 	C:\Program Files\Java\jdk1.8.0_73\bin\java.exe
0x0000000076d50000 - 0x0000000076efa000 	C:\Windows\SYSTEM32\ntdll.dll
0x0000000076c30000 - 0x0000000076d4f000 	C:\Windows\system32\kernel32.dll
0x000007fefcd00000 - 0x000007fefcd6b000 	C:\Windows\system32\KERNELBASE.dll
0x000007fefe720000 - 0x000007fefe7fb000 	C:\Windows\system32\ADVAPI32.dll
0x000007fefefc0000 - 0x000007feff05f000 	C:\Windows\system32\msvcrt.dll
0x000007fefeda0000 - 0x000007fefedbf000 	C:\Windows\SYSTEM32\sechost.dll
0x000007fefddf0000 - 0x000007fefdf1d000 	C:\Windows\system32\RPCRT4.dll
0x0000000076b30000 - 0x0000000076c2a000 	C:\Windows\system32\USER32.dll
0x000007fefef50000 - 0x000007fefefb7000 	C:\Windows\system32\GDI32.dll
0x000007fefed90000 - 0x000007fefed9e000 	C:\Windows\system32\LPK.dll
0x000007fefe810000 - 0x000007fefe8da000 	C:\Windows\system32\USP10.dll
0x000007fefb5d0000 - 0x000007fefb7c4000 	C:\Windows\WinSxS\amd64_microsoft.windows.common-controls_6595b64144ccf1df_6.0.7601.18837_none_fa3b1e3d17594757\COMCTL32.dll
0x000007fefe680000 - 0x000007fefe6f1000 	C:\Windows\system32\SHLWAPI.dll
0x000007fefebe0000 - 0x000007fefec0e000 	C:\Windows\system32\IMM32.DLL
0x000007fefee40000 - 0x000007fefef49000 	C:\Windows\system32\MSCTF.dll
0x0000000067190000 - 0x0000000067262000 	C:\Program Files\Java\jdk1.8.0_73\jre\bin\msvcr100.dll
0x000000006b080000 - 0x000000006b910000 	C:\Program Files\Java\jdk1.8.0_73\jre\bin\server\jvm.dll
0x000007fef9700000 - 0x000007fef9709000 	C:\Windows\system32\WSOCK32.dll
0x000007fefe4a0000 - 0x000007fefe4ed000 	C:\Windows\system32\WS2_32.dll
0x000007fefe800000 - 0x000007fefe808000 	C:\Windows\system32\NSI.dll
0x000007fefa280000 - 0x000007fefa2bb000 	C:\Windows\system32\WINMM.dll
0x000007fefbd90000 - 0x000007fefbd9c000 	C:\Windows\system32\VERSION.dll
0x0000000076f10000 - 0x0000000076f17000 	C:\Windows\system32\PSAPI.DLL
0x0000000072cc0000 - 0x0000000072ccf000 	C:\Program Files\Java\jdk1.8.0_73\jre\bin\verify.dll
0x000000006ebc0000 - 0x000000006ebe9000 	C:\Program Files\Java\jdk1.8.0_73\jre\bin\java.dll
0x000000006c2f0000 - 0x000000006c306000 	C:\Program Files\Java\jdk1.8.0_73\jre\bin\zip.dll
0x000007fefd060000 - 0x000007fefdde9000 	C:\Windows\system32\SHELL32.dll
0x000007fefdf20000 - 0x000007fefe123000 	C:\Windows\system32\ole32.dll
0x000007fefcc50000 - 0x000007fefcc5f000 	C:\Windows\system32\profapi.dll

VM Arguments:
jvm_args: -Djava.awt.headless=true -Xmx1024M -Dfile.encoding=GBK -Duser.country=CN -Duser.language=zh -Duser.variant 
java_command: com.android.dx.command.Main --dex --num-threads=4 --output G:\GIT\ZhuHuRiBao\app\build\intermediates\pre-dexed\debug\jsoup-1.6.1_d817a196fff82f1c3db46e6965e0267f90846fee.jar G:\GIT\ZhuHuRiBao\app\libs\jsoup-1.6.1.jar
java_class_path (initial): D:\SDK\build-tools\23.0.3\lib\dx.jar
Launcher Type: SUN_STANDARD

Environment Variables:
JAVA_HOME=C:\Program Files\Java\jdk1.8.0_73
CLASSPATH=.;C:\Program Files\Java\jdk1.8.0_73\lib;C:\Program Files\Java\jdk1.8.0_73\lib\tools.jar
PATH=D:\MyPython\;D:\MyPython\Scripts;C:\ProgramData\Oracle\Java\javapath;C:\Windows\system32;C:\Windows;C:\Windows\System32\Wbem;C:\Windows\System32\WindowsPowerShell\v1.0\;C:\Program Files (x86)\Common Files\microsoft shared\TigerKin;C:\Program Files (x86)\NVIDIA Corporation\PhysX\Common;C:\Program Files (x86)\Common Files\microsoft shared\TigerKin;C:\Program Files\Java\jdk1.8.0_73\bin;C:\Program Files\Java\jdk1.8.0_73\jre\bin;C:\Users\admin\AppData\Local\Android\sdk\platform-tools
USERNAME=admin
OS=Windows_NT
PROCESSOR_IDENTIFIER=Intel64 Family 6 Model 60 Stepping 3, GenuineIntel



---------------  S Y S T E M  ---------------

OS: Windows 7 , 64 bit Build 7601 (6.1.7601.19160)

CPU:total 4 (4 cores per cpu, 1 threads per core) family 6 model 60 stepping 3, cmov, cx8, fxsr, mmx, sse, sse2, sse3, ssse3, sse4.1, sse4.2, popcnt, avx, avx2, aes, clmul, erms, rtm, lzcnt, tsc, tscinvbit, bmi1, bmi2

Memory: 4k page, physical 8353940k(2701096k free), swap 9400680k(5108k free)

vm_info: Java HotSpot(TM) 64-Bit Server VM (25.73-b02) for windows-amd64 JRE (1.8.0_73-b02), built on Jan 29 2016 17:38:49 by "java_re" with MS VC++ 10.0 (VS2010)

time: Wed Jul 20 23:31:01 2016
elapsed time: 6 seconds (0d 0h 0m 6s)

