#
# There is insufficient memory for the Java Runtime Environment to continue.
# Native memory allocation (malloc) failed to allocate 139120 bytes for Chunk::new
# Possible reasons:
#   The system is out of physical RAM or swap space
#   In 32 bit mode, the process size limit was hit
# Possible solutions:
#   Reduce memory load on the system
#   Increase physical memory or swap space
#   Check if swap backing store is full
#   Use 64 bit Java on a 64 bit OS
#   Decrease Java heap size (-Xmx/-Xms)
#   Decrease number of Java threads
#   Decrease Java thread stack sizes (-Xss)
#   Set larger code cache with -XX:ReservedCodeCacheSize=
# This output file may be truncated or incomplete.
#
#  Out of Memory Error (allocation.cpp:390), pid=8068, tid=5716
#
# JRE version: Java(TM) SE Runtime Environment (8.0_73-b02) (build 1.8.0_73-b02)
# Java VM: Java HotSpot(TM) 64-Bit Server VM (25.73-b02 mixed mode windows-amd64 compressed oops)
# Failed to write core dump. Minidumps are not enabled by default on client versions of Windows
#

---------------  T H R E A D  ---------------

Current thread (0x000000005622b000):  JavaThread "C2 CompilerThread1" daemon [_thread_in_native, id=5716, stack(0x0000000056a00000,0x0000000056b00000)]

Stack: [0x0000000056a00000,0x0000000056b00000]
[error occurred during error reporting (printing stack bounds), id 0xc0000005]

Native frames: (J=compiled Java code, j=interpreted, Vv=VM code, C=native code)


Current CompileTask:
C2:    757  903   !   4       com.android.dx.rop.code.RegisterSpec::intern (70 bytes)


---------------  P R O C E S S  ---------------

Java Threads: ( => current thread )
  0x00000000564f0800 JavaThread "pool-1-thread-4" [_thread_blocked, id=9180, stack(0x0000000057420000,0x0000000057520000)]
  0x00000000564d2000 JavaThread "pool-1-thread-3" [_thread_blocked, id=9172, stack(0x0000000057280000,0x0000000057380000)]
  0x00000000564cf000 JavaThread "pool-1-thread-2" [_thread_blocked, id=2788, stack(0x00000000570e0000,0x00000000571e0000)]
  0x00000000564e6000 JavaThread "pool-2-thread-1" [_thread_blocked, id=4224, stack(0x0000000055fe0000,0x00000000560e0000)]
  0x00000000564e5800 JavaThread "pool-1-thread-1" [_thread_blocked, id=7460, stack(0x0000000056f60000,0x0000000057060000)]
  0x0000000056234000 JavaThread "Service Thread" daemon [_thread_blocked, id=6716, stack(0x0000000056d30000,0x0000000056e30000)]
  0x0000000054dcb000 JavaThread "C1 CompilerThread2" daemon [_thread_blocked, id=5308, stack(0x0000000056b00000,0x0000000056c00000)]
=>0x000000005622b000 JavaThread "C2 CompilerThread1" daemon [_thread_in_native, id=5716, stack(0x0000000056a00000,0x0000000056b00000)]
  0x000000005621d000 JavaThread "C2 CompilerThread0" daemon [_thread_in_native, id=1300, stack(0x00000000568e0000,0x00000000569e0000)]
  0x000000005621b800 JavaThread "Attach Listener" daemon [_thread_blocked, id=1808, stack(0x0000000056760000,0x0000000056860000)]
  0x000000005621a800 JavaThread "Signal Dispatcher" daemon [_thread_blocked, id=1368, stack(0x0000000055de0000,0x0000000055ee0000)]
  0x0000000054d61000 JavaThread "Finalizer" daemon [_thread_blocked, id=7124, stack(0x0000000056110000,0x0000000056210000)]
  0x0000000054d60000 JavaThread "Reference Handler" daemon [_thread_blocked, id=7048, stack(0x0000000055ee0000,0x0000000055fe0000)]
  0x000000000207e800 JavaThread "main" [_thread_in_Java, id=8140, stack(0x00000000021b0000,0x00000000022b0000)]

Other Threads:
  0x0000000054d5a800 VMThread [stack: 0x0000000055c90000,0x0000000055d90000] [id=5020]
  0x00000000562bb000 WatcherThread [stack: 0x0000000056e50000,0x0000000056f50000] [id=6860]

VM state:not at safepoint (normal execution)

VM Mutex/Monitor currently owned by a thread: None

Heap:
 PSYoungGen      total 38400K, used 20929K [0x00000000eab00000, 0x00000000ed580000, 0x0000000100000000)
  eden space 33280K, 62% used [0x00000000eab00000,0x00000000ebf707e0,0x00000000ecb80000)
  from space 5120K, 0% used [0x00000000ed080000,0x00000000ed080000,0x00000000ed580000)
  to   space 5120K, 0% used [0x00000000ecb80000,0x00000000ecb80000,0x00000000ed080000)
 ParOldGen       total 87552K, used 0K [0x00000000c0000000, 0x00000000c5580000, 0x00000000eab00000)
  object space 87552K, 0% used [0x00000000c0000000,0x00000000c0000000,0x00000000c5580000)
 Metaspace       used 5921K, capacity 6774K, committed 7040K, reserved 1056768K
  class space    used 603K, capacity 622K, committed 640K, reserved 1048576K

Card table byte_map: [0x0000000011720000,0x0000000011930000] byte_map_base: 0x0000000011120000

Marking Bits: (ParMarkBitMap*) 0x0000000059310600
 Begin Bits: [0x00000000121d0000, 0x00000000131d0000)
 End Bits:   [0x00000000131d0000, 0x00000000141d0000)

Polling page: 0x0000000000210000

CodeCache: size=245760Kb used=3830Kb max_used=3830Kb free=241929Kb
 bounds [0x0000000002360000, 0x0000000002720000, 0x0000000011360000]
 total_blobs=1217 nmethods=946 adapters=184
 compilation: enabled

Compilation events (10 events):
Event: 0.752 Thread 0x0000000054dcb000  947       3       com.android.dx.util.IntList::shrink (42 bytes)
Event: 0.752 Thread 0x0000000054dcb000 nmethod 947 0x000000000271d9d0 code [0x000000000271db80, 0x000000000271e0a8]
Event: 0.752 Thread 0x0000000054dcb000  948       3       com.android.dx.dex.code.CstInsn::<init> (39 bytes)
Event: 0.752 Thread 0x0000000054dcb000 nmethod 948 0x000000000271e290 code [0x000000000271e420, 0x000000000271e738]
Event: 0.752 Thread 0x0000000054dcb000  945       1       com.android.dx.ssa.BasicRegisterMapper::getNewRegisterCount (5 bytes)
Event: 0.752 Thread 0x0000000054dcb000 nmethod 945 0x000000000271e890 code [0x000000000271e9e0, 0x000000000271eaf0]
Event: 0.752 Thread 0x0000000054dcb000  950       1       java.util.concurrent.atomic.AtomicInteger::get (5 bytes)
Event: 0.753 Thread 0x0000000054dcb000 nmethod 950 0x000000000271ef10 code [0x000000000271f060, 0x000000000271f170]
Event: 0.753 Thread 0x0000000054dcb000  951       3       com.android.dx.rop.type.Type::compareTo (9 bytes)
Event: 0.753 Thread 0x0000000054dcb000 nmethod 951 0x000000000271f1d0 code [0x000000000271f340, 0x000000000271f708]

GC Heap History (0 events):
No events

Deoptimization events (9 events):
Event: 0.431 Thread 0x00000000564f0800 Uncommon trap: reason=unstable_if action=reinterpret pc=0x00000000025986b4 method=java.util.HashMap.getNode(ILjava/lang/Object;)Ljava/util/HashMap$Node; @ 62
Event: 0.447 Thread 0x00000000564f0800 Uncommon trap: reason=unstable_if action=reinterpret pc=0x00000000025b42e0 method=java.util.BitSet.nextSetBit(I)I @ 87
Event: 0.699 Thread 0x00000000564f0800 Uncommon trap: reason=unstable_if action=reinterpret pc=0x00000000025faaa4 method=java.util.BitSet.ensureCapacity(I)V @ 6
Event: 0.735 Thread 0x000000000207e800 Uncommon trap: reason=class_check action=maybe_recompile pc=0x00000000026e1db8 method=com.android.dx.rop.type.Type.equals(Ljava/lang/Object;)Z @ 8
Event: 0.735 Thread 0x000000000207e800 Uncommon trap: reason=unstable_if action=reinterpret pc=0x00000000026d0de0 method=com.android.dx.rop.code.RegisterSpec.equals(ILcom/android/dx/rop/type/TypeBearer;Lcom/android/dx/rop/code/LocalItem;)Z @ 16
Event: 0.735 Thread 0x000000000207e800 Uncommon trap: reason=class_check action=maybe_recompile pc=0x00000000026e1db8 method=com.android.dx.rop.type.Type.equals(Ljava/lang/Object;)Z @ 8
Event: 0.735 Thread 0x000000000207e800 Uncommon trap: reason=class_check action=maybe_recompile pc=0x00000000026e1db8 method=com.android.dx.rop.type.Type.equals(Ljava/lang/Object;)Z @ 8
Event: 0.735 Thread 0x000000000207e800 Uncommon trap: reason=class_check action=maybe_recompile pc=0x00000000026e1db8 method=com.android.dx.rop.type.Type.equals(Ljava/lang/Object;)Z @ 8
Event: 0.735 Thread 0x000000000207e800 Uncommon trap: reason=class_check action=maybe_recompile pc=0x00000000026af4d8 method=com.android.dx.rop.type.Type.equals(Ljava/lang/Object;)Z @ 8

Internal exceptions (2 events):
Event: 0.052 Thread 0x000000000207e800 Exception <a 'java/lang/NoSuchMethodError': Method sun.misc.Unsafe.defineClass(Ljava/lang/String;[BII)Ljava/lang/Class; name or signature does not match> (0x00000000eab12f80) thrown at [D:\re\puppet\workspace\8-2-build-windows-amd64-cygwin\jdk8u73\6086\hotXýjCÿ“ª?
Event: 0.052 Thread 0x000000000207e800 Exception <a 'java/lang/NoSuchMethodError': Method sun.misc.Unsafe.prefetchRead(Ljava/lang/Object;J)V name or signature does not match> (0x00000000eab13268) thrown at [D:\re\puppet\workspace\8-2-build-windows-amd64-cygwin\jdk8u73\6086\hotspot\src\share\vm\

Events (10 events):
Event: 0.735 Thread 0x000000000207e800 Uncommon trap: trap_request=0xffffffde fr.pc=0x00000000026e1db8
Event: 0.735 Thread 0x000000000207e800 DEOPT PACKING pc=0x00000000026e1db8 sp=0x00000000022ad6d0
Event: 0.735 Thread 0x000000000207e800 DEOPT UNPACKING pc=0x00000000023a582a sp=0x00000000022ad4b0 mode 2
Event: 0.735 Thread 0x000000000207e800 Uncommon trap: trap_request=0xffffffde fr.pc=0x00000000026af4d8
Event: 0.735 Thread 0x000000000207e800 DEOPT PACKING pc=0x00000000026af4d8 sp=0x00000000022ad6e0
Event: 0.735 Thread 0x000000000207e800 DEOPT UNPACKING pc=0x00000000023a582a sp=0x00000000022ad688 mode 2
Event: 0.735 loading class java/util/HashMap$Values
Event: 0.735 loading class java/util/HashMap$Values done
Event: 0.735 loading class java/util/HashMap$ValueIterator
Event: 0.735 loading class java/util/HashMap$ValueIterator done


Dynamic libraries:
0x000000013fe60000 - 0x000000013fe97000 	C:\Program Files\Java\jdk1.8.0_73\bin\java.exe
0x0000000076d50000 - 0x0000000076efa000 	C:\Windows\SYSTEM32\ntdll.dll
0x0000000076c30000 - 0x0000000076d4f000 	C:\Windows\system32\kernel32.dll
0x000007fefcd00000 - 0x000007fefcd6b000 	C:\Windows\system32\KERNELBASE.dll
0x000007fefe720000 - 0x000007fefe7fb000 	C:\Windows\system32\ADVAPI32.dll
0x000007fefefc0000 - 0x000007feff05f000 	C:\Windows\system32\msvcrt.dll
0x000007fefeda0000 - 0x000007fefedbf000 	C:\Windows\SYSTEM32\sechost.dll
0x000007fefddf0000 - 0x000007fefdf1d000 	C:\Windows\system32\RPCRT4.dll
0x0000000076b30000 - 0x0000000076c2a000 	C:\Windows\system32\USER32.dll
0x000007fefef50000 - 0x000007fefefb7000 	C:\Windows\system32\GDI32.dll
0x000007fefed90000 - 0x000007fefed9e000 	C:\Windows\system32\LPK.dll
0x000007fefe810000 - 0x000007fefe8da000 	C:\Windows\system32\USP10.dll
0x000007fefb5d0000 - 0x000007fefb7c4000 	C:\Windows\WinSxS\amd64_microsoft.windows.common-controls_6595b64144ccf1df_6.0.7601.18837_none_fa3b1e3d17594757\COMCTL32.dll
0x000007fefe680000 - 0x000007fefe6f1000 	C:\Windows\system32\SHLWAPI.dll
0x000007fefebe0000 - 0x000007fefec0e000 	C:\Windows\system32\IMM32.DLL
0x000007fefee40000 - 0x000007fefef49000 	C:\Windows\system32\MSCTF.dll
0x0000000058700000 - 0x00000000587d2000 	C:\Program Files\Java\jdk1.8.0_73\jre\bin\msvcr100.dll
0x0000000058b00000 - 0x0000000059390000 	C:\Program Files\Java\jdk1.8.0_73\jre\bin\server\jvm.dll
0x000007fef4f90000 - 0x000007fef4f99000 	C:\Windows\system32\WSOCK32.dll
0x000007fefe4a0000 - 0x000007fefe4ed000 	C:\Windows\system32\WS2_32.dll
0x000007fefe800000 - 0x000007fefe808000 	C:\Windows\system32\NSI.dll
0x000007fefa280000 - 0x000007fefa2bb000 	C:\Windows\system32\WINMM.dll
0x000007fefbd90000 - 0x000007fefbd9c000 	C:\Windows\system32\VERSION.dll
0x0000000076f10000 - 0x0000000076f17000 	C:\Windows\system32\PSAPI.DLL
0x0000000061970000 - 0x000000006197f000 	C:\Program Files\Java\jdk1.8.0_73\jre\bin\verify.dll
0x0000000061940000 - 0x0000000061969000 	C:\Program Files\Java\jdk1.8.0_73\jre\bin\java.dll
0x0000000061860000 - 0x0000000061876000 	C:\Program Files\Java\jdk1.8.0_73\jre\bin\zip.dll
0x000007fefd060000 - 0x000007fefdde9000 	C:\Windows\system32\SHELL32.dll
0x000007fefdf20000 - 0x000007fefe123000 	C:\Windows\system32\ole32.dll
0x000007fefcc50000 - 0x000007fefcc5f000 	C:\Windows\system32\profapi.dll

VM Arguments:
jvm_args: -Djava.awt.headless=true -Xmx1024M -Dfile.encoding=GBK -Duser.country=CN -Duser.language=zh -Duser.variant 
java_command: com.android.dx.command.Main --dex --num-threads=4 --output G:\GIT\ZhuHuRiBao\app\build\intermediates\pre-dexed\debug\com.android.support-recyclerview-v7-23.4.0_b5b3a121623e1dd016cad874c899eafd8bf24281.jar G:\GIT\ZhuHuRiBao\app\build\intermediates\exploded-aar\com.android.support\recyclerview-v7\23.4.0\jars\classes.jar
java_class_path (initial): D:\SDK\build-tools\23.0.3\lib\dx.jar
Launcher Type: SUN_STANDARD

Environment Variables:
JAVA_HOME=C:\Program Files\Java\jdk1.8.0_73
CLASSPATH=.;C:\Program Files\Java\jdk1.8.0_73\lib;C:\Program Files\Java\jdk1.8.0_73\lib\tools.jar
PATH=D:\MyPython\;D:\MyPython\Scripts;C:\ProgramData\Oracle\Java\javapath;C:\Windows\system32;C:\Windows;C:\Windows\System32\Wbem;C:\Windows\System32\WindowsPowerShell\v1.0\;C:\Program Files (x86)\Common Files\microsoft shared\TigerKin;C:\Program Files (x86)\NVIDIA Corporation\PhysX\Common;C:\Program Files (x86)\Common Files\microsoft shared\TigerKin;C:\Program Files\Java\jdk1.8.0_73\bin;C:\Program Files\Java\jdk1.8.0_73\jre\bin;C:\Users\admin\AppData\Local\Android\sdk\platform-tools
USERNAME=admin
OS=Windows_NT
PROCESSOR_IDENTIFIER=Intel64 Family 6 Model 60 Stepping 3, GenuineIntel



---------------  S Y S T E M  ---------------

OS: Windows 7 , 64 bit Build 7601 (6.1.7601.19160)

CPU:total 4 (4 cores per cpu, 1 threads per core) family 6 model 60 stepping 3, cmov, cx8, fxsr, mmx, sse, sse2, sse3, ssse3, sse4.1, sse4.2, popcnt, avx, avx2, aes, clmul, erms, rtm, lzcnt, tsc, tscinvbit, bmi1, bmi2

Memory: 4k page, physical 8353940k(2007044k free), swap 9400680k(5192k free)

vm_info: Java HotSpot(TM) 64-Bit Server VM (25.73-b02) for windows-amd64 JRE (1.8.0_73-b02), built on Jan 29 2016 17:38:49 by "java_re" with MS VC++ 10.0 (VS2010)

time: Wed Jul 20 22:37:47 2016
elapsed time: 0 seconds (0d 0h 0m 0s)

