#
# There is insufficient memory for the Java Runtime Environment to continue.
# Native memory allocation (malloc) failed to allocate 619376 bytes for Chunk::new
# Possible reasons:
#   The system is out of physical RAM or swap space
#   In 32 bit mode, the process size limit was hit
# Possible solutions:
#   Reduce memory load on the system
#   Increase physical memory or swap space
#   Check if swap backing store is full
#   Use 64 bit Java on a 64 bit OS
#   Decrease Java heap size (-Xmx/-Xms)
#   Decrease number of Java threads
#   Decrease Java thread stack sizes (-Xss)
#   Set larger code cache with -XX:ReservedCodeCacheSize=
# This output file may be truncated or incomplete.
#
#  Out of Memory Error (allocation.cpp:390), pid=6732, tid=3248
#
# JRE version: Java(TM) SE Runtime Environment (8.0_73-b02) (build 1.8.0_73-b02)
# Java VM: Java HotSpot(TM) 64-Bit Server VM (25.73-b02 mixed mode windows-amd64 compressed oops)
# Failed to write core dump. Minidumps are not enabled by default on client versions of Windows
#

---------------  T H R E A D  ---------------

Current thread (0x0000000055fb7000):  JavaThread "C2 CompilerThread1" daemon [_thread_in_native, id=3248, stack(0x00000000563b0000,0x00000000564b0000)]

Stack: [0x00000000563b0000,0x00000000564b0000]
[error occurred during error reporting (printing stack bounds), id 0xc0000005]

Native frames: (J=compiled Java code, j=interpreted, Vv=VM code, C=native code)


Current CompileTask:
C2:   4363 1846       4       com.android.dx.dex.code.OutputFinisher::addConstants (93 bytes)


---------------  P R O C E S S  ---------------

Java Threads: ( => current thread )
  0x000000005602c000 JavaThread "Service Thread" daemon [_thread_blocked, id=4632, stack(0x0000000056a90000,0x0000000056b90000)]
  0x0000000055fb8800 JavaThread "C1 CompilerThread2" daemon [_thread_blocked, id=10524, stack(0x0000000056740000,0x0000000056840000)]
=>0x0000000055fb7000 JavaThread "C2 CompilerThread1" daemon [_thread_in_native, id=3248, stack(0x00000000563b0000,0x00000000564b0000)]
  0x0000000055fb1000 JavaThread "C2 CompilerThread0" daemon [_thread_in_native, id=7932, stack(0x0000000056850000,0x0000000056950000)]
  0x0000000055fae000 JavaThread "Attach Listener" daemon [_thread_blocked, id=10740, stack(0x0000000056620000,0x0000000056720000)]
  0x0000000054c1f000 JavaThread "Signal Dispatcher" daemon [_thread_blocked, id=8448, stack(0x00000000564b0000,0x00000000565b0000)]
  0x0000000054bb0800 JavaThread "Finalizer" daemon [_thread_blocked, id=5688, stack(0x0000000055ea0000,0x0000000055fa0000)]
  0x0000000054baf800 JavaThread "Reference Handler" daemon [_thread_blocked, id=10656, stack(0x0000000055c90000,0x0000000055d90000)]
  0x000000000207e800 JavaThread "main" [_thread_in_Java, id=7560, stack(0x00000000021c0000,0x00000000022c0000)]

Other Threads:
  0x0000000054baa000 VMThread [stack: 0x0000000055b60000,0x0000000055c60000] [id=6760]
  0x00000000560bb800 WatcherThread [stack: 0x0000000056c30000,0x0000000056d30000] [id=8560]

VM state:not at safepoint (normal execution)

VM Mutex/Monitor currently owned by a thread: None

Heap:
 PSYoungGen      total 71680K, used 52019K [0x00000000eab00000, 0x00000000ef600000, 0x0000000100000000)
  eden space 66560K, 70% used [0x00000000eab00000,0x00000000ed8d0480,0x00000000eec00000)
  from space 5120K, 99% used [0x00000000ef100000,0x00000000ef5fcab8,0x00000000ef600000)
  to   space 5120K, 0% used [0x00000000eec00000,0x00000000eec00000,0x00000000ef100000)
 ParOldGen       total 87552K, used 6267K [0x00000000c0000000, 0x00000000c5580000, 0x00000000eab00000)
  object space 87552K, 7% used [0x00000000c0000000,0x00000000c061ef98,0x00000000c5580000)
 Metaspace       used 6618K, capacity 7448K, committed 7680K, reserved 1056768K
  class space    used 625K, capacity 656K, committed 768K, reserved 1048576K

Card table byte_map: [0x0000000011680000,0x0000000011890000] byte_map_base: 0x0000000011080000

Marking Bits: (ParMarkBitMap*) 0x000000006b460600
 Begin Bits: [0x0000000012020000, 0x0000000013020000)
 End Bits:   [0x0000000013020000, 0x0000000014020000)

Polling page: 0x0000000000210000

CodeCache: size=245760Kb used=8352Kb max_used=8352Kb free=237407Kb
 bounds [0x00000000022c0000, 0x0000000002af0000, 0x00000000112c0000]
 total_blobs=2376 nmethods=2103 adapters=185
 compilation: enabled

Compilation events (10 events):
Event: 4.361 Thread 0x0000000055fb8800 2118       3       com.android.dx.dex.file.OffsettedItem::writeSize (22 bytes)
Event: 4.361 Thread 0x0000000055fb8800 nmethod 2118 0x0000000002aebb90 code [0x0000000002aebd00, 0x0000000002aebf68]
Event: 4.361 Thread 0x0000000055fb8800 2119       3       com.android.dx.dex.file.DebugInfoEncoder::emitAdvancePc (82 bytes)
Event: 4.361 Thread 0x0000000055fb8800 nmethod 2119 0x0000000002aec050 code [0x0000000002aec280, 0x0000000002aecf08]
Event: 4.361 Thread 0x0000000055fb8800 2120       3       com.android.dx.util.ByteArrayAnnotatedOutput::writeUleb128 (34 bytes)
Event: 4.361 Thread 0x0000000055fb8800 nmethod 2120 0x0000000002aed510 code [0x0000000002aed680, 0x0000000002aed8b8]
Event: 4.362 Thread 0x0000000055fb8800 2122       3       com.android.dx.dex.file.DebugInfoEncoder::emitAdvanceLine (82 bytes)
Event: 4.362 Thread 0x0000000055fb8800 nmethod 2122 0x0000000002aed990 code [0x0000000002aedbc0, 0x0000000002aee848]
Event: 4.362 Thread 0x0000000055fb8800 2123       3       com.android.dex.Leb128::writeSignedLeb128 (83 bytes)
Event: 4.363 Thread 0x0000000055fb8800 nmethod 2123 0x0000000002aeee50 code [0x0000000002aeefe0, 0x0000000002aef408]

GC Heap History (4 events):
Event: 1.263 GC heap before
{Heap before GC invocations=1 (full 0):
 PSYoungGen      total 38400K, used 33280K [0x00000000eab00000, 0x00000000ed580000, 0x0000000100000000)
  eden space 33280K, 100% used [0x00000000eab00000,0x00000000ecb80000,0x00000000ecb80000)
  from space 5120K, 0% used [0x00000000ed080000,0x00000000ed080000,0x00000000ed580000)
  to   space 5120K, 0% used [0x00000000ecb80000,0x00000000ecb80000,0x00000000ed080000)
 ParOldGen       total 87552K, used 0K [0x00000000c0000000, 0x00000000c5580000, 0x00000000eab00000)
  object space 87552K, 0% used [0x00000000c0000000,0x00000000c0000000,0x00000000c5580000)
 Metaspace       used 6020K, capacity 6964K, committed 7040K, reserved 1056768K
  class space    used 601K, capacity 620K, committed 640K, reserved 1048576K
Event: 1.646 GC heap after
Heap after GC invocations=1 (full 0):
 PSYoungGen      total 38400K, used 5105K [0x00000000eab00000, 0x00000000ef600000, 0x0000000100000000)
  eden space 33280K, 0% used [0x00000000eab00000,0x00000000eab00000,0x00000000ecb80000)
  from space 5120K, 99% used [0x00000000ecb80000,0x00000000ed07c550,0x00000000ed080000)
  to   space 5120K, 0% used [0x00000000ef100000,0x00000000ef100000,0x00000000ef600000)
 ParOldGen       total 87552K, used 1356K [0x00000000c0000000, 0x00000000c5580000, 0x00000000eab00000)
  object space 87552K, 1% used [0x00000000c0000000,0x00000000c01532e8,0x00000000c5580000)
 Metaspace       used 6020K, capacity 6964K, committed 7040K, reserved 1056768K
  class space    used 601K, capacity 620K, committed 640K, reserved 1048576K
}
Event: 3.555 GC heap before
{Heap before GC invocations=2 (full 0):
 PSYoungGen      total 38400K, used 38385K [0x00000000eab00000, 0x00000000ef600000, 0x0000000100000000)
  eden space 33280K, 100% used [0x00000000eab00000,0x00000000ecb80000,0x00000000ecb80000)
  from space 5120K, 99% used [0x00000000ecb80000,0x00000000ed07c550,0x00000000ed080000)
  to   space 5120K, 0% used [0x00000000ef100000,0x00000000ef100000,0x00000000ef600000)
 ParOldGen       total 87552K, used 1356K [0x00000000c0000000, 0x00000000c5580000, 0x00000000eab00000)
  object space 87552K, 1% used [0x00000000c0000000,0x00000000c01532e8,0x00000000c5580000)
 Metaspace       used 6207K, capacity 7092K, committed 7296K, reserved 1056768K
  class space    used 602K, capacity 620K, committed 640K, reserved 1048576K
Event: 3.702 GC heap after
Heap after GC invocations=2 (full 0):
 PSYoungGen      total 71680K, used 5106K [0x00000000eab00000, 0x00000000ef600000, 0x0000000100000000)
  eden space 66560K, 0% used [0x00000000eab00000,0x00000000eab00000,0x00000000eec00000)
  from space 5120K, 99% used [0x00000000ef100000,0x00000000ef5fcab8,0x00000000ef600000)
  to   space 5120K, 0% used [0x00000000eec00000,0x00000000eec00000,0x00000000ef100000)
 ParOldGen       total 87552K, used 6267K [0x00000000c0000000, 0x00000000c5580000, 0x00000000eab00000)
  object space 87552K, 7% used [0x00000000c0000000,0x00000000c061ef98,0x00000000c5580000)
 Metaspace       used 6207K, capacity 7092K, committed 7296K, reserved 1056768K
  class space    used 602K, capacity 620K, committed 640K, reserved 1048576K
}

Deoptimization events (10 events):
Event: 4.085 Thread 0x000000000207e800 Uncommon trap: reason=bimorphic action=maybe_recompile pc=0x0000000002501198 method=java.util.HashMap.getNode(ILjava/lang/Object;)Ljava/util/HashMap$Node; @ 126
Event: 4.085 Thread 0x000000000207e800 Uncommon trap: reason=bimorphic action=maybe_recompile pc=0x0000000002501198 method=java.util.HashMap.getNode(ILjava/lang/Object;)Ljava/util/HashMap$Node; @ 126
Event: 4.085 Thread 0x000000000207e800 Uncommon trap: reason=bimorphic action=maybe_recompile pc=0x0000000002501198 method=java.util.HashMap.getNode(ILjava/lang/Object;)Ljava/util/HashMap$Node; @ 126
Event: 4.085 Thread 0x000000000207e800 Uncommon trap: reason=bimorphic action=maybe_recompile pc=0x0000000002501198 method=java.util.HashMap.getNode(ILjava/lang/Object;)Ljava/util/HashMap$Node; @ 126
Event: 4.086 Thread 0x000000000207e800 Uncommon trap: reason=class_check action=maybe_recompile pc=0x00000000027a6188 method=java.util.HashMap.putVal(ILjava/lang/Object;Ljava/lang/Object;ZZ)Ljava/lang/Object; @ 203
Event: 4.091 Thread 0x000000000207e800 Uncommon trap: reason=class_check action=maybe_recompile pc=0x00000000027a6188 method=java.util.HashMap.putVal(ILjava/lang/Object;Ljava/lang/Object;ZZ)Ljava/lang/Object; @ 203
Event: 4.091 Thread 0x000000000207e800 Uncommon trap: reason=class_check action=maybe_recompile pc=0x00000000027a6188 method=java.util.HashMap.putVal(ILjava/lang/Object;Ljava/lang/Object;ZZ)Ljava/lang/Object; @ 203
Event: 4.091 Thread 0x000000000207e800 Uncommon trap: reason=class_check action=maybe_recompile pc=0x00000000027a6188 method=java.util.HashMap.putVal(ILjava/lang/Object;Ljava/lang/Object;ZZ)Ljava/lang/Object; @ 203
Event: 4.091 Thread 0x000000000207e800 Uncommon trap: reason=class_check action=maybe_recompile pc=0x00000000027aa708 method=java.util.HashMap.putVal(ILjava/lang/Object;Ljava/lang/Object;ZZ)Ljava/lang/Object; @ 203
Event: 4.183 Thread 0x000000000207e800 Uncommon trap: reason=unstable_if action=reinterpret pc=0x000000000290bee0 method=java.util.TreeMap.put(Ljava/lang/Object;Ljava/lang/Object;)Ljava/lang/Object; @ 163

Internal exceptions (5 events):
Event: 0.063 Thread 0x000000000207e800 Exception <a 'java/lang/NoSuchMethodError': Method sun.misc.Unsafe.defineClass(Ljava/lang/String;[BII)Ljava/lang/Class; name or signature does not match> (0x00000000eab130b8) thrown at [D:\re\puppet\workspace\8-2-build-windows-amd64-cygwin\jdk8u73\6086\hot‘=	T'°?
Event: 0.063 Thread 0x000000000207e800 Exception <a 'java/lang/NoSuchMethodError': Method sun.misc.Unsafe.prefetchRead(Ljava/lang/Object;J)V name or signature does not match> (0x00000000eab133a0) thrown at [D:\re\puppet\workspace\8-2-build-windows-amd64-cygwin\jdk8u73\6086\hotspot\src\share\vm\B8=K«â?
Event: 0.583 Thread 0x0000000056323800 Implicit null exception at 0x000000000253253e to 0x0000000002533f51
Event: 0.937 Thread 0x0000000056327000 Implicit null exception at 0x0000000002529fbe to 0x000000000252b92d
Event: 4.029 Thread 0x0000000056327000 Implicit null exception at 0x00000000027b4ad5 to 0x00000000027b4c91

Events (10 events):
Event: 4.271 Thread 0x000000000207e800 DEOPT PACKING pc=0x0000000002a52600 sp=0x00000000022bed30
Event: 4.271 Thread 0x000000000207e800 DEOPT UNPACKING pc=0x000000000230787f sp=0x00000000022bea58 mode 0
Event: 4.275 loading class com/android/dx/dex/file/DebugInfoEncoder
Event: 4.275 loading class com/android/dx/dex/file/DebugInfoEncoder done
Event: 4.276 loading class com/android/dx/dex/file/DebugInfoEncoder$1
Event: 4.276 loading class com/android/dx/dex/file/DebugInfoEncoder$1 done
Event: 4.276 loading class com/android/dx/dex/file/DebugInfoEncoder$2
Event: 4.276 loading class com/android/dx/dex/file/DebugInfoEncoder$2 done
Event: 4.363 loading class com/android/dex/EncodedValueCodec
Event: 4.363 loading class com/android/dex/EncodedValueCodec done


Dynamic libraries:
0x000000013fe10000 - 0x000000013fe47000 	C:\Program Files\Java\jdk1.8.0_73\bin\java.exe
0x0000000077790000 - 0x000000007793a000 	C:\Windows\SYSTEM32\ntdll.dll
0x0000000077670000 - 0x000000007778f000 	C:\Windows\system32\kernel32.dll
0x000007fefd740000 - 0x000007fefd7ab000 	C:\Windows\system32\KERNELBASE.dll
0x000007fefddf0000 - 0x000007fefdecb000 	C:\Windows\system32\ADVAPI32.dll
0x000007fefded0000 - 0x000007fefdf6f000 	C:\Windows\system32\msvcrt.dll
0x000007fefec20000 - 0x000007fefec3f000 	C:\Windows\SYSTEM32\sechost.dll
0x000007fefe490000 - 0x000007fefe5bd000 	C:\Windows\system32\RPCRT4.dll
0x0000000077570000 - 0x000000007766a000 	C:\Windows\system32\USER32.dll
0x000007fefec40000 - 0x000007fefeca7000 	C:\Windows\system32\GDI32.dll
0x000007fefe040000 - 0x000007fefe04e000 	C:\Windows\system32\LPK.dll
0x000007fefdf70000 - 0x000007fefe03a000 	C:\Windows\system32\USP10.dll
0x000007fefbfe0000 - 0x000007fefc1d4000 	C:\Windows\WinSxS\amd64_microsoft.windows.common-controls_6595b64144ccf1df_6.0.7601.18837_none_fa3b1e3d17594757\COMCTL32.dll
0x000007fefe7f0000 - 0x000007fefe861000 	C:\Windows\system32\SHLWAPI.dll
0x000007fefeae0000 - 0x000007fefeb0e000 	C:\Windows\system32\IMM32.DLL
0x000007fefeb10000 - 0x000007fefec19000 	C:\Windows\system32\MSCTF.dll
0x00000000621f0000 - 0x00000000622c2000 	C:\Program Files\Java\jdk1.8.0_73\jre\bin\msvcr100.dll
0x000000006ac50000 - 0x000000006b4e0000 	C:\Program Files\Java\jdk1.8.0_73\jre\bin\server\jvm.dll
0x000007fef3f80000 - 0x000007fef3f89000 	C:\Windows\system32\WSOCK32.dll
0x000007fefdb40000 - 0x000007fefdb8d000 	C:\Windows\system32\WS2_32.dll
0x000007fefe870000 - 0x000007fefe878000 	C:\Windows\system32\NSI.dll
0x000007fefad90000 - 0x000007fefadcb000 	C:\Windows\system32\WINMM.dll
0x000007fefc7d0000 - 0x000007fefc7dc000 	C:\Windows\system32\VERSION.dll
0x0000000077950000 - 0x0000000077957000 	C:\Windows\system32\PSAPI.DLL
0x000000006ab60000 - 0x000000006ab6f000 	C:\Program Files\Java\jdk1.8.0_73\jre\bin\verify.dll
0x000000006ab30000 - 0x000000006ab59000 	C:\Program Files\Java\jdk1.8.0_73\jre\bin\java.dll
0x000000006ab10000 - 0x000000006ab26000 	C:\Program Files\Java\jdk1.8.0_73\jre\bin\zip.dll
0x000007fefecb0000 - 0x000007feffa39000 	C:\Windows\system32\SHELL32.dll
0x000007fefe5e0000 - 0x000007fefe7e3000 	C:\Windows\system32\ole32.dll
0x000007fefd690000 - 0x000007fefd69f000 	C:\Windows\system32\profapi.dll

VM Arguments:
jvm_args: -Djava.awt.headless=true -Xmx1024M -Dfile.encoding=GBK -Duser.country=CN -Duser.language=zh -Duser.variant 
java_command: com.android.dx.command.Main --dex --num-threads=4 --output G:\GIT\ZhuHuRiBao\app\build\intermediates\pre-dexed\debug\gson-2.3.1_5cb1273f54f83a2bf1bb9957139f0b46c3d09ab2.jar G:\GIT\ZhuHuRiBao\app\libs\gson-2.3.1.jar
java_class_path (initial): D:\SDK\build-tools\23.0.3\lib\dx.jar
Launcher Type: SUN_STANDARD

Environment Variables:



---------------  S Y S T E M  ---------------

OS: Windows 7 , 64 bit Build 7601 (6.1.7601.19160)

CPU:total 4 (4 cores per cpu, 1 threads per core) family 6 model 60 stepping 3, cmov, cx8, fxsr, mmx, sse, sse2, sse3, ssse3, sse4.1, sse4.2, popcnt, avx, avx2, aes, clmul, erms, rtm, lzcnt, tsc, tscinvbit, bmi1, bmi2

Memory: 4k page, physical 8353940k(2430836k free), swap 9400680k(4904k free)

vm_info: Java HotSpot(TM) 64-Bit Server VM (25.73-b02) for windows-amd64 JRE (1.8.0_73-b02), built on Jan 29 2016 17:38:49 by "java_re" with MS VC++ 10.0 (VS2010)

time: Thu Jul 07 00:32:05 2016
elapsed time: 4 seconds (0d 0h 0m 4s)

