#
# There is insufficient memory for the Java Runtime Environment to continue.
# Native memory allocation (malloc) failed to allocate 38176 bytes for Chunk::new
# Possible reasons:
#   The system is out of physical RAM or swap space
#   In 32 bit mode, the process size limit was hit
# Possible solutions:
#   Reduce memory load on the system
#   Increase physical memory or swap space
#   Check if swap backing store is full
#   Use 64 bit Java on a 64 bit OS
#   Decrease Java heap size (-Xmx/-Xms)
#   Decrease number of Java threads
#   Decrease Java thread stack sizes (-Xss)
#   Set larger code cache with -XX:ReservedCodeCacheSize=
# This output file may be truncated or incomplete.
#
#  Out of Memory Error (allocation.cpp:390), pid=8356, tid=8472
#
# JRE version: Java(TM) SE Runtime Environment (8.0_73-b02) (build 1.8.0_73-b02)
# Java VM: Java HotSpot(TM) 64-Bit Server VM (25.73-b02 mixed mode windows-amd64 compressed oops)
# Failed to write core dump. Minidumps are not enabled by default on client versions of Windows
#

---------------  T H R E A D  ---------------

Current thread (0x0000000055f8b000):  JavaThread "C2 CompilerThread0" daemon [_thread_in_native, id=8472, stack(0x0000000056920000,0x0000000056a20000)]

Stack: [0x0000000056920000,0x0000000056a20000]
[error occurred during error reporting (printing stack bounds), id 0xc0000005]

Native frames: (J=compiled Java code, j=interpreted, Vv=VM code, C=native code)


Current CompileTask:
C2:    809  150       4       java.lang.String::startsWith (72 bytes)


---------------  P R O C E S S  ---------------

Java Threads: ( => current thread )
  0x0000000056286000 JavaThread "pool-1-thread-2" [_thread_new, id=7504, stack(0x0000000000000000,0x0000000000000000)]
  0x00000000562b6800 JavaThread "pool-2-thread-1" [_thread_new, id=5640, stack(0x0000000000000000,0x0000000000000000)]
  0x00000000562b6000 JavaThread "pool-1-thread-1" [_thread_new, id=7272, stack(0x0000000000000000,0x0000000000000000)]
  0x0000000055ff3800 JavaThread "Service Thread" daemon [_thread_blocked, id=4624, stack(0x0000000056bb0000,0x0000000056cb0000)]
  0x0000000055f94800 JavaThread "C1 CompilerThread2" daemon [_thread_in_native, id=8868, stack(0x0000000056a30000,0x0000000056b30000)]
  0x0000000054c2f800 JavaThread "C2 CompilerThread1" daemon [_thread_in_native, id=7868, stack(0x0000000056550000,0x0000000056650000)]
=>0x0000000055f8b000 JavaThread "C2 CompilerThread0" daemon [_thread_in_native, id=8472, stack(0x0000000056920000,0x0000000056a20000)]
  0x0000000055f8a000 JavaThread "Attach Listener" daemon [_thread_blocked, id=10164, stack(0x0000000056650000,0x0000000056750000)]
  0x0000000054c1e800 JavaThread "Signal Dispatcher" daemon [_thread_blocked, id=6408, stack(0x0000000056450000,0x0000000056550000)]
  0x0000000054bc0800 JavaThread "Finalizer" daemon [_thread_blocked, id=8988, stack(0x0000000055e80000,0x0000000055f80000)]
  0x0000000054bbf800 JavaThread "Reference Handler" daemon [_thread_blocked, id=672, stack(0x0000000055d20000,0x0000000055e20000)]
  0x00000000020de800 JavaThread "main" [_thread_in_vm, id=10084, stack(0x0000000002330000,0x0000000002430000)]

Other Threads:
  0x0000000054bba000 VMThread [stack: 0x0000000055b60000,0x0000000055c60000] [id=9616]
  0x0000000056028000 WatcherThread [stack: 0x0000000056db0000,0x0000000056eb0000] [id=2000]

VM state:not at safepoint (normal execution)

VM Mutex/Monitor currently owned by a thread: None

Heap:
 PSYoungGen      total 38400K, used 9989K [0x00000000eab00000, 0x00000000ed580000, 0x0000000100000000)
  eden space 33280K, 30% used [0x00000000eab00000,0x00000000eb4c15a8,0x00000000ecb80000)
  from space 5120K, 0% used [0x00000000ed080000,0x00000000ed080000,0x00000000ed580000)
  to   space 5120K, 0% used [0x00000000ecb80000,0x00000000ecb80000,0x00000000ed080000)
 ParOldGen       total 87552K, used 0K [0x00000000c0000000, 0x00000000c5580000, 0x00000000eab00000)
  object space 87552K, 0% used [0x00000000c0000000,0x00000000c0000000,0x00000000c5580000)
 Metaspace       used 4000K, capacity 5104K, committed 5376K, reserved 1056768K
  class space    used 456K, capacity 488K, committed 512K, reserved 1048576K

Card table byte_map: [0x00000000117f0000,0x0000000011a00000] byte_map_base: 0x00000000111f0000

Marking Bits: (ParMarkBitMap*) 0x000000006b890600
 Begin Bits: [0x0000000012030000, 0x0000000013030000)
 End Bits:   [0x0000000013030000, 0x0000000014030000)

Polling page: 0x0000000000220000

CodeCache: size=245760Kb used=1371Kb max_used=1371Kb free=244388Kb
 bounds [0x0000000002430000, 0x00000000026a0000, 0x0000000011430000]
 total_blobs=400 nmethods=140 adapters=173
 compilation: enabled

Compilation events (10 events):
Event: 0.732 Thread 0x0000000055f8b000 nmethod 108 0x000000000257f490 code [0x000000000257f640, 0x0000000002580418]
Event: 0.762 Thread 0x0000000055f94800  124       3       sun.misc.MetaIndex::mayContain (51 bytes)
Event: 0.762 Thread 0x0000000055f94800 nmethod 124 0x000000000257d1d0 code [0x000000000257d380, 0x000000000257d9f8]
Event: 0.808 Thread 0x0000000054c2f800  142       4       java.lang.String::replace (127 bytes)
Event: 0.808 Thread 0x0000000055f8b000  150       4       java.lang.String::startsWith (72 bytes)
Event: 0.808 Thread 0x0000000055f94800  144       2       com.android.dx.util.ByteArray::getUnsignedByte0 (16 bytes)
Event: 0.809 Thread 0x0000000055f94800 nmethod 144 0x00000000025820d0 code [0x0000000002582220, 0x0000000002582390]
Event: 0.809 Thread 0x0000000055f94800  145       2       com.android.dx.util.ByteArray::checkOffsets (66 bytes)
Event: 0.809 Thread 0x0000000055f94800 nmethod 145 0x0000000002581710 code [0x00000000025818e0, 0x0000000002581d78]
Event: 0.809 Thread 0x0000000055f94800  146       3       com.android.dx.util.ByteArray::getUnsignedByte (14 bytes)

GC Heap History (0 events):
No events

Deoptimization events (0 events):
No events

Internal exceptions (3 events):
Event: 0.038 Thread 0x00000000020de800 Exception <a 'java/lang/NoSuchMethodError': Method sun.misc.Unsafe.defineClass(Ljava/lang/String;[BII)Ljava/lang/Class; name or signature does not match> (0x00000000eab130b8) thrown at [D:\re\puppet\workspace\8-2-build-windows-amd64-cygwin\jdk8u73\6086\hotçAçØkx£?
Event: 0.038 Thread 0x00000000020de800 Exception <a 'java/lang/NoSuchMethodError': Method sun.misc.Unsafe.prefetchRead(Ljava/lang/Object;J)V name or signature does not match> (0x00000000eab133a0) thrown at [D:\re\puppet\workspace\8-2-build-windows-amd64-cygwin\jdk8u73\6086\hotspot\src\share\vm\Õ4üd‹È?
Event: 0.808 Thread 0x00000000020de800 Exception <a 'java/lang/OutOfMemoryError': unable to create new native thread> (0x00000000eb446748) thrown at [D:\re\puppet\workspace\8-2-build-windows-amd64-cygwin\jdk8u73\6086\hotspot\src\share\vm\prims\jvm.cpp, line 3020]

Events (10 events):
Event: 0.805 loading class com/android/dx/command/dexer/Main$ClassDefItemConsumer done
Event: 0.806 Thread 0x00000000562b6800 Thread added: 0x00000000562b6800
Event: 0.806 loading class com/android/dx/cf/direct/DirectClassFile$DcfTypeList
Event: 0.806 loading class com/android/dx/cf/direct/DirectClassFile$DcfTypeList done
Event: 0.807 loading class com/android/dx/rop/annotation/NameValuePair
Event: 0.807 loading class com/android/dx/rop/annotation/NameValuePair done
Event: 0.807 loading class com/android/dx/cf/attrib/AttRuntimeVisibleAnnotations
Event: 0.807 loading class com/android/dx/cf/attrib/AttRuntimeVisibleAnnotations done
Event: 0.807 Thread 0x0000000056286000 Thread added: 0x0000000056286000
Event: 0.808 loading class java/lang/Throwable$WrappedPrintStream


Dynamic libraries:
0x000000013f9d0000 - 0x000000013fa07000 	C:\Program Files\Java\jdk1.8.0_73\bin\java.exe
0x0000000076d50000 - 0x0000000076efa000 	C:\Windows\SYSTEM32\ntdll.dll
0x0000000076c30000 - 0x0000000076d4f000 	C:\Windows\system32\kernel32.dll
0x000007fefcd00000 - 0x000007fefcd6b000 	C:\Windows\system32\KERNELBASE.dll
0x000007fefe720000 - 0x000007fefe7fb000 	C:\Windows\system32\ADVAPI32.dll
0x000007fefefc0000 - 0x000007feff05f000 	C:\Windows\system32\msvcrt.dll
0x000007fefeda0000 - 0x000007fefedbf000 	C:\Windows\SYSTEM32\sechost.dll
0x000007fefddf0000 - 0x000007fefdf1d000 	C:\Windows\system32\RPCRT4.dll
0x0000000076b30000 - 0x0000000076c2a000 	C:\Windows\system32\USER32.dll
0x000007fefef50000 - 0x000007fefefb7000 	C:\Windows\system32\GDI32.dll
0x000007fefed90000 - 0x000007fefed9e000 	C:\Windows\system32\LPK.dll
0x000007fefe810000 - 0x000007fefe8da000 	C:\Windows\system32\USP10.dll
0x000007fefb5d0000 - 0x000007fefb7c4000 	C:\Windows\WinSxS\amd64_microsoft.windows.common-controls_6595b64144ccf1df_6.0.7601.18837_none_fa3b1e3d17594757\COMCTL32.dll
0x000007fefe680000 - 0x000007fefe6f1000 	C:\Windows\system32\SHLWAPI.dll
0x000007fefebe0000 - 0x000007fefec0e000 	C:\Windows\system32\IMM32.DLL
0x000007fefee40000 - 0x000007fefef49000 	C:\Windows\system32\MSCTF.dll
0x0000000067190000 - 0x0000000067262000 	C:\Program Files\Java\jdk1.8.0_73\jre\bin\msvcr100.dll
0x000000006b080000 - 0x000000006b910000 	C:\Program Files\Java\jdk1.8.0_73\jre\bin\server\jvm.dll
0x000007fef9700000 - 0x000007fef9709000 	C:\Windows\system32\WSOCK32.dll
0x000007fefe4a0000 - 0x000007fefe4ed000 	C:\Windows\system32\WS2_32.dll
0x000007fefe800000 - 0x000007fefe808000 	C:\Windows\system32\NSI.dll
0x000007fefa280000 - 0x000007fefa2bb000 	C:\Windows\system32\WINMM.dll
0x000007fefbd90000 - 0x000007fefbd9c000 	C:\Windows\system32\VERSION.dll
0x0000000076f10000 - 0x0000000076f17000 	C:\Windows\system32\PSAPI.DLL
0x0000000072cc0000 - 0x0000000072ccf000 	C:\Program Files\Java\jdk1.8.0_73\jre\bin\verify.dll
0x000000006ebc0000 - 0x000000006ebe9000 	C:\Program Files\Java\jdk1.8.0_73\jre\bin\java.dll
0x000000006c2f0000 - 0x000000006c306000 	C:\Program Files\Java\jdk1.8.0_73\jre\bin\zip.dll
0x000007fefd060000 - 0x000007fefdde9000 	C:\Windows\system32\SHELL32.dll
0x000007fefdf20000 - 0x000007fefe123000 	C:\Windows\system32\ole32.dll
0x000007fefcc50000 - 0x000007fefcc5f000 	C:\Windows\system32\profapi.dll

VM Arguments:
jvm_args: -Djava.awt.headless=true -Xmx1024M -Dfile.encoding=GBK -Duser.country=CN -Duser.language=zh -Duser.variant 
java_command: com.android.dx.command.Main --dex --num-threads=4 --output G:\GIT\ZhuHuRiBao\app\build\intermediates\pre-dexed\debug\com.android.support-appcompat-v7-23.4.0_2ee78cc0aab614684818ac7366b298a4ccb3990c.jar G:\GIT\ZhuHuRiBao\app\build\intermediates\exploded-aar\com.android.support\appcompat-v7\23.4.0\jars\classes.jar
java_class_path (initial): D:\SDK\build-tools\23.0.3\lib\dx.jar
Launcher Type: SUN_STANDARD

Environment Variables:
JAVA_HOME=C:\Program Files\Java\jdk1.8.0_73
CLASSPATH=.;C:\Program Files\Java\jdk1.8.0_73\lib;C:\Program Files\Java\jdk1.8.0_73\lib\tools.jar
PATH=D:\MyPython\;D:\MyPython\Scripts;C:\ProgramData\Oracle\Java\javapath;C:\Windows\system32;C:\Windows;C:\Windows\System32\Wbem;C:\Windows\System32\WindowsPowerShell\v1.0\;C:\Program Files (x86)\Common Files\microsoft shared\TigerKin;C:\Program Files (x86)\NVIDIA Corporation\PhysX\Common;C:\Program Files (x86)\Common Files\microsoft shared\TigerKin;C:\Program Files\Java\jdk1.8.0_73\bin;C:\Program Files\Java\jdk1.8.0_73\jre\bin;C:\Users\admin\AppData\Local\Android\sdk\platform-tools
USERNAME=admin
OS=Windows_NT
PROCESSOR_IDENTIFIER=Intel64 Family 6 Model 60 Stepping 3, GenuineIntel



---------------  S Y S T E M  ---------------

OS: Windows 7 , 64 bit Build 7601 (6.1.7601.19160)

CPU:total 4 (4 cores per cpu, 1 threads per core) family 6 model 60 stepping 3, cmov, cx8, fxsr, mmx, sse, sse2, sse3, ssse3, sse4.1, sse4.2, popcnt, avx, avx2, aes, clmul, erms, rtm, lzcnt, tsc, tscinvbit, bmi1, bmi2

Memory: 4k page, physical 8353940k(2814964k free), swap 9400680k(5080k free)

vm_info: Java HotSpot(TM) 64-Bit Server VM (25.73-b02) for windows-amd64 JRE (1.8.0_73-b02), built on Jan 29 2016 17:38:49 by "java_re" with MS VC++ 10.0 (VS2010)

time: Wed Jul 20 23:31:23 2016
elapsed time: 0 seconds (0d 0h 0m 0s)

