#
# There is insufficient memory for the Java Runtime Environment to continue.
# Native memory allocation (malloc) failed to allocate 156048 bytes for Chunk::new
# Possible reasons:
#   The system is out of physical RAM or swap space
#   In 32 bit mode, the process size limit was hit
# Possible solutions:
#   Reduce memory load on the system
#   Increase physical memory or swap space
#   Check if swap backing store is full
#   Use 64 bit Java on a 64 bit OS
#   Decrease Java heap size (-Xmx/-Xms)
#   Decrease number of Java threads
#   Decrease Java thread stack sizes (-Xss)
#   Set larger code cache with -XX:ReservedCodeCacheSize=
# This output file may be truncated or incomplete.
#
#  Out of Memory Error (allocation.cpp:390), pid=8000, tid=6304
#
# JRE version: Java(TM) SE Runtime Environment (8.0_73-b02) (build 1.8.0_73-b02)
# Java VM: Java HotSpot(TM) 64-Bit Server VM (25.73-b02 mixed mode windows-amd64 compressed oops)
# Failed to write core dump. Minidumps are not enabled by default on client versions of Windows
#

---------------  T H R E A D  ---------------

Current thread (0x0000000054c2e800):  JavaThread "C2 CompilerThread0" daemon [_thread_in_native, id=6304, stack(0x0000000056900000,0x0000000056a00000)]

Stack: [0x0000000056900000,0x0000000056a00000]
[error occurred during error reporting (printing stack bounds), id 0xc0000005]

Native frames: (J=compiled Java code, j=interpreted, Vv=VM code, C=native code)


Current CompileTask:
C2:   2016 1276   !   4       com.android.dx.cf.code.BytecodeArray::parseInstruction (2764 bytes)


---------------  P R O C E S S  ---------------

Java Threads: ( => current thread )
  0x0000000056411000 JavaThread "pool-1-thread-4" [_thread_blocked, id=2016, stack(0x00000000575c0000,0x00000000576c0000)]
  0x000000005640c800 JavaThread "pool-1-thread-3" [_thread_blocked, id=10080, stack(0x0000000057470000,0x0000000057570000)]
  0x000000005641c000 JavaThread "pool-1-thread-2" [_thread_blocked, id=7280, stack(0x00000000571b0000,0x00000000572b0000)]
  0x0000000056419800 JavaThread "pool-2-thread-1" [_thread_blocked, id=8644, stack(0x0000000056fe0000,0x00000000570e0000)]
  0x0000000056419000 JavaThread "pool-1-thread-1" [_thread_in_vm, id=3744, stack(0x0000000056d70000,0x0000000056e70000)]
  0x0000000056184000 JavaThread "Service Thread" daemon [_thread_blocked, id=7212, stack(0x0000000056e90000,0x0000000056f90000)]
  0x0000000056123800 JavaThread "C1 CompilerThread2" daemon [_thread_in_native, id=10232, stack(0x0000000056c70000,0x0000000056d70000)]
  0x0000000056122800 JavaThread "C2 CompilerThread1" daemon [_thread_in_native, id=9308, stack(0x0000000056aa0000,0x0000000056ba0000)]
=>0x0000000054c2e800 JavaThread "C2 CompilerThread0" daemon [_thread_in_native, id=6304, stack(0x0000000056900000,0x0000000056a00000)]
  0x0000000054c2d000 JavaThread "Attach Listener" daemon [_thread_blocked, id=5036, stack(0x0000000056760000,0x0000000056860000)]
  0x0000000054c14000 JavaThread "Signal Dispatcher" daemon [_thread_blocked, id=4112, stack(0x00000000565e0000,0x00000000566e0000)]
  0x0000000054bc0800 JavaThread "Finalizer" daemon [_thread_blocked, id=9960, stack(0x0000000056010000,0x0000000056110000)]
  0x0000000054bbf800 JavaThread "Reference Handler" daemon [_thread_blocked, id=6488, stack(0x0000000055d70000,0x0000000055e70000)]
  0x0000000001c6e800 JavaThread "main" [_thread_blocked, id=7468, stack(0x00000000023f0000,0x00000000024f0000)]

Other Threads:
  0x0000000054bba000 VMThread [stack: 0x0000000055c60000,0x0000000055d60000] [id=10228]
  0x00000000561ab800 WatcherThread [stack: 0x0000000055ef0000,0x0000000055ff0000] [id=9632]

VM state:not at safepoint (normal execution)

VM Mutex/Monitor currently owned by a thread: None

Heap:
 PSYoungGen      total 38400K, used 10855K [0x00000000eab00000, 0x00000000ed580000, 0x0000000100000000)
  eden space 33280K, 17% used [0x00000000eab00000,0x00000000eb0a1138,0x00000000ecb80000)
  from space 5120K, 99% used [0x00000000ecb80000,0x00000000ed078ac8,0x00000000ed080000)
  to   space 5120K, 0% used [0x00000000ed080000,0x00000000ed080000,0x00000000ed580000)
 ParOldGen       total 87552K, used 1517K [0x00000000c0000000, 0x00000000c5580000, 0x00000000eab00000)
  object space 87552K, 1% used [0x00000000c0000000,0x00000000c017b5d0,0x00000000c5580000)
 Metaspace       used 6076K, capacity 6964K, committed 7040K, reserved 1056768K
  class space    used 599K, capacity 620K, committed 640K, reserved 1048576K

Card table byte_map: [0x00000000118b0000,0x0000000011ac0000] byte_map_base: 0x00000000112b0000

Marking Bits: (ParMarkBitMap*) 0x000000006b890600
 Begin Bits: [0x0000000012030000, 0x0000000013030000)
 End Bits:   [0x0000000013030000, 0x0000000014030000)

Polling page: 0x0000000000110000

CodeCache: size=245760Kb used=5205Kb max_used=5205Kb free=240554Kb
 bounds [0x00000000024f0000, 0x0000000002a10000, 0x00000000114f0000]
 total_blobs=1576 nmethods=1305 adapters=184
 compilation: enabled

Compilation events (10 events):
Event: 2.009 Thread 0x0000000056123800 1305       3       java.util.Arrays::copyOf (19 bytes)
Event: 2.009 Thread 0x0000000056123800 nmethod 1305 0x00000000029f9f50 code [0x00000000029fa0c0, 0x00000000029fa3e8]
Event: 2.009 Thread 0x0000000056123800 1306       3       com.android.dx.ssa.SsaConverter::edgeSplitMoveExceptionsAndResults (157 bytes)
Event: 2.009 Thread 0x0000000056122800 nmethod 1283 0x00000000029fd550 code [0x00000000029fd6c0, 0x00000000029fdad8]
Event: 2.009 Thread 0x0000000056122800 1280       4       com.android.dx.ssa.SsaRenamer$BlockRenamer::visitNonMoveInsn (14 bytes)
Event: 2.010 Thread 0x0000000056123800 nmethod 1306 0x00000000029fde90 code [0x00000000029fe220, 0x00000000029fff68]
Event: 2.010 Thread 0x0000000056123800 1307 %     3       com.android.dx.ssa.SsaMethod::forEachBlockDepthFirst @ 129 (194 bytes)
Event: 2.012 Thread 0x0000000056123800 nmethod 1307% 0x0000000002a01490 code [0x0000000002a01920, 0x0000000002a04ea8]
Event: 2.012 Thread 0x0000000056123800 1308       3       com.android.dx.ssa.SsaMethod::forEachBlockDepthFirst (194 bytes)
Event: 2.014 Thread 0x0000000056123800 nmethod 1308 0x0000000002a07090 code [0x0000000002a07500, 0x0000000002a0a7c8]

GC Heap History (2 events):
Event: 1.696 GC heap before
{Heap before GC invocations=1 (full 0):
 PSYoungGen      total 38400K, used 33280K [0x00000000eab00000, 0x00000000ed580000, 0x0000000100000000)
  eden space 33280K, 100% used [0x00000000eab00000,0x00000000ecb80000,0x00000000ecb80000)
  from space 5120K, 0% used [0x00000000ed080000,0x00000000ed080000,0x00000000ed580000)
  to   space 5120K, 0% used [0x00000000ecb80000,0x00000000ecb80000,0x00000000ed080000)
 ParOldGen       total 87552K, used 0K [0x00000000c0000000, 0x00000000c5580000, 0x00000000eab00000)
  object space 87552K, 0% used [0x00000000c0000000,0x00000000c0000000,0x00000000c5580000)
 Metaspace       used 6024K, capacity 6900K, committed 7040K, reserved 1056768K
  class space    used 599K, capacity 620K, committed 640K, reserved 1048576K
Event: 1.869 GC heap after
Heap after GC invocations=1 (full 0):
 PSYoungGen      total 38400K, used 5090K [0x00000000eab00000, 0x00000000ed580000, 0x0000000100000000)
  eden space 33280K, 0% used [0x00000000eab00000,0x00000000eab00000,0x00000000ecb80000)
  from space 5120K, 99% used [0x00000000ecb80000,0x00000000ed078ac8,0x00000000ed080000)
  to   space 5120K, 0% used [0x00000000ed080000,0x00000000ed080000,0x00000000ed580000)
 ParOldGen       total 87552K, used 1517K [0x00000000c0000000, 0x00000000c5580000, 0x00000000eab00000)
  object space 87552K, 1% used [0x00000000c0000000,0x00000000c017b5d0,0x00000000c5580000)
 Metaspace       used 6024K, capacity 6900K, committed 7040K, reserved 1056768K
  class space    used 599K, capacity 620K, committed 640K, reserved 1048576K
}

Deoptimization events (10 events):
Event: 0.691 Thread 0x0000000056419000 Uncommon trap: reason=class_check action=maybe_recompile pc=0x00000000027bbeac method=com.android.dx.ssa.NormalSsaInsn.accept(Lcom/android/dx/ssa/SsaInsn$Visitor;)V @ 9
Event: 0.693 Thread 0x0000000056419000 Uncommon trap: reason=class_check action=maybe_recompile pc=0x00000000027bbeac method=com.android.dx.ssa.NormalSsaInsn.accept(Lcom/android/dx/ssa/SsaInsn$Visitor;)V @ 9
Event: 0.693 Thread 0x0000000056419000 Uncommon trap: reason=class_check action=maybe_recompile pc=0x0000000002703060 method=com.android.dx.ssa.NormalSsaInsn.accept(Lcom/android/dx/ssa/SsaInsn$Visitor;)V @ 9
Event: 0.727 Thread 0x000000005641c000 Uncommon trap: reason=class_check action=maybe_recompile pc=0x00000000027bbeac method=com.android.dx.ssa.NormalSsaInsn.accept(Lcom/android/dx/ssa/SsaInsn$Visitor;)V @ 9
Event: 0.732 Thread 0x000000005641c000 Uncommon trap: reason=unstable_if action=reinterpret pc=0x0000000002884404 method=com.android.dx.rop.cst.Constant.compareTo(Lcom/android/dx/rop/cst/Constant;)I @ 12
Event: 1.996 Thread 0x0000000056419000 Uncommon trap: reason=bimorphic action=maybe_recompile pc=0x00000000029aefec method=com.android.dx.cf.code.BytecodeArray.parseInstruction(ILcom/android/dx/cf/code/BytecodeArray$Visitor;)I @ 1597
Event: 1.996 Thread 0x0000000056419000 Uncommon trap: reason=bimorphic action=maybe_recompile pc=0x00000000029aefec method=com.android.dx.cf.code.BytecodeArray.parseInstruction(ILcom/android/dx/cf/code/BytecodeArray$Visitor;)I @ 1597
Event: 1.996 Thread 0x0000000056419000 Uncommon trap: reason=bimorphic action=maybe_recompile pc=0x00000000029aefec method=com.android.dx.cf.code.BytecodeArray.parseInstruction(ILcom/android/dx/cf/code/BytecodeArray$Visitor;)I @ 1597
Event: 1.996 Thread 0x0000000056419000 Uncommon trap: reason=bimorphic action=maybe_recompile pc=0x00000000029afedc method=com.android.dx.cf.code.BytecodeArray.parseInstruction(ILcom/android/dx/cf/code/BytecodeArray$Visitor;)I @ 1477
Event: 1.996 Thread 0x0000000056419000 Uncommon trap: reason=bimorphic action=maybe_recompile pc=0x00000000029aefec method=com.android.dx.cf.code.BytecodeArray.parseInstruction(ILcom/android/dx/cf/code/BytecodeArray$Visitor;)I @ 1597

Internal exceptions (2 events):
Event: 0.140 Thread 0x0000000001c6e800 Exception <a 'java/lang/NoSuchMethodError': Method sun.misc.Unsafe.defineClass(Ljava/lang/String;[BII)Ljava/lang/Class; name or signature does not match> (0x00000000eab130b8) thrown at [D:\re\puppet\workspace\8-2-build-windows-amd64-cygwin\jdk8u73\6086\hotzpë”£âÁ?
Event: 0.140 Thread 0x0000000001c6e800 Exception <a 'java/lang/NoSuchMethodError': Method sun.misc.Unsafe.prefetchRead(Ljava/lang/Object;J)V name or signature does not match> (0x00000000eab133a0) thrown at [D:\re\puppet\workspace\8-2-build-windows-amd64-cygwin\jdk8u73\6086\hotspot\src\share\vm\

Events (10 events):
Event: 1.996 Thread 0x0000000056419000 DEOPT PACKING pc=0x00000000029aefec sp=0x0000000056e6eab0
Event: 1.996 Thread 0x0000000056419000 DEOPT UNPACKING pc=0x000000000253582a sp=0x0000000056e6ea50 mode 2
Event: 1.996 Thread 0x0000000056419000 Uncommon trap: trap_request=0xffffffc6 fr.pc=0x00000000029afedc
Event: 1.996 Thread 0x0000000056419000 DEOPT PACKING pc=0x00000000029afedc sp=0x0000000056e6eab0
Event: 1.996 Thread 0x0000000056419000 DEOPT UNPACKING pc=0x000000000253582a sp=0x0000000056e6ea50 mode 2
Event: 1.996 Thread 0x0000000056419000 Uncommon trap: trap_request=0xffffffc6 fr.pc=0x00000000029aefec
Event: 1.996 Thread 0x0000000056419000 DEOPT PACKING pc=0x00000000029aefec sp=0x0000000056e6e860
Event: 1.996 Thread 0x0000000056419000 DEOPT UNPACKING pc=0x000000000253582a sp=0x0000000056e6e800 mode 2
Event: 2.014 Thread 0x0000000056419000 DEOPT PACKING pc=0x00000000028e9b61 sp=0x0000000056e6e7b0
Event: 2.014 Thread 0x0000000056419000 DEOPT UNPACKING pc=0x000000000253787f sp=0x0000000056e6e5c0 mode 0


Dynamic libraries:
0x000000013f9d0000 - 0x000000013fa07000 	C:\Program Files\Java\jdk1.8.0_73\bin\java.exe
0x0000000076d50000 - 0x0000000076efa000 	C:\Windows\SYSTEM32\ntdll.dll
0x0000000076c30000 - 0x0000000076d4f000 	C:\Windows\system32\kernel32.dll
0x000007fefcd00000 - 0x000007fefcd6b000 	C:\Windows\system32\KERNELBASE.dll
0x000007fefe720000 - 0x000007fefe7fb000 	C:\Windows\system32\ADVAPI32.dll
0x000007fefefc0000 - 0x000007feff05f000 	C:\Windows\system32\msvcrt.dll
0x000007fefeda0000 - 0x000007fefedbf000 	C:\Windows\SYSTEM32\sechost.dll
0x000007fefddf0000 - 0x000007fefdf1d000 	C:\Windows\system32\RPCRT4.dll
0x0000000076b30000 - 0x0000000076c2a000 	C:\Windows\system32\USER32.dll
0x000007fefef50000 - 0x000007fefefb7000 	C:\Windows\system32\GDI32.dll
0x000007fefed90000 - 0x000007fefed9e000 	C:\Windows\system32\LPK.dll
0x000007fefe810000 - 0x000007fefe8da000 	C:\Windows\system32\USP10.dll
0x000007fefb5d0000 - 0x000007fefb7c4000 	C:\Windows\WinSxS\amd64_microsoft.windows.common-controls_6595b64144ccf1df_6.0.7601.18837_none_fa3b1e3d17594757\COMCTL32.dll
0x000007fefe680000 - 0x000007fefe6f1000 	C:\Windows\system32\SHLWAPI.dll
0x000007fefebe0000 - 0x000007fefec0e000 	C:\Windows\system32\IMM32.DLL
0x000007fefee40000 - 0x000007fefef49000 	C:\Windows\system32\MSCTF.dll
0x0000000067190000 - 0x0000000067262000 	C:\Program Files\Java\jdk1.8.0_73\jre\bin\msvcr100.dll
0x000000006b080000 - 0x000000006b910000 	C:\Program Files\Java\jdk1.8.0_73\jre\bin\server\jvm.dll
0x000007fef9700000 - 0x000007fef9709000 	C:\Windows\system32\WSOCK32.dll
0x000007fefe4a0000 - 0x000007fefe4ed000 	C:\Windows\system32\WS2_32.dll
0x000007fefe800000 - 0x000007fefe808000 	C:\Windows\system32\NSI.dll
0x000007fefa280000 - 0x000007fefa2bb000 	C:\Windows\system32\WINMM.dll
0x000007fefbd90000 - 0x000007fefbd9c000 	C:\Windows\system32\VERSION.dll
0x0000000076f10000 - 0x0000000076f17000 	C:\Windows\system32\PSAPI.DLL
0x0000000072cc0000 - 0x0000000072ccf000 	C:\Program Files\Java\jdk1.8.0_73\jre\bin\verify.dll
0x000000006ebc0000 - 0x000000006ebe9000 	C:\Program Files\Java\jdk1.8.0_73\jre\bin\java.dll
0x000000006c2f0000 - 0x000000006c306000 	C:\Program Files\Java\jdk1.8.0_73\jre\bin\zip.dll
0x000007fefd060000 - 0x000007fefdde9000 	C:\Windows\system32\SHELL32.dll
0x000007fefdf20000 - 0x000007fefe123000 	C:\Windows\system32\ole32.dll
0x000007fefcc50000 - 0x000007fefcc5f000 	C:\Windows\system32\profapi.dll

VM Arguments:
jvm_args: -Djava.awt.headless=true -Xmx1024M -Dfile.encoding=GBK -Duser.country=CN -Duser.language=zh -Duser.variant 
java_command: com.android.dx.command.Main --dex --num-threads=4 --output G:\GIT\ZhuHuRiBao\app\build\intermediates\pre-dexed\debug\MobTools-2016.0707.1708_59cbeb67b526ae77540898ab189fa1e30de360e7.jar G:\GIT\ZhuHuRiBao\app\libs\MobTools-2016.0707.1708.jar
java_class_path (initial): D:\SDK\build-tools\23.0.3\lib\dx.jar
Launcher Type: SUN_STANDARD

Environment Variables:
JAVA_HOME=C:\Program Files\Java\jdk1.8.0_73
CLASSPATH=.;C:\Program Files\Java\jdk1.8.0_73\lib;C:\Program Files\Java\jdk1.8.0_73\lib\tools.jar
PATH=D:\MyPython\;D:\MyPython\Scripts;C:\ProgramData\Oracle\Java\javapath;C:\Windows\system32;C:\Windows;C:\Windows\System32\Wbem;C:\Windows\System32\WindowsPowerShell\v1.0\;C:\Program Files (x86)\Common Files\microsoft shared\TigerKin;C:\Program Files (x86)\NVIDIA Corporation\PhysX\Common;C:\Program Files (x86)\Common Files\microsoft shared\TigerKin;C:\Program Files\Java\jdk1.8.0_73\bin;C:\Program Files\Java\jdk1.8.0_73\jre\bin;C:\Users\admin\AppData\Local\Android\sdk\platform-tools
USERNAME=admin
OS=Windows_NT
PROCESSOR_IDENTIFIER=Intel64 Family 6 Model 60 Stepping 3, GenuineIntel



---------------  S Y S T E M  ---------------

OS: Windows 7 , 64 bit Build 7601 (6.1.7601.19160)

CPU:total 4 (4 cores per cpu, 1 threads per core) family 6 model 60 stepping 3, cmov, cx8, fxsr, mmx, sse, sse2, sse3, ssse3, sse4.1, sse4.2, popcnt, avx, avx2, aes, clmul, erms, rtm, lzcnt, tsc, tscinvbit, bmi1, bmi2

Memory: 4k page, physical 8353940k(2693844k free), swap 9400680k(5268k free)

vm_info: Java HotSpot(TM) 64-Bit Server VM (25.73-b02) for windows-amd64 JRE (1.8.0_73-b02), built on Jan 29 2016 17:38:49 by "java_re" with MS VC++ 10.0 (VS2010)

time: Wed Jul 20 23:31:01 2016
elapsed time: 2 seconds (0d 0h 0m 2s)

