#
# There is insufficient memory for the Java Runtime Environment to continue.
# Native memory allocation (malloc) failed to allocate 507216 bytes for Chunk::new
# Possible reasons:
#   The system is out of physical RAM or swap space
#   In 32 bit mode, the process size limit was hit
# Possible solutions:
#   Reduce memory load on the system
#   Increase physical memory or swap space
#   Check if swap backing store is full
#   Use 64 bit Java on a 64 bit OS
#   Decrease Java heap size (-Xmx/-Xms)
#   Decrease number of Java threads
#   Decrease Java thread stack sizes (-Xss)
#   Set larger code cache with -XX:ReservedCodeCacheSize=
# This output file may be truncated or incomplete.
#
#  Out of Memory Error (allocation.cpp:390), pid=4644, tid=6212
#
# JRE version: Java(TM) SE Runtime Environment (8.0_73-b02) (build 1.8.0_73-b02)
# Java VM: Java HotSpot(TM) 64-Bit Server VM (25.73-b02 mixed mode windows-amd64 compressed oops)
# Failed to write core dump. Minidumps are not enabled by default on client versions of Windows
#

---------------  T H R E A D  ---------------

Current thread (0x0000000054d2e800):  JavaThread "C2 CompilerThread0" daemon [_thread_in_native, id=6212, stack(0x0000000056900000,0x0000000056a00000)]

Stack: [0x0000000056900000,0x0000000056a00000]
[error occurred during error reporting (printing stack bounds), id 0xc0000005]

Native frames: (J=compiled Java code, j=interpreted, Vv=VM code, C=native code)


Current CompileTask:
C2:    957  586       4       com.android.dx.ssa.NormalSsaInsn::accept (25 bytes)


---------------  P R O C E S S  ---------------

Java Threads: ( => current thread )
  0x0000000056405800 JavaThread "pool-1-thread-4" [_thread_blocked, id=9448, stack(0x0000000057330000,0x0000000057430000)]
  0x0000000056369800 JavaThread "pool-1-thread-3" [_thread_in_vm, id=7960, stack(0x0000000056590000,0x0000000056690000)]
  0x0000000056368800 JavaThread "pool-1-thread-2" [_thread_blocked, id=9900, stack(0x00000000571c0000,0x00000000572c0000)]
  0x0000000056364000 JavaThread "pool-2-thread-1" [_thread_blocked, id=10068, stack(0x00000000570c0000,0x00000000571c0000)]
  0x0000000056363000 JavaThread "pool-1-thread-1" [_thread_in_Java, id=8772, stack(0x0000000056f50000,0x0000000057050000)]
  0x0000000056177000 JavaThread "Service Thread" daemon [_thread_blocked, id=7424, stack(0x0000000056be0000,0x0000000056ce0000)]
  0x0000000056169000 JavaThread "C1 CompilerThread2" daemon [_thread_in_native, id=4080, stack(0x00000000567b0000,0x00000000568b0000)]
  0x0000000056168800 JavaThread "C2 CompilerThread1" daemon [_thread_in_vm, id=8940, stack(0x0000000056a60000,0x0000000056b60000)]
=>0x0000000054d2e800 JavaThread "C2 CompilerThread0" daemon [_thread_in_native, id=6212, stack(0x0000000056900000,0x0000000056a00000)]
  0x0000000056159000 JavaThread "Attach Listener" daemon [_thread_blocked, id=7492, stack(0x00000000566b0000,0x00000000567b0000)]
  0x0000000054d21000 JavaThread "Signal Dispatcher" daemon [_thread_blocked, id=6424, stack(0x0000000055c60000,0x0000000055d60000)]
  0x0000000054cc0800 JavaThread "Finalizer" daemon [_thread_blocked, id=7108, stack(0x0000000056050000,0x0000000056150000)]
  0x0000000054cbf800 JavaThread "Reference Handler" daemon [_thread_blocked, id=2964, stack(0x0000000055f10000,0x0000000056010000)]
  0x000000000212e800 JavaThread "main" [_thread_in_Java, id=10000, stack(0x0000000002380000,0x0000000002480000)]

Other Threads:
  0x0000000054cba000 VMThread [stack: 0x0000000055de0000,0x0000000055ee0000] [id=8512]
  0x00000000561f7000 WatcherThread [stack: 0x0000000056ce0000,0x0000000056de0000] [id=5728]

VM state:not at safepoint (normal execution)

VM Mutex/Monitor currently owned by a thread: None

Heap:
 PSYoungGen      total 38400K, used 15995K [0x00000000eab00000, 0x00000000ed580000, 0x0000000100000000)
  eden space 33280K, 48% used [0x00000000eab00000,0x00000000eba9ec60,0x00000000ecb80000)
  from space 5120K, 0% used [0x00000000ed080000,0x00000000ed080000,0x00000000ed580000)
  to   space 5120K, 0% used [0x00000000ecb80000,0x00000000ecb80000,0x00000000ed080000)
 ParOldGen       total 87552K, used 0K [0x00000000c0000000, 0x00000000c5580000, 0x00000000eab00000)
  object space 87552K, 0% used [0x00000000c0000000,0x00000000c0000000,0x00000000c5580000)
 Metaspace       used 5684K, capacity 6640K, committed 6784K, reserved 1056768K
  class space    used 593K, capacity 616K, committed 640K, reserved 1048576K

Card table byte_map: [0x0000000011840000,0x0000000011a50000] byte_map_base: 0x0000000011240000

Marking Bits: (ParMarkBitMap*) 0x000000006b890600
 Begin Bits: [0x0000000012130000, 0x0000000013130000)
 End Bits:   [0x0000000013130000, 0x0000000014130000)

Polling page: 0x0000000000210000

CodeCache: size=245760Kb used=2791Kb max_used=2791Kb free=242968Kb
 bounds [0x0000000002480000, 0x0000000002740000, 0x0000000011480000]
 total_blobs=948 nmethods=677 adapters=184
 compilation: enabled

Compilation events (10 events):
Event: 0.952 Thread 0x0000000056169000 nmethod 702 0x000000000271cfd0 code [0x000000000271d1c0, 0x000000000271dc48]
Event: 0.952 Thread 0x0000000056169000  689       3       com.android.dx.cf.code.RopperMachine::getSources (264 bytes)
Event: 0.954 Thread 0x0000000056169000 nmethod 689 0x0000000002729c90 code [0x000000000272a2a0, 0x000000000272ead8]
Event: 0.954 Thread 0x0000000056169000  703       3       com.android.dx.cf.code.RopperMachine::jopToRopOpcode (1103 bytes)
Event: 0.955 Thread 0x0000000056169000 nmethod 703 0x00000000027320d0 code [0x00000000027323e0, 0x00000000027345b8]
Event: 0.955 Thread 0x0000000056169000  699       3       com.android.dx.cf.code.ValueAwareMachine::run (1142 bytes)
Event: 0.956 Thread 0x0000000056168800 nmethod 679 0x0000000002736cd0 code [0x0000000002736e60, 0x0000000002737508]
Event: 0.956 Thread 0x0000000056168800  680       4       com.android.dx.ssa.back.LivenessAnalyzer::handleTailRecursion (94 bytes)
Event: 0.956 Thread 0x0000000056169000 nmethod 699 0x0000000002737b50 code [0x00000000027380e0, 0x000000000273c938]
Event: 0.956 Thread 0x0000000056169000  708       3       com.android.dx.ssa.SCCP::simulateBlock (54 bytes)

GC Heap History (0 events):
No events

Deoptimization events (2 events):
Event: 0.471 Thread 0x0000000056368800 Uncommon trap: reason=unstable_if action=reinterpret pc=0x0000000002661274 method=java.util.HashMap.getNode(ILjava/lang/Object;)Ljava/util/HashMap$Node; @ 129
Event: 0.948 Thread 0x000000000212e800 Uncommon trap: reason=unstable_if action=reinterpret pc=0x00000000026bda84 method=com.android.dx.rop.cst.Constant.compareTo(Lcom/android/dx/rop/cst/Constant;)I @ 12

Internal exceptions (2 events):
Event: 0.060 Thread 0x000000000212e800 Exception <a 'java/lang/NoSuchMethodError': Method sun.misc.Unsafe.defineClass(Ljava/lang/String;[BII)Ljava/lang/Class; name or signature does not match> (0x00000000eab130b8) thrown at [D:\re\puppet\workspace\8-2-build-windows-amd64-cygwin\jdk8u73\6086\hotyó7†ã®?
Event: 0.060 Thread 0x000000000212e800 Exception <a 'java/lang/NoSuchMethodError': Method sun.misc.Unsafe.prefetchRead(Ljava/lang/Object;J)V name or signature does not match> (0x00000000eab133a0) thrown at [D:\re\puppet\workspace\8-2-build-windows-amd64-cygwin\jdk8u73\6086\hotspot\src\share\vm\

Events (10 events):
Event: 0.471 Thread 0x0000000056368800 DEOPT UNPACKING pc=0x00000000024c582a sp=0x00000000572be928 mode 2
Event: 0.476 loading class com/android/dx/cf/direct/DirectClassFile$DcfTypeList
Event: 0.476 loading class com/android/dx/cf/direct/DirectClassFile$DcfTypeList done
Event: 0.497 loading class com/android/dx/cf/code/BytecodeArray$ConstantParserVisitor
Event: 0.497 loading class com/android/dx/cf/code/BytecodeArray$ConstantParserVisitor done
Event: 0.531 Executing VM operation: ForceSafepoint
Event: 0.940 Executing VM operation: ForceSafepoint done
Event: 0.948 Thread 0x000000000212e800 Uncommon trap: trap_request=0xffffff65 fr.pc=0x00000000026bda84
Event: 0.948 Thread 0x000000000212e800 DEOPT PACKING pc=0x00000000026bda84 sp=0x000000000247dd40
Event: 0.948 Thread 0x000000000212e800 DEOPT UNPACKING pc=0x00000000024c582a sp=0x000000000247dce0 mode 2


Dynamic libraries:
0x000000013f9d0000 - 0x000000013fa07000 	C:\Program Files\Java\jdk1.8.0_73\bin\java.exe
0x0000000076d50000 - 0x0000000076efa000 	C:\Windows\SYSTEM32\ntdll.dll
0x0000000076c30000 - 0x0000000076d4f000 	C:\Windows\system32\kernel32.dll
0x000007fefcd00000 - 0x000007fefcd6b000 	C:\Windows\system32\KERNELBASE.dll
0x000007fefe720000 - 0x000007fefe7fb000 	C:\Windows\system32\ADVAPI32.dll
0x000007fefefc0000 - 0x000007feff05f000 	C:\Windows\system32\msvcrt.dll
0x000007fefeda0000 - 0x000007fefedbf000 	C:\Windows\SYSTEM32\sechost.dll
0x000007fefddf0000 - 0x000007fefdf1d000 	C:\Windows\system32\RPCRT4.dll
0x0000000076b30000 - 0x0000000076c2a000 	C:\Windows\system32\USER32.dll
0x000007fefef50000 - 0x000007fefefb7000 	C:\Windows\system32\GDI32.dll
0x000007fefed90000 - 0x000007fefed9e000 	C:\Windows\system32\LPK.dll
0x000007fefe810000 - 0x000007fefe8da000 	C:\Windows\system32\USP10.dll
0x000007fefb5d0000 - 0x000007fefb7c4000 	C:\Windows\WinSxS\amd64_microsoft.windows.common-controls_6595b64144ccf1df_6.0.7601.18837_none_fa3b1e3d17594757\COMCTL32.dll
0x000007fefe680000 - 0x000007fefe6f1000 	C:\Windows\system32\SHLWAPI.dll
0x000007fefebe0000 - 0x000007fefec0e000 	C:\Windows\system32\IMM32.DLL
0x000007fefee40000 - 0x000007fefef49000 	C:\Windows\system32\MSCTF.dll
0x0000000067190000 - 0x0000000067262000 	C:\Program Files\Java\jdk1.8.0_73\jre\bin\msvcr100.dll
0x000000006b080000 - 0x000000006b910000 	C:\Program Files\Java\jdk1.8.0_73\jre\bin\server\jvm.dll
0x000007fef9700000 - 0x000007fef9709000 	C:\Windows\system32\WSOCK32.dll
0x000007fefe4a0000 - 0x000007fefe4ed000 	C:\Windows\system32\WS2_32.dll
0x000007fefe800000 - 0x000007fefe808000 	C:\Windows\system32\NSI.dll
0x000007fefa280000 - 0x000007fefa2bb000 	C:\Windows\system32\WINMM.dll
0x000007fefbd90000 - 0x000007fefbd9c000 	C:\Windows\system32\VERSION.dll
0x0000000076f10000 - 0x0000000076f17000 	C:\Windows\system32\PSAPI.DLL
0x0000000072cc0000 - 0x0000000072ccf000 	C:\Program Files\Java\jdk1.8.0_73\jre\bin\verify.dll
0x000000006ebc0000 - 0x000000006ebe9000 	C:\Program Files\Java\jdk1.8.0_73\jre\bin\java.dll
0x000000006c2f0000 - 0x000000006c306000 	C:\Program Files\Java\jdk1.8.0_73\jre\bin\zip.dll
0x000007fefd060000 - 0x000007fefdde9000 	C:\Windows\system32\SHELL32.dll
0x000007fefdf20000 - 0x000007fefe123000 	C:\Windows\system32\ole32.dll
0x000007fefcc50000 - 0x000007fefcc5f000 	C:\Windows\system32\profapi.dll

VM Arguments:
jvm_args: -Djava.awt.headless=true -Xmx1024M -Dfile.encoding=GBK -Duser.country=CN -Duser.language=zh -Duser.variant 
java_command: com.android.dx.command.Main --dex --num-threads=4 --output G:\GIT\ZhuHuRiBao\app\build\intermediates\pre-dexed\debug\com.ogaclejapan.smarttablayout-library-1.6.1_bb25fb506eb6279af7038503a7266ecb5c3e4aac.jar G:\GIT\ZhuHuRiBao\app\build\intermediates\exploded-aar\com.ogaclejapan.smarttablayout\library\1.6.1\jars\classes.jar
java_class_path (initial): D:\SDK\build-tools\23.0.3\lib\dx.jar
Launcher Type: SUN_STANDARD

Environment Variables:
JAVA_HOME=C:\Program Files\Java\jdk1.8.0_73
CLASSPATH=.;C:\Program Files\Java\jdk1.8.0_73\lib;C:\Program Files\Java\jdk1.8.0_73\lib\tools.jar
PATH=D:\MyPython\;D:\MyPython\Scripts;C:\ProgramData\Oracle\Java\javapath;C:\Windows\system32;C:\Windows;C:\Windows\System32\Wbem;C:\Windows\System32\WindowsPowerShell\v1.0\;C:\Program Files (x86)\Common Files\microsoft shared\TigerKin;C:\Program Files (x86)\NVIDIA Corporation\PhysX\Common;C:\Program Files (x86)\Common Files\microsoft shared\TigerKin;C:\Program Files\Java\jdk1.8.0_73\bin;C:\Program Files\Java\jdk1.8.0_73\jre\bin;C:\Users\admin\AppData\Local\Android\sdk\platform-tools
USERNAME=admin
OS=Windows_NT
PROCESSOR_IDENTIFIER=Intel64 Family 6 Model 60 Stepping 3, GenuineIntel



---------------  S Y S T E M  ---------------

OS: Windows 7 , 64 bit Build 7601 (6.1.7601.19160)

CPU:total 4 (4 cores per cpu, 1 threads per core) family 6 model 60 stepping 3, cmov, cx8, fxsr, mmx, sse, sse2, sse3, ssse3, sse4.1, sse4.2, popcnt, avx, avx2, aes, clmul, erms, rtm, lzcnt, tsc, tscinvbit, bmi1, bmi2

Memory: 4k page, physical 8353940k(2806656k free), swap 9400680k(5100k free)

vm_info: Java HotSpot(TM) 64-Bit Server VM (25.73-b02) for windows-amd64 JRE (1.8.0_73-b02), built on Jan 29 2016 17:38:49 by "java_re" with MS VC++ 10.0 (VS2010)

time: Wed Jul 20 23:31:23 2016
elapsed time: 0 seconds (0d 0h 0m 0s)

