#
# There is insufficient memory for the Java Runtime Environment to continue.
# Native memory allocation (malloc) failed to allocate 255712 bytes for Chunk::new
# Possible reasons:
#   The system is out of physical RAM or swap space
#   In 32 bit mode, the process size limit was hit
# Possible solutions:
#   Reduce memory load on the system
#   Increase physical memory or swap space
#   Check if swap backing store is full
#   Use 64 bit Java on a 64 bit OS
#   Decrease Java heap size (-Xmx/-Xms)
#   Decrease number of Java threads
#   Decrease Java thread stack sizes (-Xss)
#   Set larger code cache with -XX:ReservedCodeCacheSize=
# This output file may be truncated or incomplete.
#
#  Out of Memory Error (allocation.cpp:390), pid=7308, tid=10064
#
# JRE version: Java(TM) SE Runtime Environment (8.0_73-b02) (build 1.8.0_73-b02)
# Java VM: Java HotSpot(TM) 64-Bit Server VM (25.73-b02 mixed mode windows-amd64 compressed oops)
# Failed to write core dump. Minidumps are not enabled by default on client versions of Windows
#

---------------  T H R E A D  ---------------

Current thread (0x0000000054e3d800):  JavaThread "C2 CompilerThread1" daemon [_thread_in_native, id=10064, stack(0x0000000056ac0000,0x0000000056bc0000)]

Stack: [0x0000000056ac0000,0x0000000056bc0000]
[error occurred during error reporting (printing stack bounds), id 0xc0000005]

Native frames: (J=compiled Java code, j=interpreted, Vv=VM code, C=native code)


Current CompileTask:
C2:   4642 1792       4       com.android.dx.ssa.DeadCodeRemover::run (194 bytes)


---------------  P R O C E S S  ---------------

Java Threads: ( => current thread )
  0x00000000564fc800 JavaThread "pool-1-thread-4" [_thread_blocked, id=4488, stack(0x0000000057880000,0x0000000057980000)]
  0x00000000564a8800 JavaThread "pool-1-thread-3" [_thread_in_Java, id=8592, stack(0x0000000057720000,0x0000000057820000)]
  0x00000000564a8000 JavaThread "pool-1-thread-2" [_thread_in_Java, id=9392, stack(0x0000000057590000,0x0000000057690000)]
  0x00000000564a7000 JavaThread "pool-2-thread-1" [_thread_blocked, id=9456, stack(0x00000000572f0000,0x00000000573f0000)]
  0x000000005649e000 JavaThread "pool-1-thread-1" [_thread_blocked, id=9436, stack(0x00000000570e0000,0x00000000571e0000)]
  0x000000005624f800 JavaThread "Service Thread" daemon [_thread_blocked, id=9788, stack(0x0000000056f40000,0x0000000057040000)]
  0x00000000561cc000 JavaThread "C1 CompilerThread2" daemon [_thread_blocked, id=9056, stack(0x0000000056d60000,0x0000000056e60000)]
=>0x0000000054e3d800 JavaThread "C2 CompilerThread1" daemon [_thread_in_native, id=10064, stack(0x0000000056ac0000,0x0000000056bc0000)]
  0x00000000561bd000 JavaThread "C2 CompilerThread0" daemon [_thread_in_native, id=5704, stack(0x0000000056900000,0x0000000056a00000)]
  0x00000000561bc800 JavaThread "Attach Listener" daemon [_thread_blocked, id=9888, stack(0x0000000056730000,0x0000000056830000)]
  0x0000000054e2b800 JavaThread "Signal Dispatcher" daemon [_thread_blocked, id=9744, stack(0x00000000565c0000,0x00000000566c0000)]
  0x0000000054dd1000 JavaThread "Finalizer" daemon [_thread_blocked, id=10188, stack(0x00000000560b0000,0x00000000561b0000)]
  0x0000000054dd0000 JavaThread "Reference Handler" daemon [_thread_blocked, id=10128, stack(0x0000000055f80000,0x0000000056080000)]
  0x000000000226e800 JavaThread "main" [_thread_in_native, id=9944, stack(0x00000000024c0000,0x00000000025c0000)]

Other Threads:
  0x0000000054dca800 VMThread [stack: 0x0000000055dc0000,0x0000000055ec0000] [id=8752]
  0x0000000056276800 WatcherThread [stack: 0x0000000056c40000,0x0000000056d40000] [id=9644]

VM state:not at safepoint (normal execution)

VM Mutex/Monitor currently owned by a thread: None

Heap:
 PSYoungGen      total 254464K, used 29120K [0x00000000eab00000, 0x00000000fdf80000, 0x0000000100000000)
  eden space 194560K, 4% used [0x00000000eab00000,0x00000000eb30eb00,0x00000000f6900000)
  from space 59904K, 34% used [0x00000000fa100000,0x00000000fb561540,0x00000000fdb80000)
  to   space 57344K, 0% used [0x00000000f6900000,0x00000000f6900000,0x00000000fa100000)
 ParOldGen       total 249344K, used 125773K [0x00000000c0000000, 0x00000000cf380000, 0x00000000eab00000)
  object space 249344K, 50% used [0x00000000c0000000,0x00000000c7ad3558,0x00000000cf380000)
 Metaspace       used 6168K, capacity 7028K, committed 7296K, reserved 1056768K
  class space    used 602K, capacity 620K, committed 640K, reserved 1048576K

Card table byte_map: [0x0000000011980000,0x0000000011b90000] byte_map_base: 0x0000000011380000

Marking Bits: (ParMarkBitMap*) 0x0000000059310600
 Begin Bits: [0x0000000012240000, 0x0000000013240000)
 End Bits:   [0x0000000013240000, 0x0000000014240000)

Polling page: 0x0000000000210000

CodeCache: size=245760Kb used=7794Kb max_used=7794Kb free=237965Kb
 bounds [0x00000000025c0000, 0x0000000002d70000, 0x00000000115c0000]
 total_blobs=1992 nmethods=1719 adapters=184
 compilation: enabled

Compilation events (10 events):
Event: 4.596 Thread 0x00000000561bd000 nmethod 1782 0x0000000002d39210 code [0x0000000002d39360, 0x0000000002d39818]
Event: 4.596 Thread 0x00000000561bd000 1788 %     4       com.android.dx.ssa.SsaMethod::mapRegisters @ 8 (87 bytes)
Event: 4.598 Thread 0x0000000054e3d800 nmethod 1771 0x0000000002d5e250 code [0x0000000002d5e500, 0x0000000002d602d0]
Event: 4.598 Thread 0x0000000054e3d800 1792       4       com.android.dx.ssa.DeadCodeRemover::run (194 bytes)
Event: 4.613 Thread 0x00000000561bd000 nmethod 1788% 0x0000000002d62f90 code [0x0000000002d631a0, 0x0000000002d63da0]
Event: 4.613 Thread 0x00000000561bd000 1793       4       com.android.dx.rop.code.RegisterSpecList::withFirst (64 bytes)
Event: 4.617 Thread 0x00000000561bd000 nmethod 1793 0x0000000002d38b90 code [0x0000000002d38ce0, 0x0000000002d38fb8]
Event: 4.617 Thread 0x00000000561bd000 1797 %     4       com.android.dx.ssa.Dominators::run @ 283 (506 bytes)
Event: 4.624 Thread 0x00000000561cc000 1798       3       java.util.concurrent.locks.LockSupport::park (23 bytes)
Event: 4.624 Thread 0x00000000561cc000 nmethod 1798 0x0000000002d38510 code [0x0000000002d38680, 0x0000000002d389c8]

GC Heap History (10 events):
Event: 2.702 GC heap before
{Heap before GC invocations=4 (full 1):
 PSYoungGen      total 71680K, used 5093K [0x00000000eab00000, 0x00000000f3700000, 0x0000000100000000)
  eden space 66560K, 0% used [0x00000000eab00000,0x00000000eab00000,0x00000000eec00000)
  from space 5120K, 99% used [0x00000000eec00000,0x00000000ef0f9708,0x00000000ef100000)
  to   space 5120K, 0% used [0x00000000f3200000,0x00000000f3200000,0x00000000f3700000)
 ParOldGen       total 87552K, used 60523K [0x00000000c0000000, 0x00000000c5580000, 0x00000000eab00000)
  object space 87552K, 69% used [0x00000000c0000000,0x00000000c3b1ad28,0x00000000c5580000)
 Metaspace       used 6112K, capacity 7028K, committed 7296K, reserved 1056768K
  class space    used 600K, capacity 620K, committed 640K, reserved 1048576K
Event: 2.884 GC heap after
Heap after GC invocations=4 (full 1):
 PSYoungGen      total 71680K, used 0K [0x00000000eab00000, 0x00000000f3700000, 0x0000000100000000)
  eden space 66560K, 0% used [0x00000000eab00000,0x00000000eab00000,0x00000000eec00000)
  from space 5120K, 0% used [0x00000000eec00000,0x00000000eec00000,0x00000000ef100000)
  to   space 5120K, 0% used [0x00000000f3200000,0x00000000f3200000,0x00000000f3700000)
 ParOldGen       total 158208K, used 58309K [0x00000000c0000000, 0x00000000c9a80000, 0x00000000eab00000)
  object space 158208K, 36% used [0x00000000c0000000,0x00000000c38f17a0,0x00000000c9a80000)
 Metaspace       used 6112K, capacity 7028K, committed 7296K, reserved 1056768K
  class space    used 600K, capacity 620K, committed 640K, reserved 1048576K
}
Event: 2.963 GC heap before
{Heap before GC invocations=5 (full 1):
 PSYoungGen      total 71680K, used 66560K [0x00000000eab00000, 0x00000000f3700000, 0x0000000100000000)
  eden space 66560K, 100% used [0x00000000eab00000,0x00000000eec00000,0x00000000eec00000)
  from space 5120K, 0% used [0x00000000eec00000,0x00000000eec00000,0x00000000ef100000)
  to   space 5120K, 0% used [0x00000000f3200000,0x00000000f3200000,0x00000000f3700000)
 ParOldGen       total 158208K, used 58309K [0x00000000c0000000, 0x00000000c9a80000, 0x00000000eab00000)
  object space 158208K, 36% used [0x00000000c0000000,0x00000000c38f17a0,0x00000000c9a80000)
 Metaspace       used 6113K, capacity 7028K, committed 7296K, reserved 1056768K
  class space    used 600K, capacity 620K, committed 640K, reserved 1048576K
Event: 3.092 GC heap after
Heap after GC invocations=5 (full 1):
 PSYoungGen      total 118784K, used 5120K [0x00000000eab00000, 0x00000000f3700000, 0x0000000100000000)
  eden space 113664K, 0% used [0x00000000eab00000,0x00000000eab00000,0x00000000f1a00000)
  from space 5120K, 100% used [0x00000000f3200000,0x00000000f3700000,0x00000000f3700000)
  to   space 5120K, 0% used [0x00000000f2d00000,0x00000000f2d00000,0x00000000f3200000)
 ParOldGen       total 158208K, used 96981K [0x00000000c0000000, 0x00000000c9a80000, 0x00000000eab00000)
  object space 158208K, 61% used [0x00000000c0000000,0x00000000c5eb57a0,0x00000000c9a80000)
 Metaspace       used 6113K, capacity 7028K, committed 7296K, reserved 1056768K
  class space    used 600K, capacity 620K, committed 640K, reserved 1048576K
}
Event: 3.364 GC heap before
{Heap before GC invocations=6 (full 1):
 PSYoungGen      total 118784K, used 118784K [0x00000000eab00000, 0x00000000f3700000, 0x0000000100000000)
  eden space 113664K, 100% used [0x00000000eab00000,0x00000000f1a00000,0x00000000f1a00000)
  from space 5120K, 100% used [0x00000000f3200000,0x00000000f3700000,0x00000000f3700000)
  to   space 5120K, 0% used [0x00000000f2d00000,0x00000000f2d00000,0x00000000f3200000)
 ParOldGen       total 158208K, used 96981K [0x00000000c0000000, 0x00000000c9a80000, 0x00000000eab00000)
  object space 158208K, 61% used [0x00000000c0000000,0x00000000c5eb57a0,0x00000000c9a80000)
 Metaspace       used 6159K, capacity 7028K, committed 7296K, reserved 1056768K
  class space    used 602K, capacity 620K, committed 640K, reserved 1048576K
Event: 3.396 GC heap after
Heap after GC invocations=6 (full 1):
 PSYoungGen      total 138240K, used 5088K [0x00000000eab00000, 0x00000000fdb80000, 0x0000000100000000)
  eden space 133120K, 0% used [0x00000000eab00000,0x00000000eab00000,0x00000000f2d00000)
  from space 5120K, 99% used [0x00000000f2d00000,0x00000000f31f8010,0x00000000f3200000)
  to   space 59904K, 0% used [0x00000000fa100000,0x00000000fa100000,0x00000000fdb80000)
 ParOldGen       total 158208K, used 124440K [0x00000000c0000000, 0x00000000c9a80000, 0x00000000eab00000)
  object space 158208K, 78% used [0x00000000c0000000,0x00000000c79860e8,0x00000000c9a80000)
 Metaspace       used 6159K, capacity 7028K, committed 7296K, reserved 1056768K
  class space    used 602K, capacity 620K, committed 640K, reserved 1048576K
}
Event: 3.396 GC heap before
{Heap before GC invocations=7 (full 2):
 PSYoungGen      total 138240K, used 5088K [0x00000000eab00000, 0x00000000fdb80000, 0x0000000100000000)
  eden space 133120K, 0% used [0x00000000eab00000,0x00000000eab00000,0x00000000f2d00000)
  from space 5120K, 99% used [0x00000000f2d00000,0x00000000f31f8010,0x00000000f3200000)
  to   space 59904K, 0% used [0x00000000fa100000,0x00000000fa100000,0x00000000fdb80000)
 ParOldGen       total 158208K, used 124440K [0x00000000c0000000, 0x00000000c9a80000, 0x00000000eab00000)
  object space 158208K, 78% used [0x00000000c0000000,0x00000000c79860e8,0x00000000c9a80000)
 Metaspace       used 6159K, capacity 7028K, committed 7296K, reserved 1056768K
  class space    used 602K, capacity 620K, committed 640K, reserved 1048576K
Event: 3.498 GC heap after
Heap after GC invocations=7 (full 2):
 PSYoungGen      total 138240K, used 0K [0x00000000eab00000, 0x00000000fdb80000, 0x0000000100000000)
  eden space 133120K, 0% used [0x00000000eab00000,0x00000000eab00000,0x00000000f2d00000)
  from space 5120K, 0% used [0x00000000f2d00000,0x00000000f2d00000,0x00000000f3200000)
  to   space 59904K, 0% used [0x00000000fa100000,0x00000000fa100000,0x00000000fdb80000)
 ParOldGen       total 249344K, used 125773K [0x00000000c0000000, 0x00000000cf380000, 0x00000000eab00000)
  object space 249344K, 50% used [0x00000000c0000000,0x00000000c7ad3558,0x00000000cf380000)
 Metaspace       used 6159K, capacity 7028K, committed 7296K, reserved 1056768K
  class space    used 602K, capacity 620K, committed 640K, reserved 1048576K
}
Event: 4.477 GC heap before
{Heap before GC invocations=8 (full 2):
 PSYoungGen      total 138240K, used 133120K [0x00000000eab00000, 0x00000000fdb80000, 0x0000000100000000)
  eden space 133120K, 100% used [0x00000000eab00000,0x00000000f2d00000,0x00000000f2d00000)
  from space 5120K, 0% used [0x00000000f2d00000,0x00000000f2d00000,0x00000000f3200000)
  to   space 59904K, 0% used [0x00000000fa100000,0x00000000fa100000,0x00000000fdb80000)
 ParOldGen       total 249344K, used 125773K [0x00000000c0000000, 0x00000000cf380000, 0x00000000eab00000)
  object space 249344K, 50% used [0x00000000c0000000,0x00000000c7ad3558,0x00000000cf380000)
 Metaspace       used 6165K, capacity 7028K, committed 7296K, reserved 1056768K
  class space    used 602K, capacity 620K, committed 640K, reserved 1048576K
Event: 4.549 GC heap after
Heap after GC invocations=8 (full 2):
 PSYoungGen      total 254464K, used 20869K [0x00000000eab00000, 0x00000000fdf80000, 0x0000000100000000)
  eden space 194560K, 0% used [0x00000000eab00000,0x00000000eab00000,0x00000000f6900000)
  from space 59904K, 34% used [0x00000000fa100000,0x00000000fb561540,0x00000000fdb80000)
  to   space 57344K, 0% used [0x00000000f6900000,0x00000000f6900000,0x00000000fa100000)
 ParOldGen       total 249344K, used 125773K [0x00000000c0000000, 0x00000000cf380000, 0x00000000eab00000)
  object space 249344K, 50% used [0x00000000c0000000,0x00000000c7ad3558,0x00000000cf380000)
 Metaspace       used 6165K, capacity 7028K, committed 7296K, reserved 1056768K
  class space    used 602K, capacity 620K, committed 640K, reserved 1048576K
}

Deoptimization events (10 events):
Event: 3.673 Thread 0x00000000564a8800 Uncommon trap: reason=class_check action=maybe_recompile pc=0x00000000029c5ec4 method=java.util.HashMap.putVal(ILjava/lang/Object;Ljava/lang/Object;ZZ)Ljava/lang/Object; @ 203
Event: 3.674 Thread 0x00000000564a8800 Uncommon trap: reason=bimorphic action=maybe_recompile pc=0x0000000002800c90 method=java.util.HashMap.getNode(ILjava/lang/Object;)Ljava/util/HashMap$Node; @ 126
Event: 3.674 Thread 0x00000000564a8800 Uncommon trap: reason=class_check action=maybe_recompile pc=0x00000000029c5ec4 method=java.util.HashMap.putVal(ILjava/lang/Object;Ljava/lang/Object;ZZ)Ljava/lang/Object; @ 203
Event: 3.674 Thread 0x00000000564a8800 Uncommon trap: reason=bimorphic action=maybe_recompile pc=0x0000000002800c90 method=java.util.HashMap.getNode(ILjava/lang/Object;)Ljava/util/HashMap$Node; @ 126
Event: 3.674 Thread 0x00000000564a8800 Uncommon trap: reason=class_check action=maybe_recompile pc=0x00000000029c5ec4 method=java.util.HashMap.putVal(ILjava/lang/Object;Ljava/lang/Object;ZZ)Ljava/lang/Object; @ 203
Event: 3.674 Thread 0x00000000564a8800 Uncommon trap: reason=bimorphic action=maybe_recompile pc=0x0000000002800c90 method=java.util.HashMap.getNode(ILjava/lang/Object;)Ljava/util/HashMap$Node; @ 126
Event: 3.674 Thread 0x00000000564a8800 Uncommon trap: reason=class_check action=maybe_recompile pc=0x00000000029c5ec4 method=java.util.HashMap.putVal(ILjava/lang/Object;Ljava/lang/Object;ZZ)Ljava/lang/Object; @ 203
Event: 3.824 Thread 0x00000000564a8800 Uncommon trap: reason=unstable_if action=reinterpret pc=0x000000000289ea38 method=com.android.dx.ssa.SetFactory.makeLivenessSet(I)Lcom/android/dx/util/IntSet; @ 4
Event: 3.824 Thread 0x00000000564a8800 Uncommon trap: reason=unstable_if action=reinterpret pc=0x0000000002895c7c method=com.android.dx.ssa.SetFactory.makeLivenessSet(I)Lcom/android/dx/util/IntSet; @ 4
Event: 3.826 Thread 0x00000000564a8800 Uncommon trap: reason=unstable_if action=reinterpret pc=0x00000000029bb4ec method=com.android.dx.util.IntList.binarysearch(I)I @ 105

Internal exceptions (2 events):
Event: 0.057 Thread 0x000000000226e800 Exception <a 'java/lang/NoSuchMethodError': Method sun.misc.Unsafe.defineClass(Ljava/lang/String;[BII)Ljava/lang/Class; name or signature does not match> (0x00000000eab130b8) thrown at [D:\re\puppet\workspace\8-2-build-windows-amd64-cygwin\jdk8u73\6086\hotž»Á¿)­?
Event: 0.057 Thread 0x000000000226e800 Exception <a 'java/lang/NoSuchMethodError': Method sun.misc.Unsafe.prefetchRead(Ljava/lang/Object;J)V name or signature does not match> (0x00000000eab133a0) thrown at [D:\re\puppet\workspace\8-2-build-windows-amd64-cygwin\jdk8u73\6086\hotspot\src\share\vm\

Events (10 events):
Event: 4.402 Thread 0x00000000564a8800 DEOPT PACKING pc=0x0000000002a264f5 sp=0x000000005781e770
Event: 4.406 Thread 0x00000000564a8800 DEOPT UNPACKING pc=0x000000000260787f sp=0x000000005781e4d8 mode 0
Event: 4.408 Thread 0x00000000564a8800 DEOPT PACKING pc=0x00000000029bf17d sp=0x000000005781e830
Event: 4.408 Thread 0x00000000564a8800 DEOPT UNPACKING pc=0x000000000260787f sp=0x000000005781e510 mode 0
Event: 4.431 Thread 0x00000000564a8800 DEOPT PACKING pc=0x00000000029bf17d sp=0x000000005781e7b0
Event: 4.431 Thread 0x00000000564a8800 DEOPT UNPACKING pc=0x000000000260787f sp=0x000000005781e490 mode 0
Event: 4.477 Executing VM operation: ParallelGCFailedAllocation
Event: 4.549 Executing VM operation: ParallelGCFailedAllocation done
Event: 4.633 Thread 0x00000000564fc800 DEOPT PACKING pc=0x0000000002a42965 sp=0x000000005797e6b0
Event: 4.633 Thread 0x00000000564fc800 DEOPT UNPACKING pc=0x000000000260787f sp=0x000000005797e418 mode 0


Dynamic libraries:
0x000000013fe60000 - 0x000000013fe97000 	C:\Program Files\Java\jdk1.8.0_73\bin\java.exe
0x0000000076d50000 - 0x0000000076efa000 	C:\Windows\SYSTEM32\ntdll.dll
0x0000000076c30000 - 0x0000000076d4f000 	C:\Windows\system32\kernel32.dll
0x000007fefcd00000 - 0x000007fefcd6b000 	C:\Windows\system32\KERNELBASE.dll
0x000007fefe720000 - 0x000007fefe7fb000 	C:\Windows\system32\ADVAPI32.dll
0x000007fefefc0000 - 0x000007feff05f000 	C:\Windows\system32\msvcrt.dll
0x000007fefeda0000 - 0x000007fefedbf000 	C:\Windows\SYSTEM32\sechost.dll
0x000007fefddf0000 - 0x000007fefdf1d000 	C:\Windows\system32\RPCRT4.dll
0x0000000076b30000 - 0x0000000076c2a000 	C:\Windows\system32\USER32.dll
0x000007fefef50000 - 0x000007fefefb7000 	C:\Windows\system32\GDI32.dll
0x000007fefed90000 - 0x000007fefed9e000 	C:\Windows\system32\LPK.dll
0x000007fefe810000 - 0x000007fefe8da000 	C:\Windows\system32\USP10.dll
0x000007fefb5d0000 - 0x000007fefb7c4000 	C:\Windows\WinSxS\amd64_microsoft.windows.common-controls_6595b64144ccf1df_6.0.7601.18837_none_fa3b1e3d17594757\COMCTL32.dll
0x000007fefe680000 - 0x000007fefe6f1000 	C:\Windows\system32\SHLWAPI.dll
0x000007fefebe0000 - 0x000007fefec0e000 	C:\Windows\system32\IMM32.DLL
0x000007fefee40000 - 0x000007fefef49000 	C:\Windows\system32\MSCTF.dll
0x0000000058700000 - 0x00000000587d2000 	C:\Program Files\Java\jdk1.8.0_73\jre\bin\msvcr100.dll
0x0000000058b00000 - 0x0000000059390000 	C:\Program Files\Java\jdk1.8.0_73\jre\bin\server\jvm.dll
0x000007fef4f90000 - 0x000007fef4f99000 	C:\Windows\system32\WSOCK32.dll
0x000007fefe4a0000 - 0x000007fefe4ed000 	C:\Windows\system32\WS2_32.dll
0x000007fefe800000 - 0x000007fefe808000 	C:\Windows\system32\NSI.dll
0x000007fefa280000 - 0x000007fefa2bb000 	C:\Windows\system32\WINMM.dll
0x000007fefbd90000 - 0x000007fefbd9c000 	C:\Windows\system32\VERSION.dll
0x0000000076f10000 - 0x0000000076f17000 	C:\Windows\system32\PSAPI.DLL
0x0000000061970000 - 0x000000006197f000 	C:\Program Files\Java\jdk1.8.0_73\jre\bin\verify.dll
0x0000000061940000 - 0x0000000061969000 	C:\Program Files\Java\jdk1.8.0_73\jre\bin\java.dll
0x0000000061860000 - 0x0000000061876000 	C:\Program Files\Java\jdk1.8.0_73\jre\bin\zip.dll
0x000007fefd060000 - 0x000007fefdde9000 	C:\Windows\system32\SHELL32.dll
0x000007fefdf20000 - 0x000007fefe123000 	C:\Windows\system32\ole32.dll
0x000007fefcc50000 - 0x000007fefcc5f000 	C:\Windows\system32\profapi.dll

VM Arguments:
jvm_args: -Djava.awt.headless=true -Xmx1024M -Dfile.encoding=GBK -Duser.country=CN -Duser.language=zh -Duser.variant 
java_command: com.android.dx.command.Main --dex --num-threads=4 --output G:\GIT\ZhuHuRiBao\app\build\intermediates\pre-dexed\debug\jsoup-1.6.1_d817a196fff82f1c3db46e6965e0267f90846fee.jar G:\GIT\ZhuHuRiBao\app\libs\jsoup-1.6.1.jar
java_class_path (initial): D:\SDK\build-tools\23.0.3\lib\dx.jar
Launcher Type: SUN_STANDARD

Environment Variables:
JAVA_HOME=C:\Program Files\Java\jdk1.8.0_73
CLASSPATH=.;C:\Program Files\Java\jdk1.8.0_73\lib;C:\Program Files\Java\jdk1.8.0_73\lib\tools.jar
PATH=D:\MyPython\;D:\MyPython\Scripts;C:\ProgramData\Oracle\Java\javapath;C:\Windows\system32;C:\Windows;C:\Windows\System32\Wbem;C:\Windows\System32\WindowsPowerShell\v1.0\;C:\Program Files (x86)\Common Files\microsoft shared\TigerKin;C:\Program Files (x86)\NVIDIA Corporation\PhysX\Common;C:\Program Files (x86)\Common Files\microsoft shared\TigerKin;C:\Program Files\Java\jdk1.8.0_73\bin;C:\Program Files\Java\jdk1.8.0_73\jre\bin;C:\Users\admin\AppData\Local\Android\sdk\platform-tools
USERNAME=admin
OS=Windows_NT
PROCESSOR_IDENTIFIER=Intel64 Family 6 Model 60 Stepping 3, GenuineIntel



---------------  S Y S T E M  ---------------

OS: Windows 7 , 64 bit Build 7601 (6.1.7601.19160)

CPU:total 4 (4 cores per cpu, 1 threads per core) family 6 model 60 stepping 3, cmov, cx8, fxsr, mmx, sse, sse2, sse3, ssse3, sse4.1, sse4.2, popcnt, avx, avx2, aes, clmul, erms, rtm, lzcnt, tsc, tscinvbit, bmi1, bmi2

Memory: 4k page, physical 8353940k(2000796k free), swap 9400680k(5152k free)

vm_info: Java HotSpot(TM) 64-Bit Server VM (25.73-b02) for windows-amd64 JRE (1.8.0_73-b02), built on Jan 29 2016 17:38:49 by "java_re" with MS VC++ 10.0 (VS2010)

time: Wed Jul 20 22:37:47 2016
elapsed time: 4 seconds (0d 0h 0m 4s)

