#
# There is insufficient memory for the Java Runtime Environment to continue.
# Native memory allocation (malloc) failed to allocate 469296 bytes for Chunk::new
# Possible reasons:
#   The system is out of physical RAM or swap space
#   In 32 bit mode, the process size limit was hit
# Possible solutions:
#   Reduce memory load on the system
#   Increase physical memory or swap space
#   Check if swap backing store is full
#   Use 64 bit Java on a 64 bit OS
#   Decrease Java heap size (-Xmx/-Xms)
#   Decrease number of Java threads
#   Decrease Java thread stack sizes (-Xss)
#   Set larger code cache with -XX:ReservedCodeCacheSize=
# This output file may be truncated or incomplete.
#
#  Out of Memory Error (allocation.cpp:390), pid=9284, tid=8824
#
# JRE version: Java(TM) SE Runtime Environment (8.0_73-b02) (build 1.8.0_73-b02)
# Java VM: Java HotSpot(TM) 64-Bit Server VM (25.73-b02 mixed mode windows-amd64 compressed oops)
# Failed to write core dump. Minidumps are not enabled by default on client versions of Windows
#

---------------  T H R E A D  ---------------

Current thread (0x0000000056119800):  JavaThread "C2 CompilerThread1" daemon [_thread_in_native, id=8824, stack(0x0000000056b40000,0x0000000056c40000)]

Stack: [0x0000000056b40000,0x0000000056c40000]
[error occurred during error reporting (printing stack bounds), id 0xc0000005]

Native frames: (J=compiled Java code, j=interpreted, Vv=VM code, C=native code)


Current CompileTask:
C2:    592 1213   !   4       com.android.dx.cf.code.BytecodeArray::parseInstruction (2764 bytes)


---------------  P R O C E S S  ---------------

Java Threads: ( => current thread )
  0x0000000056346000 JavaThread "pool-1-thread-4" [_thread_in_Java, id=9608, stack(0x00000000576c0000,0x00000000577c0000)]
  0x0000000056323000 JavaThread "pool-1-thread-3" [_thread_in_Java, id=9196, stack(0x0000000057520000,0x0000000057620000)]
  0x0000000056314800 JavaThread "pool-1-thread-2" [_thread_in_Java, id=9476, stack(0x00000000572d0000,0x00000000573d0000)]
  0x0000000056314000 JavaThread "pool-2-thread-1" [_thread_blocked, id=4124, stack(0x0000000057140000,0x0000000057240000)]
  0x00000000562ff800 JavaThread "pool-1-thread-1" [_thread_blocked, id=9336, stack(0x0000000056fc0000,0x00000000570c0000)]
  0x00000000561ab800 JavaThread "Service Thread" daemon [_thread_blocked, id=8976, stack(0x0000000056ce0000,0x0000000056de0000)]
  0x000000005611e800 JavaThread "C1 CompilerThread2" daemon [_thread_blocked, id=10164, stack(0x0000000056830000,0x0000000056930000)]
=>0x0000000056119800 JavaThread "C2 CompilerThread1" daemon [_thread_in_native, id=8824, stack(0x0000000056b40000,0x0000000056c40000)]
  0x0000000056114000 JavaThread "C2 CompilerThread0" daemon [_thread_in_native, id=6424, stack(0x00000000569b0000,0x0000000056ab0000)]
  0x0000000056108800 JavaThread "Attach Listener" daemon [_thread_blocked, id=6052, stack(0x0000000056720000,0x0000000056820000)]
  0x0000000054cce800 JavaThread "Signal Dispatcher" daemon [_thread_blocked, id=10120, stack(0x0000000056550000,0x0000000056650000)]
  0x0000000054c62800 JavaThread "Finalizer" daemon [_thread_blocked, id=7308, stack(0x0000000056000000,0x0000000056100000)]
  0x0000000054c61000 JavaThread "Reference Handler" daemon [_thread_blocked, id=9212, stack(0x0000000055e10000,0x0000000055f10000)]
  0x00000000021be800 JavaThread "main" [_thread_in_Java, id=8632, stack(0x00000000024d0000,0x00000000025d0000)]

Other Threads:
  0x0000000054c5b800 VMThread [stack: 0x0000000055cd0000,0x0000000055dd0000] [id=9344]
  0x00000000561dc000 WatcherThread [stack: 0x0000000056ec0000,0x0000000056fc0000] [id=10096]

VM state:not at safepoint (normal execution)

VM Mutex/Monitor currently owned by a thread: None

Heap:
 PSYoungGen      total 71680K, used 13925K [0x00000000eab00000, 0x00000000ef600000, 0x0000000100000000)
  eden space 66560K, 13% used [0x00000000eab00000,0x00000000eb419938,0x00000000eec00000)
  from space 5120K, 99% used [0x00000000ef100000,0x00000000ef5f9970,0x00000000ef600000)
  to   space 5120K, 0% used [0x00000000eec00000,0x00000000eec00000,0x00000000ef100000)
 ParOldGen       total 87552K, used 7669K [0x00000000c0000000, 0x00000000c5580000, 0x00000000eab00000)
  object space 87552K, 8% used [0x00000000c0000000,0x00000000c077d7d8,0x00000000c5580000)
 Metaspace       used 5871K, capacity 6960K, committed 7040K, reserved 1056768K
  class space    used 586K, capacity 616K, committed 640K, reserved 1048576K

Card table byte_map: [0x0000000011990000,0x0000000011ba0000] byte_map_base: 0x0000000011390000

Marking Bits: (ParMarkBitMap*) 0x0000000059310600
 Begin Bits: [0x00000000120d0000, 0x00000000130d0000)
 End Bits:   [0x00000000130d0000, 0x00000000140d0000)

Polling page: 0x0000000000110000

CodeCache: size=245760Kb used=4625Kb max_used=4637Kb free=241134Kb
 bounds [0x00000000025d0000, 0x0000000002a60000, 0x00000000115d0000]
 total_blobs=1458 nmethods=1194 adapters=177
 compilation: enabled

Compilation events (10 events):
Event: 0.446 Thread 0x0000000056114000 nmethod 1204 0x00000000029e99d0 code [0x00000000029e9b00, 0x00000000029e9b78]
Event: 0.446 Thread 0x0000000056114000 1208  s    4       java.util.Vector::removeElementAt (115 bytes)
Event: 0.447 Thread 0x0000000056114000 nmethod 1208 0x0000000002a534d0 code [0x0000000002a53620, 0x0000000002a538b8]
Event: 0.447 Thread 0x0000000056114000 1206       4       com.android.dx.ssa.SCCP::simulateStmt (481 bytes)
Event: 0.454 Thread 0x0000000056119800 nmethod 1209 0x0000000002a5c090 code [0x0000000002a5c240, 0x0000000002a5cd38]
Event: 0.454 Thread 0x0000000056119800 1215       4       com.android.dx.rop.code.LocalItem::compareTo (32 bytes)
Event: 0.455 Thread 0x0000000056119800 nmethod 1215 0x0000000002a56a10 code [0x0000000002a56b60, 0x0000000002a56ed8]
Event: 0.455 Thread 0x0000000056119800 1218       4       com.android.dx.ssa.SsaMethod::forEachInsn (36 bytes)
Event: 0.459 Thread 0x0000000056119800 nmethod 1218 0x0000000002a59650 code [0x0000000002a597c0, 0x0000000002a59c38]
Event: 0.459 Thread 0x0000000056119800 1213   !   4       com.android.dx.cf.code.BytecodeArray::parseInstruction (2764 bytes)

GC Heap History (4 events):
Event: 0.419 GC heap before
{Heap before GC invocations=1 (full 0):
 PSYoungGen      total 38400K, used 33280K [0x00000000eab00000, 0x00000000ed580000, 0x0000000100000000)
  eden space 33280K, 100% used [0x00000000eab00000,0x00000000ecb80000,0x00000000ecb80000)
  from space 5120K, 0% used [0x00000000ed080000,0x00000000ed080000,0x00000000ed580000)
  to   space 5120K, 0% used [0x00000000ecb80000,0x00000000ecb80000,0x00000000ed080000)
 ParOldGen       total 87552K, used 0K [0x00000000c0000000, 0x00000000c5580000, 0x00000000eab00000)
  object space 87552K, 0% used [0x00000000c0000000,0x00000000c0000000,0x00000000c5580000)
 Metaspace       used 5792K, capacity 6896K, committed 7040K, reserved 1056768K
  class space    used 584K, capacity 616K, committed 640K, reserved 1048576K
Event: 0.426 GC heap after
Heap after GC invocations=1 (full 0):
 PSYoungGen      total 38400K, used 5102K [0x00000000eab00000, 0x00000000ef600000, 0x0000000100000000)
  eden space 33280K, 0% used [0x00000000eab00000,0x00000000eab00000,0x00000000ecb80000)
  from space 5120K, 99% used [0x00000000ecb80000,0x00000000ed07b9d0,0x00000000ed080000)
  to   space 5120K, 0% used [0x00000000ef100000,0x00000000ef100000,0x00000000ef600000)
 ParOldGen       total 87552K, used 2020K [0x00000000c0000000, 0x00000000c5580000, 0x00000000eab00000)
  object space 87552K, 2% used [0x00000000c0000000,0x00000000c01f9168,0x00000000c5580000)
 Metaspace       used 5792K, capacity 6896K, committed 7040K, reserved 1056768K
  class space    used 584K, capacity 616K, committed 640K, reserved 1048576K
}
Event: 0.543 GC heap before
{Heap before GC invocations=2 (full 0):
 PSYoungGen      total 38400K, used 38382K [0x00000000eab00000, 0x00000000ef600000, 0x0000000100000000)
  eden space 33280K, 100% used [0x00000000eab00000,0x00000000ecb80000,0x00000000ecb80000)
  from space 5120K, 99% used [0x00000000ecb80000,0x00000000ed07b9d0,0x00000000ed080000)
  to   space 5120K, 0% used [0x00000000ef100000,0x00000000ef100000,0x00000000ef600000)
 ParOldGen       total 87552K, used 2020K [0x00000000c0000000, 0x00000000c5580000, 0x00000000eab00000)
  object space 87552K, 2% used [0x00000000c0000000,0x00000000c01f9168,0x00000000c5580000)
 Metaspace       used 5864K, capacity 6896K, committed 7040K, reserved 1056768K
  class space    used 586K, capacity 616K, committed 640K, reserved 1048576K
Event: 0.561 GC heap after
Heap after GC invocations=2 (full 0):
 PSYoungGen      total 71680K, used 5094K [0x00000000eab00000, 0x00000000ef600000, 0x0000000100000000)
  eden space 66560K, 0% used [0x00000000eab00000,0x00000000eab00000,0x00000000eec00000)
  from space 5120K, 99% used [0x00000000ef100000,0x00000000ef5f9970,0x00000000ef600000)
  to   space 5120K, 0% used [0x00000000eec00000,0x00000000eec00000,0x00000000ef100000)
 ParOldGen       total 87552K, used 7669K [0x00000000c0000000, 0x00000000c5580000, 0x00000000eab00000)
  object space 87552K, 8% used [0x00000000c0000000,0x00000000c077d7d8,0x00000000c5580000)
 Metaspace       used 5864K, capacity 6896K, committed 7040K, reserved 1056768K
  class space    used 586K, capacity 616K, committed 640K, reserved 1048576K
}

Deoptimization events (10 events):
Event: 0.416 Thread 0x00000000021be800 Uncommon trap: reason=unstable_if action=reinterpret pc=0x0000000002850fe8 method=com.android.dx.rop.cst.StdConstantPool.set(ILcom/android/dx/rop/cst/Constant;)V @ 12
Event: 0.418 Thread 0x00000000021be800 Uncommon trap: reason=unstable_if action=reinterpret pc=0x000000000275537c method=java.lang.String.<init>([CII)V @ 18
Event: 0.429 Thread 0x00000000021be800 Uncommon trap: reason=unstable_if action=reinterpret pc=0x00000000029ec174 method=com.android.dx.ssa.SsaRenamer$BlockRenamer.addMapping(ILcom/android/dx/rop/code/RegisterSpec;)V @ 120
Event: 0.430 Thread 0x0000000056346000 Uncommon trap: reason=bimorphic action=maybe_recompile pc=0x00000000028367dc method=java.util.HashMap.getNode(ILjava/lang/Object;)Ljava/util/HashMap$Node; @ 126
Event: 0.430 Thread 0x0000000056346000 Uncommon trap: reason=class_check action=maybe_recompile pc=0x0000000002924190 method=java.util.HashMap.putVal(ILjava/lang/Object;Ljava/lang/Object;ZZ)Ljava/lang/Object; @ 203
Event: 0.430 Thread 0x0000000056346000 Uncommon trap: reason=bimorphic action=maybe_recompile pc=0x00000000028367dc method=java.util.HashMap.getNode(ILjava/lang/Object;)Ljava/util/HashMap$Node; @ 126
Event: 0.430 Thread 0x0000000056346000 Uncommon trap: reason=class_check action=maybe_recompile pc=0x0000000002924190 method=java.util.HashMap.putVal(ILjava/lang/Object;Ljava/lang/Object;ZZ)Ljava/lang/Object; @ 203
Event: 0.461 Thread 0x00000000562ff800 Uncommon trap: reason=bimorphic action=maybe_recompile pc=0x00000000028367dc method=java.util.HashMap.getNode(ILjava/lang/Object;)Ljava/util/HashMap$Node; @ 126
Event: 0.474 Thread 0x00000000021be800 Uncommon trap: reason=unstable_if action=reinterpret pc=0x0000000002833e10 method=java.lang.String.<init>([CII)V @ 18
Event: 0.479 Thread 0x00000000562ff800 Uncommon trap: reason=bimorphic action=maybe_recompile pc=0x00000000028142e0 method=java.util.HashMap.getNode(ILjava/lang/Object;)Ljava/util/HashMap$Node; @ 126

Internal exceptions (2 events):
Event: 0.024 Thread 0x00000000021be800 Exception <a 'java/lang/NoSuchMethodError': Method sun.misc.Unsafe.defineClass(Ljava/lang/String;[BII)Ljava/lang/Class; name or signature does not match> (0x00000000eab130b8) thrown at [D:\re\puppet\workspace\8-2-build-windows-amd64-cygwin\jdk8u73\6086\hotÔf³Ÿí˜?
Event: 0.024 Thread 0x00000000021be800 Exception <a 'java/lang/NoSuchMethodError': Method sun.misc.Unsafe.prefetchRead(Ljava/lang/Object;J)V name or signature does not match> (0x00000000eab133a0) thrown at [D:\re\puppet\workspace\8-2-build-windows-amd64-cygwin\jdk8u73\6086\hotspot\src\share\vm\

Events (10 events):
Event: 0.474 Thread 0x00000000021be800 Uncommon trap: trap_request=0xffffff65 fr.pc=0x0000000002833e10
Event: 0.474 Thread 0x00000000021be800 DEOPT PACKING pc=0x0000000002833e10 sp=0x00000000025cde90
Event: 0.474 Thread 0x00000000021be800 DEOPT UNPACKING pc=0x000000000261582a sp=0x00000000025cde58 mode 2
Event: 0.479 Thread 0x00000000562ff800 Uncommon trap: trap_request=0xffffffc6 fr.pc=0x00000000028142e0
Event: 0.479 Thread 0x00000000562ff800 DEOPT PACKING pc=0x00000000028142e0 sp=0x00000000570be9f0
Event: 0.479 Thread 0x00000000562ff800 DEOPT UNPACKING pc=0x000000000261582a sp=0x00000000570be978 mode 2
Event: 0.542 Executing VM operation: ParallelGCFailedAllocation
Event: 0.561 Executing VM operation: ParallelGCFailedAllocation done
Event: 0.589 loading class com/android/dx/cf/code/SwitchList
Event: 0.589 loading class com/android/dx/cf/code/SwitchList done


Dynamic libraries:
0x000000013fe60000 - 0x000000013fe97000 	C:\Program Files\Java\jdk1.8.0_73\bin\java.exe
0x0000000076d50000 - 0x0000000076efa000 	C:\Windows\SYSTEM32\ntdll.dll
0x0000000076c30000 - 0x0000000076d4f000 	C:\Windows\system32\kernel32.dll
0x000007fefcd00000 - 0x000007fefcd6b000 	C:\Windows\system32\KERNELBASE.dll
0x000007fefe720000 - 0x000007fefe7fb000 	C:\Windows\system32\ADVAPI32.dll
0x000007fefefc0000 - 0x000007feff05f000 	C:\Windows\system32\msvcrt.dll
0x000007fefeda0000 - 0x000007fefedbf000 	C:\Windows\SYSTEM32\sechost.dll
0x000007fefddf0000 - 0x000007fefdf1d000 	C:\Windows\system32\RPCRT4.dll
0x0000000076b30000 - 0x0000000076c2a000 	C:\Windows\system32\USER32.dll
0x000007fefef50000 - 0x000007fefefb7000 	C:\Windows\system32\GDI32.dll
0x000007fefed90000 - 0x000007fefed9e000 	C:\Windows\system32\LPK.dll
0x000007fefe810000 - 0x000007fefe8da000 	C:\Windows\system32\USP10.dll
0x000007fefb5d0000 - 0x000007fefb7c4000 	C:\Windows\WinSxS\amd64_microsoft.windows.common-controls_6595b64144ccf1df_6.0.7601.18837_none_fa3b1e3d17594757\COMCTL32.dll
0x000007fefe680000 - 0x000007fefe6f1000 	C:\Windows\system32\SHLWAPI.dll
0x000007fefebe0000 - 0x000007fefec0e000 	C:\Windows\system32\IMM32.DLL
0x000007fefee40000 - 0x000007fefef49000 	C:\Windows\system32\MSCTF.dll
0x0000000058700000 - 0x00000000587d2000 	C:\Program Files\Java\jdk1.8.0_73\jre\bin\msvcr100.dll
0x0000000058b00000 - 0x0000000059390000 	C:\Program Files\Java\jdk1.8.0_73\jre\bin\server\jvm.dll
0x000007fef4f90000 - 0x000007fef4f99000 	C:\Windows\system32\WSOCK32.dll
0x000007fefe4a0000 - 0x000007fefe4ed000 	C:\Windows\system32\WS2_32.dll
0x000007fefe800000 - 0x000007fefe808000 	C:\Windows\system32\NSI.dll
0x000007fefa280000 - 0x000007fefa2bb000 	C:\Windows\system32\WINMM.dll
0x000007fefbd90000 - 0x000007fefbd9c000 	C:\Windows\system32\VERSION.dll
0x0000000076f10000 - 0x0000000076f17000 	C:\Windows\system32\PSAPI.DLL
0x0000000061970000 - 0x000000006197f000 	C:\Program Files\Java\jdk1.8.0_73\jre\bin\verify.dll
0x0000000061940000 - 0x0000000061969000 	C:\Program Files\Java\jdk1.8.0_73\jre\bin\java.dll
0x0000000061860000 - 0x0000000061876000 	C:\Program Files\Java\jdk1.8.0_73\jre\bin\zip.dll
0x000007fefd060000 - 0x000007fefdde9000 	C:\Windows\system32\SHELL32.dll
0x000007fefdf20000 - 0x000007fefe123000 	C:\Windows\system32\ole32.dll
0x000007fefcc50000 - 0x000007fefcc5f000 	C:\Windows\system32\profapi.dll

VM Arguments:
jvm_args: -Djava.awt.headless=true -Xmx1024M -Dfile.encoding=GBK -Duser.country=CN -Duser.language=zh -Duser.variant 
java_command: com.android.dx.command.Main --dex --num-threads=4 --output G:\GIT\ZhuHuRiBao\app\build\intermediates\pre-dexed\debug\debug_4652e7f48516f918d1a71e39de164902a51a36dd.jar G:\GIT\ZhuHuRiBao\app\build\intermediates\classes\debug
java_class_path (initial): D:\SDK\build-tools\23.0.3\lib\dx.jar
Launcher Type: SUN_STANDARD

Environment Variables:
JAVA_HOME=C:\Program Files\Java\jdk1.8.0_73
CLASSPATH=.;C:\Program Files\Java\jdk1.8.0_73\lib;C:\Program Files\Java\jdk1.8.0_73\lib\tools.jar
PATH=D:\MyPython\;D:\MyPython\Scripts;C:\ProgramData\Oracle\Java\javapath;C:\Windows\system32;C:\Windows;C:\Windows\System32\Wbem;C:\Windows\System32\WindowsPowerShell\v1.0\;C:\Program Files (x86)\Common Files\microsoft shared\TigerKin;C:\Program Files (x86)\NVIDIA Corporation\PhysX\Common;C:\Program Files (x86)\Common Files\microsoft shared\TigerKin;C:\Program Files\Java\jdk1.8.0_73\bin;C:\Program Files\Java\jdk1.8.0_73\jre\bin;C:\Users\admin\AppData\Local\Android\sdk\platform-tools
USERNAME=admin
OS=Windows_NT
PROCESSOR_IDENTIFIER=Intel64 Family 6 Model 60 Stepping 3, GenuineIntel



---------------  S Y S T E M  ---------------

OS: Windows 7 , 64 bit Build 7601 (6.1.7601.19160)

CPU:total 4 (4 cores per cpu, 1 threads per core) family 6 model 60 stepping 3, cmov, cx8, fxsr, mmx, sse, sse2, sse3, ssse3, sse4.1, sse4.2, popcnt, avx, avx2, aes, clmul, erms, rtm, lzcnt, tsc, tscinvbit, bmi1, bmi2

Memory: 4k page, physical 8353940k(1539784k free), swap 9400680k(5288k free)

vm_info: Java HotSpot(TM) 64-Bit Server VM (25.73-b02) for windows-amd64 JRE (1.8.0_73-b02), built on Jan 29 2016 17:38:49 by "java_re" with MS VC++ 10.0 (VS2010)

time: Wed Jul 20 22:37:24 2016
elapsed time: 0 seconds (0d 0h 0m 0s)

