#
# There is insufficient memory for the Java Runtime Environment to continue.
# Native memory allocation (malloc) failed to allocate 1330896 bytes for Chunk::new
# Possible reasons:
#   The system is out of physical RAM or swap space
#   In 32 bit mode, the process size limit was hit
# Possible solutions:
#   Reduce memory load on the system
#   Increase physical memory or swap space
#   Check if swap backing store is full
#   Use 64 bit Java on a 64 bit OS
#   Decrease Java heap size (-Xmx/-Xms)
#   Decrease number of Java threads
#   Decrease Java thread stack sizes (-Xss)
#   Set larger code cache with -XX:ReservedCodeCacheSize=
# This output file may be truncated or incomplete.
#
#  Out of Memory Error (allocation.cpp:390), pid=8648, tid=10428
#
# JRE version: Java(TM) SE Runtime Environment (8.0_73-b02) (build 1.8.0_73-b02)
# Java VM: Java HotSpot(TM) 64-Bit Server VM (25.73-b02 mixed mode windows-amd64 compressed oops)
# Failed to write core dump. Minidumps are not enabled by default on client versions of Windows
#

---------------  T H R E A D  ---------------

Current thread (0x0000000056331800):  JavaThread "C2 CompilerThread0" daemon [_thread_in_native, id=10428, stack(0x00000000560c0000,0x00000000561c0000)]

Stack: [0x00000000560c0000,0x00000000561c0000]
[error occurred during error reporting (printing stack bounds), id 0xc0000005]

Native frames: (J=compiled Java code, j=interpreted, Vv=VM code, C=native code)


Current CompileTask:
C2:   2799 1450       4       com.android.dx.dex.code.OutputFinisher::addConstants (93 bytes)


---------------  P R O C E S S  ---------------

Java Threads: ( => current thread )
  0x000000005637d800 JavaThread "Service Thread" daemon [_thread_blocked, id=8376, stack(0x0000000056f60000,0x0000000057060000)]
  0x000000005633c000 JavaThread "C1 CompilerThread2" daemon [_thread_blocked, id=10572, stack(0x0000000056cd0000,0x0000000056dd0000)]
  0x000000005633b800 JavaThread "C2 CompilerThread1" daemon [_thread_in_native, id=9900, stack(0x0000000056b00000,0x0000000056c00000)]
=>0x0000000056331800 JavaThread "C2 CompilerThread0" daemon [_thread_in_native, id=10428, stack(0x00000000560c0000,0x00000000561c0000)]
  0x000000005632e800 JavaThread "Attach Listener" daemon [_thread_blocked, id=10840, stack(0x00000000568f0000,0x00000000569f0000)]
  0x0000000054fac000 JavaThread "Signal Dispatcher" daemon [_thread_blocked, id=8852, stack(0x0000000056760000,0x0000000056860000)]
  0x0000000054f52800 JavaThread "Finalizer" daemon [_thread_blocked, id=8908, stack(0x0000000056220000,0x0000000056320000)]
  0x0000000054f51800 JavaThread "Reference Handler" daemon [_thread_blocked, id=8696, stack(0x0000000055f80000,0x0000000056080000)]
  0x00000000020be800 JavaThread "main" [_thread_in_vm, id=7288, stack(0x00000000023a0000,0x00000000024a0000)]

Other Threads:
  0x0000000054f4c000 VMThread [stack: 0x0000000055db0000,0x0000000055eb0000] [id=5992]
  0x00000000563cb800 WatcherThread [stack: 0x0000000056e20000,0x0000000056f20000] [id=9980]

VM state:not at safepoint (normal execution)

VM Mutex/Monitor currently owned by a thread: None

Heap:
 PSYoungGen      total 38400K, used 21528K [0x00000000eab00000, 0x00000000ef600000, 0x0000000100000000)
  eden space 33280K, 49% used [0x00000000eab00000,0x00000000ebb06418,0x00000000ecb80000)
  from space 5120K, 99% used [0x00000000ecb80000,0x00000000ed07fc88,0x00000000ed080000)
  to   space 5120K, 0% used [0x00000000ef100000,0x00000000ef100000,0x00000000ef600000)
 ParOldGen       total 87552K, used 1921K [0x00000000c0000000, 0x00000000c5580000, 0x00000000eab00000)
  object space 87552K, 2% used [0x00000000c0000000,0x00000000c01e06a8,0x00000000c5580000)
 Metaspace       used 6289K, capacity 7128K, committed 7424K, reserved 1056768K
  class space    used 619K, capacity 656K, committed 768K, reserved 1048576K

Card table byte_map: [0x0000000011860000,0x0000000011a70000] byte_map_base: 0x0000000011260000

Marking Bits: (ParMarkBitMap*) 0x000000006b460600
 Begin Bits: [0x00000000123c0000, 0x00000000133c0000)
 End Bits:   [0x00000000133c0000, 0x00000000143c0000)

Polling page: 0x0000000000110000

CodeCache: size=245760Kb used=5992Kb max_used=5992Kb free=239767Kb
 bounds [0x00000000024a0000, 0x0000000002a80000, 0x00000000114a0000]
 total_blobs=1781 nmethods=1510 adapters=184
 compilation: enabled

Compilation events (10 events):
Event: 2.797 Thread 0x000000005633c000 nmethod 1516 0x0000000002a7bf50 code [0x0000000002a7c0c0, 0x0000000002a7c308]
Event: 2.797 Thread 0x000000005633c000 1517       3       com.android.dx.dex.code.InsnFormat::unsignedFitsInNibble (14 bytes)
Event: 2.797 Thread 0x000000005633c000 nmethod 1517 0x0000000002a7c3d0 code [0x0000000002a7c520, 0x0000000002a7c6b0]
Event: 2.798 Thread 0x000000005633c000 1518       3       com.android.dx.dex.file.DexFile::findItemOrNull (66 bytes)
Event: 2.798 Thread 0x000000005633c000 nmethod 1518 0x0000000002a7c750 code [0x0000000002a7c920, 0x0000000002a7d1f8]
Event: 2.798 Thread 0x000000005633c000 1519       1       com.android.dx.dex.code.form.Form35c::codeSize (2 bytes)
Event: 2.798 Thread 0x000000005633c000 nmethod 1519 0x0000000002a7d390 code [0x0000000002a7d4e0, 0x0000000002a7d5f0]
Event: 2.799 Thread 0x000000005633c000 1520       3       com.android.dx.dex.code.BlockAddresses::getStart (7 bytes)
Event: 2.799 Thread 0x000000005633c000 nmethod 1520 0x0000000002a7d650 code [0x0000000002a7d7a0, 0x0000000002a7d910]
Event: 2.799 Thread 0x000000005633c000 1521       3       com.android.dx.dex.code.OutputFinisher::assignIndices (61 bytes)

GC Heap History (2 events):
Event: 1.746 GC heap before
{Heap before GC invocations=1 (full 0):
 PSYoungGen      total 38400K, used 33280K [0x00000000eab00000, 0x00000000ed580000, 0x0000000100000000)
  eden space 33280K, 100% used [0x00000000eab00000,0x00000000ecb80000,0x00000000ecb80000)
  from space 5120K, 0% used [0x00000000ed080000,0x00000000ed080000,0x00000000ed580000)
  to   space 5120K, 0% used [0x00000000ecb80000,0x00000000ecb80000,0x00000000ed080000)
 ParOldGen       total 87552K, used 0K [0x00000000c0000000, 0x00000000c5580000, 0x00000000eab00000)
  object space 87552K, 0% used [0x00000000c0000000,0x00000000c0000000,0x00000000c5580000)
 Metaspace       used 6011K, capacity 6902K, committed 7040K, reserved 1056768K
  class space    used 602K, capacity 622K, committed 640K, reserved 1048576K
Event: 1.915 GC heap after
Heap after GC invocations=1 (full 0):
 PSYoungGen      total 38400K, used 5119K [0x00000000eab00000, 0x00000000ef600000, 0x0000000100000000)
  eden space 33280K, 0% used [0x00000000eab00000,0x00000000eab00000,0x00000000ecb80000)
  from space 5120K, 99% used [0x00000000ecb80000,0x00000000ed07fc88,0x00000000ed080000)
  to   space 5120K, 0% used [0x00000000ef100000,0x00000000ef100000,0x00000000ef600000)
 ParOldGen       total 87552K, used 1921K [0x00000000c0000000, 0x00000000c5580000, 0x00000000eab00000)
  object space 87552K, 2% used [0x00000000c0000000,0x00000000c01e06a8,0x00000000c5580000)
 Metaspace       used 6011K, capacity 6902K, committed 7040K, reserved 1056768K
  class space    used 602K, capacity 622K, committed 640K, reserved 1048576K
}

Deoptimization events (10 events):
Event: 2.761 Thread 0x00000000020be800 Uncommon trap: reason=bimorphic action=maybe_recompile pc=0x000000000268d3bc method=java.util.HashMap.getNode(ILjava/lang/Object;)Ljava/util/HashMap$Node; @ 126
Event: 2.761 Thread 0x00000000020be800 Uncommon trap: reason=class_check action=maybe_recompile pc=0x0000000002926c1c method=java.util.HashMap.putVal(ILjava/lang/Object;Ljava/lang/Object;ZZ)Ljava/lang/Object; @ 203
Event: 2.765 Thread 0x00000000020be800 Uncommon trap: reason=class_check action=maybe_recompile pc=0x0000000002926c1c method=java.util.HashMap.putVal(ILjava/lang/Object;Ljava/lang/Object;ZZ)Ljava/lang/Object; @ 203
Event: 2.765 Thread 0x00000000020be800 Uncommon trap: reason=class_check action=maybe_recompile pc=0x0000000002926c1c method=java.util.HashMap.putVal(ILjava/lang/Object;Ljava/lang/Object;ZZ)Ljava/lang/Object; @ 203
Event: 2.765 Thread 0x00000000020be800 Uncommon trap: reason=class_check action=maybe_recompile pc=0x0000000002926c1c method=java.util.HashMap.putVal(ILjava/lang/Object;Ljava/lang/Object;ZZ)Ljava/lang/Object; @ 203
Event: 2.765 Thread 0x00000000020be800 Uncommon trap: reason=class_check action=maybe_recompile pc=0x000000000286c490 method=java.util.HashMap.putVal(ILjava/lang/Object;Ljava/lang/Object;ZZ)Ljava/lang/Object; @ 203
Event: 2.792 Thread 0x00000000020be800 Uncommon trap: reason=class_check action=maybe_recompile pc=0x000000000286f15c method=java.util.Arrays.equals([Ljava/lang/Object;[Ljava/lang/Object;)Z @ 62
Event: 2.792 Thread 0x00000000020be800 Uncommon trap: reason=class_check action=maybe_recompile pc=0x000000000286f15c method=java.util.Arrays.equals([Ljava/lang/Object;[Ljava/lang/Object;)Z @ 62
Event: 2.792 Thread 0x00000000020be800 Uncommon trap: reason=class_check action=maybe_recompile pc=0x000000000286f15c method=java.util.Arrays.equals([Ljava/lang/Object;[Ljava/lang/Object;)Z @ 62
Event: 2.796 Thread 0x00000000020be800 Uncommon trap: reason=class_check action=maybe_recompile pc=0x000000000286f15c method=java.util.Arrays.equals([Ljava/lang/Object;[Ljava/lang/Object;)Z @ 62

Internal exceptions (3 events):
Event: 0.190 Thread 0x00000000020be800 Exception <a 'java/lang/NoSuchMethodError': Method sun.misc.Unsafe.defineClass(Ljava/lang/String;[BII)Ljava/lang/Class; name or signature does not match> (0x00000000eab130b8) thrown at [D:\re\puppet\workspace\8-2-build-windows-amd64-cygwin\jdk8u73\6086\hot/ám_È?
Event: 0.190 Thread 0x00000000020be800 Exception <a 'java/lang/NoSuchMethodError': Method sun.misc.Unsafe.prefetchRead(Ljava/lang/Object;J)V name or signature does not match> (0x00000000eab133a0) thrown at [D:\re\puppet\workspace\8-2-build-windows-amd64-cygwin\jdk8u73\6086\hotspot\src\share\vm\@Š*;cë?
Event: 0.846 Thread 0x00000000020be800 Implicit null exception at 0x00000000027ca171 to 0x00000000027cc231

Events (10 events):
Event: 2.792 Thread 0x00000000020be800 Uncommon trap: trap_request=0xffffffde fr.pc=0x000000000286f15c
Event: 2.792 Thread 0x00000000020be800 DEOPT PACKING pc=0x000000000286f15c sp=0x000000000249f020
Event: 2.792 Thread 0x00000000020be800 DEOPT UNPACKING pc=0x00000000024e582a sp=0x000000000249efb0 mode 2
Event: 2.792 loading class com/android/dx/dex/code/CatchTable$Entry
Event: 2.792 loading class com/android/dx/dex/code/CatchTable$Entry done
Event: 2.792 loading class com/android/dx/util/ByteArrayAnnotatedOutput
Event: 2.792 loading class com/android/dx/util/ByteArrayAnnotatedOutput done
Event: 2.796 Thread 0x00000000020be800 Uncommon trap: trap_request=0xffffffde fr.pc=0x000000000286f15c
Event: 2.796 Thread 0x00000000020be800 DEOPT PACKING pc=0x000000000286f15c sp=0x000000000249f020
Event: 2.796 Thread 0x00000000020be800 DEOPT UNPACKING pc=0x00000000024e582a sp=0x000000000249efb0 mode 2


Dynamic libraries:
0x000000013fe10000 - 0x000000013fe47000 	C:\Program Files\Java\jdk1.8.0_73\bin\java.exe
0x0000000077790000 - 0x000000007793a000 	C:\Windows\SYSTEM32\ntdll.dll
0x0000000077670000 - 0x000000007778f000 	C:\Windows\system32\kernel32.dll
0x000007fefd740000 - 0x000007fefd7ab000 	C:\Windows\system32\KERNELBASE.dll
0x000007fefddf0000 - 0x000007fefdecb000 	C:\Windows\system32\ADVAPI32.dll
0x000007fefded0000 - 0x000007fefdf6f000 	C:\Windows\system32\msvcrt.dll
0x000007fefec20000 - 0x000007fefec3f000 	C:\Windows\SYSTEM32\sechost.dll
0x000007fefe490000 - 0x000007fefe5bd000 	C:\Windows\system32\RPCRT4.dll
0x0000000077570000 - 0x000000007766a000 	C:\Windows\system32\USER32.dll
0x000007fefec40000 - 0x000007fefeca7000 	C:\Windows\system32\GDI32.dll
0x000007fefe040000 - 0x000007fefe04e000 	C:\Windows\system32\LPK.dll
0x000007fefdf70000 - 0x000007fefe03a000 	C:\Windows\system32\USP10.dll
0x000007fefbfe0000 - 0x000007fefc1d4000 	C:\Windows\WinSxS\amd64_microsoft.windows.common-controls_6595b64144ccf1df_6.0.7601.18837_none_fa3b1e3d17594757\COMCTL32.dll
0x000007fefe7f0000 - 0x000007fefe861000 	C:\Windows\system32\SHLWAPI.dll
0x000007fefeae0000 - 0x000007fefeb0e000 	C:\Windows\system32\IMM32.DLL
0x000007fefeb10000 - 0x000007fefec19000 	C:\Windows\system32\MSCTF.dll
0x00000000621f0000 - 0x00000000622c2000 	C:\Program Files\Java\jdk1.8.0_73\jre\bin\msvcr100.dll
0x000000006ac50000 - 0x000000006b4e0000 	C:\Program Files\Java\jdk1.8.0_73\jre\bin\server\jvm.dll
0x000007fef3f80000 - 0x000007fef3f89000 	C:\Windows\system32\WSOCK32.dll
0x000007fefdb40000 - 0x000007fefdb8d000 	C:\Windows\system32\WS2_32.dll
0x000007fefe870000 - 0x000007fefe878000 	C:\Windows\system32\NSI.dll
0x000007fefad90000 - 0x000007fefadcb000 	C:\Windows\system32\WINMM.dll
0x000007fefc7d0000 - 0x000007fefc7dc000 	C:\Windows\system32\VERSION.dll
0x0000000077950000 - 0x0000000077957000 	C:\Windows\system32\PSAPI.DLL
0x000000006ab60000 - 0x000000006ab6f000 	C:\Program Files\Java\jdk1.8.0_73\jre\bin\verify.dll
0x000000006ab30000 - 0x000000006ab59000 	C:\Program Files\Java\jdk1.8.0_73\jre\bin\java.dll
0x000000006ab10000 - 0x000000006ab26000 	C:\Program Files\Java\jdk1.8.0_73\jre\bin\zip.dll
0x000007fefecb0000 - 0x000007feffa39000 	C:\Windows\system32\SHELL32.dll
0x000007fefe5e0000 - 0x000007fefe7e3000 	C:\Windows\system32\ole32.dll
0x000007fefd690000 - 0x000007fefd69f000 	C:\Windows\system32\profapi.dll

VM Arguments:
jvm_args: -Djava.awt.headless=true -Xmx1024M -Dfile.encoding=GBK -Duser.country=CN -Duser.language=zh -Duser.variant 
java_command: com.android.dx.command.Main --dex --num-threads=4 --output G:\GIT\ZhuHuRiBao\app\build\intermediates\pre-dexed\debug\volley_512ee96fd1ffe148905f36682277597b4cfe508d.jar G:\GIT\ZhuHuRiBao\app\libs\volley.jar
java_class_path (initial): D:\SDK\build-tools\23.0.3\lib\dx.jar
Launcher Type: SUN_STANDARD

Environment Variables:
JAVA_HOME=C:\Program Files\Java\jdk1.8.0_73
CLASSPATH=.;C:\Program Files\Java\jdk1.8.0_73\lib;C:\Program Files\Java\jdk1.8.0_73\lib\tools.jar
PATH=C:\ProgramData\Oracle\Java\javapath;C:\Windows\system32;C:\Windows;C:\Windows\System32\Wbem;C:\Windows\System32\WindowsPowerShell\v1.0\;C:\Program Files (x86)\Common Files\microsoft shared\TigerKin;C:\Program Files (x86)\NVIDIA Corporation\PhysX\Common;C:\Program Files (x86)\Common Files\microsoft shared\TigerKin;C:\Program Files\Java\jdk1.8.0_73\bin;C:\Program Files\Java\jdk1.8.0_73\jre\bin;C:\Users\admin\AppData\Local\Android\sdk\platform-tools
USERNAME=admin
OS=Windows_NT
PROCESSOR_IDENTIFIER=Intel64 Family 6 Model 60 Stepping 3, GenuineIntel



---------------  S Y S T E M  ---------------

OS: Windows 7 , 64 bit Build 7601 (6.1.7601.19160)

CPU:total 4 (4 cores per cpu, 1 threads per core) family 6 model 60 stepping 3, cmov, cx8, fxsr, mmx, sse, sse2, sse3, ssse3, sse4.1, sse4.2, popcnt, avx, avx2, aes, clmul, erms, rtm, lzcnt, tsc, tscinvbit, bmi1, bmi2

Memory: 4k page, physical 8353940k(2428532k free), swap 9400680k(5632k free)

vm_info: Java HotSpot(TM) 64-Bit Server VM (25.73-b02) for windows-amd64 JRE (1.8.0_73-b02), built on Jan 29 2016 17:38:49 by "java_re" with MS VC++ 10.0 (VS2010)

time: Thu Jul 07 00:32:05 2016
elapsed time: 2 seconds (0d 0h 0m 2s)

