#
# There is insufficient memory for the Java Runtime Environment to continue.
# Native memory allocation (malloc) failed to allocate 1551616 bytes for Chunk::new
# Possible reasons:
#   The system is out of physical RAM or swap space
#   In 32 bit mode, the process size limit was hit
# Possible solutions:
#   Reduce memory load on the system
#   Increase physical memory or swap space
#   Check if swap backing store is full
#   Use 64 bit Java on a 64 bit OS
#   Decrease Java heap size (-Xmx/-Xms)
#   Decrease number of Java threads
#   Decrease Java thread stack sizes (-Xss)
#   Set larger code cache with -XX:ReservedCodeCacheSize=
# This output file may be truncated or incomplete.
#
#  Out of Memory Error (allocation.cpp:390), pid=6680, tid=9064
#
# JRE version: Java(TM) SE Runtime Environment (8.0_73-b02) (build 1.8.0_73-b02)
# Java VM: Java HotSpot(TM) 64-Bit Server VM (25.73-b02 mixed mode windows-amd64 compressed oops)
# Failed to write core dump. Minidumps are not enabled by default on client versions of Windows
#

---------------  T H R E A D  ---------------

Current thread (0x000000005611a800):  JavaThread "C2 CompilerThread0" daemon [_thread_in_native, id=9064, stack(0x00000000567b0000,0x00000000568b0000)]

Stack: [0x00000000567b0000,0x00000000568b0000]
[error occurred during error reporting (printing stack bounds), id 0xc0000005]

Native frames: (J=compiled Java code, j=interpreted, Vv=VM code, C=native code)


Current CompileTask:
C2:   6733 2500       4       com.android.dx.dex.file.DexFile::internIfAppropriate (128 bytes)


---------------  P R O C E S S  ---------------

Java Threads: ( => current thread )
  0x000000005615e800 JavaThread "Service Thread" daemon [_thread_blocked, id=7228, stack(0x0000000056e10000,0x0000000056f10000)]
  0x0000000056127000 JavaThread "C1 CompilerThread2" daemon [_thread_blocked, id=6596, stack(0x0000000056c90000,0x0000000056d90000)]
  0x0000000056126000 JavaThread "C2 CompilerThread1" daemon [_thread_in_native, id=9720, stack(0x0000000056a70000,0x0000000056b70000)]
=>0x000000005611a800 JavaThread "C2 CompilerThread0" daemon [_thread_in_native, id=9064, stack(0x00000000567b0000,0x00000000568b0000)]
  0x0000000054ddf000 JavaThread "Attach Listener" daemon [_thread_blocked, id=6808, stack(0x0000000056660000,0x0000000056760000)]
  0x0000000054dde000 JavaThread "Signal Dispatcher" daemon [_thread_blocked, id=3964, stack(0x0000000056520000,0x0000000056620000)]
  0x0000000054d72800 JavaThread "Finalizer" daemon [_thread_blocked, id=9956, stack(0x0000000056010000,0x0000000056110000)]
  0x0000000054d71800 JavaThread "Reference Handler" daemon [_thread_blocked, id=7924, stack(0x0000000055ec0000,0x0000000055fc0000)]
  0x000000000023e800 JavaThread "main" [_thread_in_native, id=8536, stack(0x00000000023e0000,0x00000000024e0000)]

Other Threads:
  0x0000000054d6a000 VMThread [stack: 0x0000000055d30000,0x0000000055e30000] [id=9644]
  0x00000000561e1800 WatcherThread [stack: 0x0000000056910000,0x0000000056a10000] [id=9460]

VM state:not at safepoint (normal execution)

VM Mutex/Monitor currently owned by a thread: None

Heap:
 PSYoungGen      total 291328K, used 100089K [0x00000000eab00000, 0x00000000ff000000, 0x0000000100000000)
  eden space 262144K, 28% used [0x00000000eab00000,0x00000000ef40ca70,0x00000000fab00000)
  from space 29184K, 86% used [0x00000000fcb80000,0x00000000fe431b00,0x00000000fe800000)
  to   space 33280K, 0% used [0x00000000fab00000,0x00000000fab00000,0x00000000fcb80000)
 ParOldGen       total 87552K, used 45352K [0x00000000c0000000, 0x00000000c5580000, 0x00000000eab00000)
  object space 87552K, 51% used [0x00000000c0000000,0x00000000c2c4a168,0x00000000c5580000)
 Metaspace       used 7588K, capacity 7896K, committed 8192K, reserved 1056768K
  class space    used 704K, capacity 720K, committed 768K, reserved 1048576K

Card table byte_map: [0x00000000118a0000,0x0000000011ab0000] byte_map_base: 0x00000000112a0000

Marking Bits: (ParMarkBitMap*) 0x000000006b890600
 Begin Bits: [0x00000000121e0000, 0x00000000131e0000)
 End Bits:   [0x00000000131e0000, 0x00000000141e0000)

Polling page: 0x0000000000210000

CodeCache: size=245760Kb used=13197Kb max_used=13211Kb free=232562Kb
 bounds [0x00000000024e0000, 0x00000000031e0000, 0x00000000114e0000]
 total_blobs=3271 nmethods=2990 adapters=193
 compilation: enabled

Compilation events (10 events):
Event: 6.702 Thread 0x0000000056127000 3063   !   2       java.util.zip.Deflater::deflate (140 bytes)
Event: 6.702 Thread 0x0000000056127000 nmethod 3063 0x00000000031c7b10 code [0x00000000031c7cc0, 0x00000000031c8288]
Event: 6.713 Thread 0x000000005611a800 nmethod 3011 0x00000000031cd8d0 code [0x00000000031cdaa0, 0x00000000031cefc8]
Event: 6.713 Thread 0x000000005611a800 2498       4       com.android.dx.rop.cst.CstType::hashCode (8 bytes)
Event: 6.714 Thread 0x000000005611a800 nmethod 2498 0x00000000031c7710 code [0x00000000031c7860, 0x00000000031c79d8]
Event: 6.714 Thread 0x000000005611a800 2521       4       com.android.dx.rop.type.StdTypeList::get (9 bytes)
Event: 6.715 Thread 0x000000005611a800 nmethod 2521 0x00000000031c73d0 code [0x00000000031c7520, 0x00000000031c75d8]
Event: 6.715 Thread 0x000000005611a800 2499       4       java.util.HashMap$HashIterator::hasNext (13 bytes)
Event: 6.715 Thread 0x000000005611a800 nmethod 2499 0x00000000031bc190 code [0x00000000031bc2c0, 0x00000000031bc318]
Event: 6.715 Thread 0x000000005611a800 2500       4       com.android.dx.dex.file.DexFile::internIfAppropriate (128 bytes)

GC Heap History (10 events):
Event: 1.612 GC heap before
{Heap before GC invocations=2 (full 0):
 PSYoungGen      total 38400K, used 38364K [0x00000000eab00000, 0x00000000ef600000, 0x0000000100000000)
  eden space 33280K, 100% used [0x00000000eab00000,0x00000000ecb80000,0x00000000ecb80000)
  from space 5120K, 99% used [0x00000000ecb80000,0x00000000ed0770b0,0x00000000ed080000)
  to   space 5120K, 0% used [0x00000000ef100000,0x00000000ef100000,0x00000000ef600000)
 ParOldGen       total 87552K, used 0K [0x00000000c0000000, 0x00000000c5580000, 0x00000000eab00000)
  object space 87552K, 0% used [0x00000000c0000000,0x00000000c0000000,0x00000000c5580000)
 Metaspace       used 6151K, capacity 7030K, committed 7296K, reserved 1056768K
  class space    used 607K, capacity 622K, committed 640K, reserved 1048576K
Event: 1.679 GC heap after
Heap after GC invocations=2 (full 0):
 PSYoungGen      total 71680K, used 5105K [0x00000000eab00000, 0x00000000ef600000, 0x0000000100000000)
  eden space 66560K, 0% used [0x00000000eab00000,0x00000000eab00000,0x00000000eec00000)
  from space 5120K, 99% used [0x00000000ef100000,0x00000000ef5fc7d0,0x00000000ef600000)
  to   space 5120K, 0% used [0x00000000eec00000,0x00000000eec00000,0x00000000ef100000)
 ParOldGen       total 87552K, used 2912K [0x00000000c0000000, 0x00000000c5580000, 0x00000000eab00000)
  object space 87552K, 3% used [0x00000000c0000000,0x00000000c02d82d0,0x00000000c5580000)
 Metaspace       used 6151K, capacity 7030K, committed 7296K, reserved 1056768K
  class space    used 607K, capacity 622K, committed 640K, reserved 1048576K
}
Event: 3.596 GC heap before
{Heap before GC invocations=3 (full 0):
 PSYoungGen      total 71680K, used 71665K [0x00000000eab00000, 0x00000000ef600000, 0x0000000100000000)
  eden space 66560K, 100% used [0x00000000eab00000,0x00000000eec00000,0x00000000eec00000)
  from space 5120K, 99% used [0x00000000ef100000,0x00000000ef5fc7d0,0x00000000ef600000)
  to   space 5120K, 0% used [0x00000000eec00000,0x00000000eec00000,0x00000000ef100000)
 ParOldGen       total 87552K, used 2912K [0x00000000c0000000, 0x00000000c5580000, 0x00000000eab00000)
  object space 87552K, 3% used [0x00000000c0000000,0x00000000c02d82d0,0x00000000c5580000)
 Metaspace       used 6302K, capacity 7158K, committed 7296K, reserved 1056768K
  class space    used 609K, capacity 622K, committed 640K, reserved 1048576K
Event: 3.623 GC heap after
Heap after GC invocations=3 (full 0):
 PSYoungGen      total 71680K, used 5100K [0x00000000eab00000, 0x00000000f3700000, 0x0000000100000000)
  eden space 66560K, 0% used [0x00000000eab00000,0x00000000eab00000,0x00000000eec00000)
  from space 5120K, 99% used [0x00000000eec00000,0x00000000ef0fb350,0x00000000ef100000)
  to   space 5120K, 0% used [0x00000000f3200000,0x00000000f3200000,0x00000000f3700000)
 ParOldGen       total 87552K, used 12599K [0x00000000c0000000, 0x00000000c5580000, 0x00000000eab00000)
  object space 87552K, 14% used [0x00000000c0000000,0x00000000c0c4dc40,0x00000000c5580000)
 Metaspace       used 6302K, capacity 7158K, committed 7296K, reserved 1056768K
  class space    used 609K, capacity 622K, committed 640K, reserved 1048576K
}
Event: 5.188 GC heap before
{Heap before GC invocations=4 (full 0):
 PSYoungGen      total 71680K, used 71660K [0x00000000eab00000, 0x00000000f3700000, 0x0000000100000000)
  eden space 66560K, 100% used [0x00000000eab00000,0x00000000eec00000,0x00000000eec00000)
  from space 5120K, 99% used [0x00000000eec00000,0x00000000ef0fb350,0x00000000ef100000)
  to   space 5120K, 0% used [0x00000000f3200000,0x00000000f3200000,0x00000000f3700000)
 ParOldGen       total 87552K, used 12599K [0x00000000c0000000, 0x00000000c5580000, 0x00000000eab00000)
  object space 87552K, 14% used [0x00000000c0000000,0x00000000c0c4dc40,0x00000000c5580000)
 Metaspace       used 6396K, capacity 7158K, committed 7296K, reserved 1056768K
  class space    used 609K, capacity 622K, committed 640K, reserved 1048576K
Event: 5.221 GC heap after
Heap after GC invocations=4 (full 0):
 PSYoungGen      total 138240K, used 5117K [0x00000000eab00000, 0x00000000f3700000, 0x0000000100000000)
  eden space 133120K, 0% used [0x00000000eab00000,0x00000000eab00000,0x00000000f2d00000)
  from space 5120K, 99% used [0x00000000f3200000,0x00000000f36ff530,0x00000000f3700000)
  to   space 5120K, 0% used [0x00000000f2d00000,0x00000000f2d00000,0x00000000f3200000)
 ParOldGen       total 87552K, used 23188K [0x00000000c0000000, 0x00000000c5580000, 0x00000000eab00000)
  object space 87552K, 26% used [0x00000000c0000000,0x00000000c16a5328,0x00000000c5580000)
 Metaspace       used 6396K, capacity 7158K, committed 7296K, reserved 1056768K
  class space    used 609K, capacity 622K, committed 640K, reserved 1048576K
}
Event: 5.499 GC heap before
{Heap before GC invocations=5 (full 0):
 PSYoungGen      total 138240K, used 138237K [0x00000000eab00000, 0x00000000f3700000, 0x0000000100000000)
  eden space 133120K, 100% used [0x00000000eab00000,0x00000000f2d00000,0x00000000f2d00000)
  from space 5120K, 99% used [0x00000000f3200000,0x00000000f36ff530,0x00000000f3700000)
  to   space 5120K, 0% used [0x00000000f2d00000,0x00000000f2d00000,0x00000000f3200000)
 ParOldGen       total 87552K, used 23188K [0x00000000c0000000, 0x00000000c5580000, 0x00000000eab00000)
  object space 87552K, 26% used [0x00000000c0000000,0x00000000c16a5328,0x00000000c5580000)
 Metaspace       used 6565K, capacity 7256K, committed 7424K, reserved 1056768K
  class space    used 629K, capacity 656K, committed 768K, reserved 1048576K
Event: 5.531 GC heap after
Heap after GC invocations=5 (full 0):
 PSYoungGen      total 138240K, used 5107K [0x00000000eab00000, 0x00000000fe800000, 0x0000000100000000)
  eden space 133120K, 0% used [0x00000000eab00000,0x00000000eab00000,0x00000000f2d00000)
  from space 5120K, 99% used [0x00000000f2d00000,0x00000000f31fcd60,0x00000000f3200000)
  to   space 29184K, 0% used [0x00000000fcb80000,0x00000000fcb80000,0x00000000fe800000)
 ParOldGen       total 87552K, used 45352K [0x00000000c0000000, 0x00000000c5580000, 0x00000000eab00000)
  object space 87552K, 51% used [0x00000000c0000000,0x00000000c2c4a168,0x00000000c5580000)
 Metaspace       used 6565K, capacity 7256K, committed 7424K, reserved 1056768K
  class space    used 629K, capacity 656K, committed 768K, reserved 1048576K
}
Event: 5.722 GC heap before
{Heap before GC invocations=6 (full 0):
 PSYoungGen      total 138240K, used 138227K [0x00000000eab00000, 0x00000000fe800000, 0x0000000100000000)
  eden space 133120K, 100% used [0x00000000eab00000,0x00000000f2d00000,0x00000000f2d00000)
  from space 5120K, 99% used [0x00000000f2d00000,0x00000000f31fcd60,0x00000000f3200000)
  to   space 29184K, 0% used [0x00000000fcb80000,0x00000000fcb80000,0x00000000fe800000)
 ParOldGen       total 87552K, used 45352K [0x00000000c0000000, 0x00000000c5580000, 0x00000000eab00000)
  object space 87552K, 51% used [0x00000000c0000000,0x00000000c2c4a168,0x00000000c5580000)
 Metaspace       used 6586K, capacity 7256K, committed 7424K, reserved 1056768K
  class space    used 629K, capacity 656K, committed 768K, reserved 1048576K
Event: 5.758 GC heap after
Heap after GC invocations=6 (full 0):
 PSYoungGen      total 291328K, used 25286K [0x00000000eab00000, 0x00000000ff000000, 0x0000000100000000)
  eden space 262144K, 0% used [0x00000000eab00000,0x00000000eab00000,0x00000000fab00000)
  from space 29184K, 86% used [0x00000000fcb80000,0x00000000fe431b00,0x00000000fe800000)
  to   space 33280K, 0% used [0x00000000fab00000,0x00000000fab00000,0x00000000fcb80000)
 ParOldGen       total 87552K, used 45352K [0x00000000c0000000, 0x00000000c5580000, 0x00000000eab00000)
  object space 87552K, 51% used [0x00000000c0000000,0x00000000c2c4a168,0x00000000c5580000)
 Metaspace       used 6586K, capacity 7256K, committed 7424K, reserved 1056768K
  class space    used 629K, capacity 656K, committed 768K, reserved 1048576K
}

Deoptimization events (10 events):
Event: 6.053 Thread 0x000000000023e800 Uncommon trap: reason=unstable_if action=reinterpret pc=0x0000000002cc33c0 method=java.util.TreeMap.put(Ljava/lang/Object;Ljava/lang/Object;)Ljava/lang/Object; @ 163
Event: 6.364 Thread 0x000000000023e800 Uncommon trap: reason=unstable_if action=reinterpret pc=0x0000000002d9780c method=java.util.ArrayList.<init>(I)V @ 5
Event: 6.402 Thread 0x000000000023e800 Uncommon trap: reason=unstable_if action=reinterpret pc=0x0000000002850ebc method=java.lang.Long.numberOfTrailingZeros(J)I @ 3
Event: 6.635 Thread 0x000000000023e800 Uncommon trap: reason=unstable_if action=reinterpret pc=0x000000000284fd64 method=java.util.Arrays.copyOf([Ljava/lang/Object;ILjava/lang/Class;)[Ljava/lang/Object; @ 3
Event: 6.636 Thread 0x000000000023e800 Uncommon trap: reason=speculate_class_check action=maybe_recompile pc=0x000000000311cee0 method=java.util.HashMap.putVal(ILjava/lang/Object;Ljava/lang/Object;ZZ)Ljava/lang/Object; @ 56
Event: 6.636 Thread 0x000000000023e800 Uncommon trap: reason=speculate_class_check action=maybe_recompile pc=0x000000000311cf18 method=java.util.HashMap.putVal(ILjava/lang/Object;Ljava/lang/Object;ZZ)Ljava/lang/Object; @ 152
Event: 6.636 Thread 0x000000000023e800 Uncommon trap: reason=speculate_class_check action=maybe_recompile pc=0x000000000311cee0 method=java.util.HashMap.putVal(ILjava/lang/Object;Ljava/lang/Object;ZZ)Ljava/lang/Object; @ 56
Event: 6.636 Thread 0x000000000023e800 Uncommon trap: reason=speculate_class_check action=maybe_recompile pc=0x000000000311cee0 method=java.util.HashMap.putVal(ILjava/lang/Object;Ljava/lang/Object;ZZ)Ljava/lang/Object; @ 56
Event: 6.636 Thread 0x000000000023e800 Uncommon trap: reason=class_check action=maybe_recompile pc=0x00000000031360dc method=java.util.HashMap.putVal(ILjava/lang/Object;Ljava/lang/Object;ZZ)Ljava/lang/Object; @ 56
Event: 6.636 Thread 0x000000000023e800 Uncommon trap: reason=class_check action=maybe_recompile pc=0x00000000031360dc method=java.util.HashMap.putVal(ILjava/lang/Object;Ljava/lang/Object;ZZ)Ljava/lang/Object; @ 56

Internal exceptions (9 events):
Event: 0.082 Thread 0x000000000023e800 Exception <a 'java/lang/NoSuchMethodError': Method sun.misc.Unsafe.defineClass(Ljava/lang/String;[BII)Ljava/lang/Class; name or signature does not match> (0x00000000eab130b8) thrown at [D:\re\puppet\workspace\8-2-build-windows-amd64-cygwin\jdk8u73\6086\hot	‚PêÃ˘¥?
Event: 0.082 Thread 0x000000000023e800 Exception <a 'java/lang/NoSuchMethodError': Method sun.misc.Unsafe.prefetchRead(Ljava/lang/Object;J)V name or signature does not match> (0x00000000eab133a0) thrown at [D:\re\puppet\workspace\8-2-build-windows-amd64-cygwin\jdk8u73\6086\hotspot\src\share\vm\O¸{EbÿÒ?
Event: 1.115 Thread 0x0000000056424800 Implicit null exception at 0x0000000002815392 to 0x0000000002815499
Event: 1.536 Thread 0x0000000056421000 Implicit null exception at 0x000000000281891c to 0x000000000281a05d
Event: 3.684 Thread 0x000000005641d800 Implicit null exception at 0x0000000002c79cd0 to 0x0000000002c7e72d
Event: 5.276 Thread 0x0000000056422000 Implicit null exception at 0x0000000002a4e593 to 0x0000000002a4fe4d
Event: 5.369 Thread 0x0000000056422000 Exception <a 'java/lang/ArrayIndexOutOfBoundsException': 18> (0x00000000ef86d440) thrown at [D:\re\puppet\workspace\8-2-build-windows-amd64-cygwin\jdk8u73\6086\hotspot\src\share\vm\interpreter\interpreterRuntime.cpp, line 366]
Event: 5.369 Thread 0x0000000056422000 Exception <a 'java/lang/ArrayIndexOutOfBoundsException': 145> (0x00000000ef86efc0) thrown at [D:\re\puppet\workspace\8-2-build-windows-amd64-cygwin\jdk8u73\6086\hotspot\src\share\vm\interpreter\interpreterRuntime.cpp, line 366]
Event: 5.370 Thread 0x0000000056422000 Exception <a 'java/lang/ArrayIndexOutOfBoundsException'> (0x00000000ef8702a8) thrown at [D:\re\puppet\workspace\8-2-build-windows-amd64-cygwin\jdk8u73\6086\hotspot\src\share\vm\runtime\sharedRuntime.cpp, line 605]

Events (10 events):
Event: 6.668 loading class java/util/zip/ZipOutputStream done
Event: 6.668 loading class java/util/jar/JarOutputStream done
Event: 6.668 loading class java/util/zip/Deflater
Event: 6.668 loading class java/util/zip/Deflater done
Event: 6.669 loading class java/util/zip/ZipOutputStream$XEntry
Event: 6.669 loading class java/util/zip/ZipOutputStream$XEntry done
Event: 6.669 loading class java/io/DataOutputStream
Event: 6.669 loading class java/io/DataOutput
Event: 6.669 loading class java/io/DataOutput done
Event: 6.669 loading class java/io/DataOutputStream done


Dynamic libraries:
0x000000013f9d0000 - 0x000000013fa07000 	C:\Program Files\Java\jdk1.8.0_73\bin\java.exe
0x0000000076d50000 - 0x0000000076efa000 	C:\Windows\SYSTEM32\ntdll.dll
0x0000000076c30000 - 0x0000000076d4f000 	C:\Windows\system32\kernel32.dll
0x000007fefcd00000 - 0x000007fefcd6b000 	C:\Windows\system32\KERNELBASE.dll
0x000007fefe720000 - 0x000007fefe7fb000 	C:\Windows\system32\ADVAPI32.dll
0x000007fefefc0000 - 0x000007feff05f000 	C:\Windows\system32\msvcrt.dll
0x000007fefeda0000 - 0x000007fefedbf000 	C:\Windows\SYSTEM32\sechost.dll
0x000007fefddf0000 - 0x000007fefdf1d000 	C:\Windows\system32\RPCRT4.dll
0x0000000076b30000 - 0x0000000076c2a000 	C:\Windows\system32\USER32.dll
0x000007fefef50000 - 0x000007fefefb7000 	C:\Windows\system32\GDI32.dll
0x000007fefed90000 - 0x000007fefed9e000 	C:\Windows\system32\LPK.dll
0x000007fefe810000 - 0x000007fefe8da000 	C:\Windows\system32\USP10.dll
0x000007fefb5d0000 - 0x000007fefb7c4000 	C:\Windows\WinSxS\amd64_microsoft.windows.common-controls_6595b64144ccf1df_6.0.7601.18837_none_fa3b1e3d17594757\COMCTL32.dll
0x000007fefe680000 - 0x000007fefe6f1000 	C:\Windows\system32\SHLWAPI.dll
0x000007fefebe0000 - 0x000007fefec0e000 	C:\Windows\system32\IMM32.DLL
0x000007fefee40000 - 0x000007fefef49000 	C:\Windows\system32\MSCTF.dll
0x0000000067190000 - 0x0000000067262000 	C:\Program Files\Java\jdk1.8.0_73\jre\bin\msvcr100.dll
0x000000006b080000 - 0x000000006b910000 	C:\Program Files\Java\jdk1.8.0_73\jre\bin\server\jvm.dll
0x000007fef9700000 - 0x000007fef9709000 	C:\Windows\system32\WSOCK32.dll
0x000007fefe4a0000 - 0x000007fefe4ed000 	C:\Windows\system32\WS2_32.dll
0x000007fefe800000 - 0x000007fefe808000 	C:\Windows\system32\NSI.dll
0x000007fefa280000 - 0x000007fefa2bb000 	C:\Windows\system32\WINMM.dll
0x000007fefbd90000 - 0x000007fefbd9c000 	C:\Windows\system32\VERSION.dll
0x0000000076f10000 - 0x0000000076f17000 	C:\Windows\system32\PSAPI.DLL
0x0000000072cc0000 - 0x0000000072ccf000 	C:\Program Files\Java\jdk1.8.0_73\jre\bin\verify.dll
0x000000006ebc0000 - 0x000000006ebe9000 	C:\Program Files\Java\jdk1.8.0_73\jre\bin\java.dll
0x000000006c2f0000 - 0x000000006c306000 	C:\Program Files\Java\jdk1.8.0_73\jre\bin\zip.dll
0x000007fefd060000 - 0x000007fefdde9000 	C:\Windows\system32\SHELL32.dll
0x000007fefdf20000 - 0x000007fefe123000 	C:\Windows\system32\ole32.dll
0x000007fefcc50000 - 0x000007fefcc5f000 	C:\Windows\system32\profapi.dll

VM Arguments:
jvm_args: -Djava.awt.headless=true -Xmx1024M -Dfile.encoding=GBK -Duser.country=CN -Duser.language=zh -Duser.variant 
java_command: com.android.dx.command.Main --dex --num-threads=4 --output G:\GIT\ZhuHuRiBao\app\build\intermediates\pre-dexed\debug\com.android.support-support-v4-23.4.0_fe9133fc8eba47c0dc97d0a64127b9b8da69e837.jar G:\GIT\ZhuHuRiBao\app\build\intermediates\exploded-aar\com.android.support\support-v4\23.4.0\jars\classes.jar
java_class_path (initial): D:\SDK\build-tools\23.0.3\lib\dx.jar
Launcher Type: SUN_STANDARD

Environment Variables:
JAVA_HOME=C:\Program Files\Java\jdk1.8.0_73
CLASSPATH=.;C:\Program Files\Java\jdk1.8.0_73\lib;C:\Program Files\Java\jdk1.8.0_73\lib\tools.jar
PATH=D:\MyPython\;D:\MyPython\Scripts;C:\ProgramData\Oracle\Java\javapath;C:\Windows\system32;C:\Windows;C:\Windows\System32\Wbem;C:\Windows\System32\WindowsPowerShell\v1.0\;C:\Program Files (x86)\Common Files\microsoft shared\TigerKin;C:\Program Files (x86)\NVIDIA Corporation\PhysX\Common;C:\Program Files (x86)\Common Files\microsoft shared\TigerKin;C:\Program Files\Java\jdk1.8.0_73\bin;C:\Program Files\Java\jdk1.8.0_73\jre\bin;C:\Users\admin\AppData\Local\Android\sdk\platform-tools
USERNAME=admin
OS=Windows_NT
PROCESSOR_IDENTIFIER=Intel64 Family 6 Model 60 Stepping 3, GenuineIntel



---------------  S Y S T E M  ---------------

OS: Windows 7 , 64 bit Build 7601 (6.1.7601.19160)

CPU:total 4 (4 cores per cpu, 1 threads per core) family 6 model 60 stepping 3, cmov, cx8, fxsr, mmx, sse, sse2, sse3, ssse3, sse4.1, sse4.2, popcnt, avx, avx2, aes, clmul, erms, rtm, lzcnt, tsc, tscinvbit, bmi1, bmi2

Memory: 4k page, physical 8353940k(2811940k free), swap 9400680k(6652k free)

vm_info: Java HotSpot(TM) 64-Bit Server VM (25.73-b02) for windows-amd64 JRE (1.8.0_73-b02), built on Jan 29 2016 17:38:49 by "java_re" with MS VC++ 10.0 (VS2010)

time: Wed Jul 20 23:31:23 2016
elapsed time: 6 seconds (0d 0h 0m 6s)

